0 0 0 0 0
5 0 0 0 0
10 0 0 0 0
15 0 0 0 0
20 0 0 0 0
25 0 0 0 0
30 0 0 0 0
35 0 0 0 0
40 0 0 0 0
45 0 0 0 0
50 0 0 0 0
55 0 0 0 0
60 0 0 0 0
65 0 0 0 0
70 0 0 0 0
75 0 0 0 0
80 0 0 0 0
85 0 0 0 0
90 0 0 0 0
95 0 0 0 0
100 0 0 0 0
105 0 0 0 0
110 0 0 0 0
115 0 0 0 0
120 0 0 0 0
125 0 0 0 0
130 0 0 0 0
135 0 0 0 0
140 0 0 0 0
145 0 0 0 0
150 0 0 0 0
155 0 0 0 0
160 0 0 0 0
165 0 0 0 0
170 0 0 0 0
175 0 0 0 0
180 0 0 0 0
185 0 0 0 0
190 0 0 0 0
195 0 0 0 0
200 0 0 0 0
205 0 0 0 0
210 0 0 0 0
215 0 0 0 0
220 0 0 0 0
225 0 0 0 0
230 0 0 0 0
235 0 0 0 0
240 0 0 0 0
245 0 0 0 0
250 0 0 0 0
255 0 0 0 0
260 0 0 0 0
265 0 0 0 0
270 0 0 0 0
275 0 0 0 0
280 0 0 0 0
285 0 0 0 0
290 0 0 0 0
295 0 0 0 0
300 0 0 0 0
305 0 0 0 0
310 0 0 576 0
315 0 0 858 0
320 0 0 859 0
325 0 0 859 0
330 0 0 859 0
335 0 0 859 0
340 0 0 859 0
345 0 0 859 0
350 0 0 859 0
355 0 0 859 0
360 0 0 859 0
365 0 0 859 0
370 0 0 859 0
375 0 0 859 0
380 0 0 859 0
385 0 0 859 0
390 0 0 859 0
395 0 0 859 0
400 0 0 859 0
405 0 0 859 0
410 0 0 859 0
415 0 0 859 0
420 0 0 859 0
425 0 0 859 0
430 0 0 859 0
435 0 0 859 0
440 0 0 859 0
445 0 0 859 0
450 0 0 859 0
455 0 0 859 0
460 0 0 859 0
465 0 0 859 0
470 0 0 859 0
475 0 0 859 0
480 0 871 859 0
485 0 4415 859 0
490 0 8780 859 0
495 0 12470 859 0
500 0 14360 859 0
505 0 16520 859 0
510 0 18140 859 0
515 0 21155 859 0
520 0 24845 859 0
525 0 28489 859 0
530 0 32944 859 0
535 0 36769 859 0
540 0 41539 859 0
545 0 45364 859 0
550 0 47299 859 0
555 0 48739 859 0
560 0 50179 859 0
565 0 51574 859 0
570 0 53869 859 0
575 0 57888 859 0
580 0 61346 859 0
585 0 64052 859 0
590 0 65678 859 0
595 0 67047 859 0
600 0 68316 859 0
605 0 70760 859 0
610 0 73581 859 0
615 0 76626 860 0
620 0 79601 861 0
625 0 81730 861 0
630 0 82876 861 0
635 0 84146 861 0
640 0 85340 861 0
645 0 86341 861 0
650 0 87613 861 0
655 0 88875 861 0
660 0 90009 861 0
665 0 91200 861 0
670 0 92873 861 0
675 822 95134 861 0
680 2236 97502 861 0
685 6029 100944 861 0
690 9384 103963 861 0
695 12900 107127 861 0
700 16347 110045 861 0
705 19399 113235 861 0
710 23088 116536 1241 0
715 25526 118593 1927 0
720 28650 121240 2820 0
725 29952 122657 3361 0
730 31260 124213 3852 0
735 32505 125589 4455 0
740 33699 126885 5123 0
745 34949 128223 5465 0
750 36254 129727 6063 0
755 38418 132084 7055 0
760 41825 135234 8505 0
765 45049 138340 10032 0
770 48393 141729 11294 0
775 50789 144453 12291 0
780 52289 145369 12918 0
785 53849 146462 13334 0
790 54845 147785 13641 0
795 57520 150346 14111 0
800 60750 153626 14429 0
805 63923 156352 14715 0
810 65200 156716 14907 0
815 66587 157143 15154 0
820 69546 157143 15805 0
825 72828 158266 16772 0
830 76396 160064 18347 0
835 79624 161043 19611 0
840 81241 160885 20094 0
845 82465 161194 20650 0
850 84014 161172 21165 0
855 85623 161341 21852 0
860 86791 161260 22378 0
865 88572 161731 23110 0
870 91805 162335 24468 0
875 94862 162996 25579 0
880 97972 162933 26905 0
885 99028 163045 27506 0
890 100364 163188 27984 0
895 101865 163327 28435 0
900 103426 163311 28893 0
905 105091 162859 29594 0
910 107093 162846 30760 0
915 110269 163354 32126 0
920 113114 162679 33523 0
925 116121 162506 34524 0
930 119347 162469 35729 0
935 122185 162226 36881 0
940 125297 161778 38170 0
945 127745 160982 39372 0
950 128971 160709 39654 0
955 130405 160881 40187 0
960 132064 160562 40698 0
965 133218 160933 41170 0
970 134207 160912 41548 0
975 135566 160988 42210 0
980 136773 160992 42753 0
985 138262 160896 43287 0
990 141342 160424 44588 0
995 144663 159824 46132 0
1000 147788 160265 47613 0
1005 141911 160200 48448 0
1010 135858 159996 49259 0
1015 135107 160048 49846 0
1020 135120 160226 50458 0
1025 135265 160287 51159 0
1030 135899 160417 52580 0
1035 138903 160004 54245 0
1040 142577 160112 55546 0
1045 144566 160081 56051 0
1050 139191 160270 56790 0
1055 135216 160598 57339 0
1060 135366 160540 57821 0
1065 135273 160400 58423 0
1070 136355 160523 59102 0
1075 135319 160761 59761 0
1080 135751 160664 60416 0
1085 135402 160494 60915 0
1090 135546 160657 61411 0
1095 135377 160759 61961 0
1100 135239 160799 62550 0
1105 135796 160711 63984 0
1110 139080 160799 65568 0
1115 136386 160965 67125 0
1120 140308 161718 68989 0
1125 139537 161727 69618 0
1130 136371 161634 71002 0
1135 140661 160793 72944 0
1140 135612 160315 74160 0
1145 136309 160377 74678 0
1150 135337 160429 75229 0
1155 135327 160442 75770 0
1160 135302 160605 76432 0
1165 135173 160558 76911 0
1170 135900 160325 77354 0
1175 135225 160367 78078 0
1180 136004 160612 79496 0
1185 138566 161372 81195 0
1190 142742 161576 82982 0
1195 135369 161206 83766 0
1200 137888 160703 85549 0
1205 140278 161083 86214 0
1210 135335 160853 86735 0
1215 135276 160839 87427 0
1220 135265 160817 88010 0
1225 135307 160890 88870 0
1230 135231 160789 89665 0
1235 137445 161062 91606 0
1240 136271 160881 92998 0
1245 135307 160808 94091 0
1250 135794 160644 95376 0
1255 135360 161005 95804 0
1260 135250 161193 96541 0
1265 135276 161303 97187 0
1270 137001 161485 99426 0
1275 137849 161593 101235 0
1280 135443 160825 102756 0
1285 135246 161065 103392 0
1290 135230 160734 104188 0
1295 135342 161160 104778 0
1300 135305 160919 105588 0
1305 135215 160756 106184 0
1310 135936 161119 107850 0
1315 135445 160266 109100 0
1320 138527 160398 110645 0
1325 138239 160743 112065 0
1330 135687 160141 113686 0
1335 137032 160065 114287 0
1340 135374 160269 115091 0
1345 135290 160464 115780 0
1350 135330 160125 116311 0
1355 135659 160002 117218 0
1360 137915 160867 119044 0
1365 142257 161188 121164 0
1370 135417 160976 122141 0
1375 137780 161257 123476 0
1380 135954 161479 125623 0
1385 139891 161627 127922 0
1390 144037 161517 129038 0
1395 142934 161316 129273 0
1400 144384 161216 129407 0
1405 135414 161336 129601 0
1410 135549 161435 129807 0
1415 135570 161430 129956 0
1420 135602 161218 130159 0
1425 135480 161243 130289 0
1430 136474 160674 131168 0
1435 140709 161194 131351 0
1440 135966 161202 131663 0
1445 135577 160952 131731 0
1450 135448 161072 131978 0
1455 135506 161047 132125 0
1460 135623 161051 132231 0
1465 135583 161061 132274 0
1470 136577 161652 132498 0
1475 139508 161842 132661 0
1480 141688 161749 132720 0
1485 135569 161633 133016 0
1490 135563 161900 133206 0
1495 135527 162465 133358 0
1500 135826 162676 133673 0
1505 135619 162570 133881 0
1510 136117 162616 133994 0
1515 135532 162698 134254 0
1520 135534 162468 134433 0
1525 135663 162343 134621 0
1530 135617 162410 134778 0
1535 136845 162834 135004 0
1540 140052 162751 135538 0
1545 144032 162497 135777 0
1550 148058 162029 135990 0
1555 152431 161745 136562 0
1560 136277 161356 137106 0
1565 140225 162525 137726 0
1570 144379 162870 137972 0
1575 148218 162579 138101 0
1580 146787 162482 138311 0
1585 139525 162671 138459 0
1590 135610 162785 138614 0
1595 135424 162660 138769 0
1600 136903 162998 138829 0
1605 135627 163155 138954 0
1610 135552 163351 139041 0
1615 136103 163051 139242 0
1620 135802 163415 139665 0
1625 139499 163066 140003 0
1630 139796 163097 140245 0
1635 136947 162691 140291 0
1640 135443 162726 140613 0
1645 135522 162761 140850 0
1650 135505 162517 140783 0
1655 135621 162041 140956 0
1660 136811 162166 141287 0
1665 141219 162348 141521 0
1670 135472 161765 141729 0
1675 137190 162355 142028 0
1680 138502 162276 142098 0
1685 135447 162121 142175 0
1690 135440 161986 142223 0
1695 135546 162080 142415 0
1700 137146 162334 142859 0
1705 137852 162575 143059 0
1710 135590 162479 143325 0
1715 135523 162114 143372 0
1720 135593 162094 143486 0
1725 135536 162602 143717 0
1730 135484 162808 144322 0
1735 137645 162614 144422 0
1740 140774 162904 144526 0
1745 142472 162944 144593 0
1750 135384 162693 144631 0
1755 135573 162739 144709 0
1760 136211 162349 145299 0
1765 138902 162639 145508 0
1770 142865 162404 145442 0
1775 136216 162249 145770 0
1780 140040 162096 146128 0
1785 137573 162096 146795 0
1790 137573 162096 147338 0
1795 137573 162096 147803 0
1800 137573 162096 148013 0
1805 137573 162096 148381 0
1810 137573 162096 148379 0
1815 137573 162096 148629 0
1820 137573 162096 148620 0
1825 137573 162096 148983 0
1830 137562 162096 149322 0
1835 137562 162096 149597 0
1840 137562 162096 149649 0
1845 137562 162096 149327 0
1850 137562 162096 149359 0
1855 137562 162096 149286 0
1860 137562 162096 149528 0
1865 137562 162096 149338 0
1870 137562 162096 149275 0
1875 137562 162096 149113 0
1880 137562 162096 149194 0
1885 137562 162096 148999 0
1890 137562 162096 148779 0
1895 137562 162096 148500 0
1900 137562 162096 148180 0
1905 137562 162096 147855 0
1910 137562 162096 147678 0
1915 137562 162096 147238 0
1920 137562 162096 147255 0
1925 137562 162096 147461 0
1930 137562 162096 146987 0
1935 137562 162096 146836 0
1940 137562 162096 146820 0
1945 137562 162096 146726 0
1950 137562 162096 146431 0
1955 137562 162096 146236 0
1960 137562 162096 146050 0
1965 137562 162096 146182 0
