Start 
gets:8839 sgets:953 puts:2760 flushes:0 evicts:0
=======APPLICATION OUTPUT==========
========== Container 4 Memory STATS ==============
cache 8019968
rss 6971392
rss_huge 0
mapped_file 7831552
writeback 0
pgpgin 79456
pgpgout 75796
pgfault 178089
pgmajfault 183
inactive_anon 77824
active_anon 6971392
inactive_file 3764224
active_file 4177920
unevictable 0
hierarchical_memory_limit 999997440
total_cache 8019968
total_rss 6971392
total_rss_huge 0
total_mapped_file 7831552
total_writeback 0
total_pgpgin 79456
total_pgpgout 75796
total_pgfault 178089
total_pgmajfault 183
total_inactive_anon 77824
total_active_anon 6971392
total_inactive_file 3764224
total_active_file 4177920
total_unevictable 0
======== END Container STATS ======
WARNING: Could not open /proc/sys/kernel/shmmax file!
It means that you probably ran Filebench not as a root. Filebench will not increase shared
region limits in this case, which can lead to the failures on certain workloads.
Filebench Version 1.4.9.1
 1873: 0.000: Allocated 170MB of shared memory
 1873: 0.099: Eventgen rate taken from variable
 1873: 0.099: Video Server Version 3.0 personality successfully loaded
 1873: 0.099: Creating/pre-allocating files and filesets
 1873: 1.048: Fileset passivevids: 10 files, 0 leafdirs, avg dir width = 20, avg dir depth = 0.8, 5699.813MB
 1873: 1.048: Re-using fileset passivevids.
 1873: 1.048: Creating fileset passivevids...
 1873: 1.048: Preallocated 6 of 10 of fileset passivevids in 1 seconds
 1873: 1.200: Fileset activevids: 5 files, 0 leafdirs, avg dir width = 4, avg dir depth = 1.2, 7474.542MB
 1873: 1.200: Re-using fileset activevids.
 1873: 1.200: Creating fileset activevids...
 1873: 1.657: Preallocated 5 of 5 of fileset activevids in 1 seconds
 1873: 1.657: waiting for fileset pre-allocation to finish
 1887: 143.931: Starting 1 vidreaders instances
 1887: 143.931: Starting 1 vidwriter instances
 1889: 143.951: Starting 1 vidwriter threads
 1888: 143.952: Starting 16 vidreaders threads
 1873: 144.953: Running...
 1873: 1946.418: Run took 1800 seconds...
 1873: 1947.756: Per-Operation Breakdown
vidreader            9101187ops     5051ops/s 1261.5mb/s      2.5ms/op     1466us/op-cpu [0ms - 20368ms]
replaceinterval      47ops        0ops/s   0.0mb/s  20000.2ms/op        0us/op-cpu [20000ms - 20003ms]
wrtclose             48ops        0ops/s   0.0mb/s      0.0ms/op      208us/op-cpu [0ms - 0ms]
newvid               48ops        0ops/s  15.2mb/s  17116.6ms/op   818542us/op-cpu [317ms - 63535ms]
wrtopen              48ops        0ops/s   0.0mb/s     20.9ms/op        0us/op-cpu [0ms - 536ms]
vidremover           48ops        0ops/s   0.0mb/s    331.5ms/op     5208us/op-cpu [0ms - 1500ms]
 1873: 1947.756: IO Summary: 9101379 ops, 5050.903 ops/s, (5051/0 r/w), 1276.8mb/s,    104us cpu/op,   2.6ms latency
 1873: 1947.756: Shutting down processes
========== Container 4 Memory STATS AT END ==============
cache 831332352
rss 933888
rss_huge 0
mapped_file 2109440
writeback 0
pgpgin 31581797
pgpgout 31438905
pgfault 18579101
pgmajfault 12096
inactive_anon 856064
active_anon 77824
inactive_file 225882112
active_file 605450240
unevictable 0
hierarchical_memory_limit 999997440
total_cache 831332352
total_rss 933888
total_rss_huge 0
total_mapped_file 2109440
total_writeback 0
total_pgpgin 31581797
total_pgpgout 31438905
total_pgfault 18579101
total_pgmajfault 12096
total_inactive_anon 856064
total_active_anon 77824
total_inactive_file 225882112
total_active_file 605450240
total_unevictable 0
======== END Container STATS ======
=======END==========
gets:6006190 sgets:3850236 puts:5836330 flushes:0 evicts:1650424
