0 1028 1297
5 1028 1297
10 1028 1297
15 1028 1297
20 1028 1297
25 1028 1297
30 1028 1297
35 1028 1297
40 1028 1297
45 1028 1297
50 1028 1297
55 1028 1297
60 1028 1297
65 1028 1297
70 1028 1297
75 1028 1297
80 1028 1297
85 1028 1297
90 1028 1297
95 1028 1297
100 1028 1297
105 1028 1297
110 1028 1297
115 1028 1297
120 1028 1297
125 1028 1297
130 1028 1297
135 1028 1297
140 1028 1297
145 1028 1297
150 1028 1297
155 1028 1297
160 1028 1297
165 1028 1297
170 1028 1297
175 1028 885
180 1809 1116
185 6977 1357
190 14589 1575
195 22431 1681
200 29977 1681
205 37328 1681
210 44684 1620
215 52474 1618
220 60057 1618
225 67967 1618
230 75701 1618
235 83333 1618
240 91050 1618
245 97370 1618
250 104459 1618
255 113635 1618
260 121686 1618
265 129566 1618
270 137855 1618
275 144866 1618
280 153037 1618
285 161038 1618
290 169239 1618
295 177854 1618
300 186495 1618
305 194891 1618
310 204455 1618
315 214756 1618
320 227791 1618
325 245186 1618
330 249934 47
335 249995 0
340 249946 52
345 249922 52
350 249783 58
355 249402 338
360 249619 338
365 249647 338
370 249596 356
375 246857 461
380 242361 2195
385 245297 4354
390 243373 6614
395 240388 8855
400 238880 11094
405 235572 13860
410 233363 16618
415 230744 19226
420 228273 21666
425 225442 24384
430 222852 26967
435 220335 29582
440 217374 32344
445 214148 35352
450 211547 38454
455 207914 41582
460 205085 44779
465 201005 48429
470 197220 51986
475 193419 55728
480 188927 59604
485 185329 63367
490 180270 67051
495 176314 70769
500 172071 74554
505 165921 78622
510 161208 82891
515 157364 86724
520 150164 90930
525 145641 95134
530 143158 99353
535 140353 103449
540 141954 107614
545 137769 112175
550 135215 114763
555 135271 114689
560 135796 114151
565 132910 116372
570 130737 119231
575 128194 121790
580 125738 123966
585 123882 126046
590 122688 127264
595 120679 128737
600 120216 129771
605 118399 131136
610 118050 131908
615 116514 133474
620 115697 134242
625 114680 135103
630 113398 136583
635 110861 138801
640 105959 142538
645 104022 145889
650 100693 149162
655 99211 150783
660 96891 152228
665 96381 153611
670 99537 150436
675 102961 147007
680 105901 144099
685 108024 141974
690 110200 139795
695 111737 138225
700 112944 137053
705 113701 136297
710 114034 135938
715 113884 136117
720 113456 136537
725 112841 137111
730 112203 137716
735 111627 138335
740 111081 138917
745 110525 139428
750 109913 140025
755 109450 140533
760 108910 141049
765 108505 141460
770 108111 141855
775 107675 142295
780 107251 142690
785 106908 143048
790 106534 143435
795 106216 143734
800 106037 143932
805 105720 144224
810 105305 144643
815 105149 144797
820 104930 145023
825 104757 145241
830 104610 145372
835 104466 145534
840 104182 145805
845 104007 145956
850 103867 146116
855 103694 146252
860 103617 146368
865 103517 146444
870 103433 146527
875 103313 146650
880 103291 146656
885 103314 146682
890 103258 146686
895 103014 146717
900 103025 146940
905 102760 147179
910 102439 147545
915 102057 147934
920 101628 148342
925 101131 148815
930 100512 149469
935 99849 150151
940 99148 150812
945 98406 151556
950 97634 152326
955 96779 153183
960 96034 153921
965 95059 154924
970 94116 155862
975 93042 156899
980 92037 157955
985 90893 159096
990 89548 160435
995 87450 162533
1000 85002 164958
1005 83054 166918
1010 80430 169514
1015 78075 171865
1020 76110 173872
1025 73941 176040
1030 71706 178271
1035 69458 180512
1040 67267 182742
1045 65273 184723
1050 63417 186572
1055 61560 188413
1060 59955 190041
1065 58147 191821
1070 56525 193434
1075 55016 194984
1080 53518 196481
1085 52167 197786
1090 50698 199290
1095 49340 200607
1100 48173 201792
1105 46961 202996
1110 45572 204420
1115 44308 205672
1120 43308 206687
1125 42201 207772
1130 41250 208727
1135 40214 209756
1140 39160 210812
1145 38257 211687
1150 37395 212586
1155 36524 213455
1160 35592 214398
1165 34694 215286
1170 33764 216232
1175 33034 216944
1180 32166 217780
1185 31391 218599
1190 30611 219366
1195 29857 220121
1200 29099 220862
1205 28467 221513
1210 27754 222231
1215 27070 222922
1220 26369 223571
1225 25750 224199
1230 25434 224011
