0 1952 839
5 1952 839
10 1952 839
15 1952 839
20 1952 839
25 1952 839
30 1952 839
35 1952 839
40 1952 839
45 1952 839
50 1952 839
55 1952 839
60 1952 839
65 1952 839
70 1952 839
75 1952 839
80 1952 839
85 1952 839
90 1952 839
95 1952 839
100 1952 839
105 1952 839
110 1952 839
115 1952 839
120 1952 839
125 1952 839
130 1952 839
135 1952 839
140 1952 839
145 1952 839
150 1952 839
155 1952 839
160 1952 839
165 1952 839
170 1952 839
175 1952 839
180 1952 839
185 1952 839
190 1952 839
195 1952 839
200 1952 839
205 1952 839
210 1952 839
215 1952 839
220 1952 839
225 2736 6189
230 3872 14582
235 7159 20490
240 10342 26176
245 13784 32909
250 17258 39308
255 20725 45726
260 24280 52350
265 27824 58969
270 31564 65969
275 34972 72328
280 38613 79155
285 41856 85273
290 45179 91655
295 48852 98665
300 52209 105065
305 55826 111935
310 59254 118506
315 62446 124647
320 65681 130971
325 68976 137404
330 72424 144135
335 75404 150124
340 78617 156443
345 81686 162644
350 82706 167272
355 84191 165750
360 85579 164413
365 85103 164848
370 84663 165320
375 84536 165407
380 85235 164463
385 86974 162423
390 84665 165166
395 82837 167110
400 80956 169023
405 79297 170481
410 77867 172078
415 77074 172915
420 76384 173591
425 75503 174314
430 74572 175370
435 74011 175977
440 73368 176574
445 72506 177438
450 71798 178175
455 71061 178937
460 70505 179440
465 70030 179918
470 69217 180578
475 68526 181074
480 68162 181794
485 67557 182404
490 66779 182903
495 66797 183150
500 66219 183746
505 65596 184316
510 65494 184370
515 65166 184834
520 64869 185114
525 64551 185399
530 63135 186803
535 64978 184916
540 66223 183743
545 67230 182735
550 67612 182321
555 67581 182411
560 67565 182403
565 67381 182573
570 67138 182783
575 66868 183099
580 66587 183379
585 66367 183601
590 66126 183828
595 65947 183991
600 65772 184182
605 65677 184266
610 65598 184354
615 65517 184447
620 65570 184393
625 65570 184399
630 65674 184313
635 65695 184254
640 65722 184247
645 65844 184143
650 65979 184006
655 66141 183831
660 66253 183734
665 66452 183508
670 66577 183360
675 66710 183283
680 66761 183232
685 66852 183099
690 66854 183137
695 66853 183122
700 66822 183142
705 66693 183257
710 66562 183384
715 66371 183575
720 66111 183859
725 65827 184157
730 65501 184452
735 65161 184778
740 64830 185162
745 64465 185488
750 64021 185944
755 63599 186344
760 63103 186857
765 62651 187343
770 62138 187805
775 61559 188409
780 60998 188962
785 60448 189547
790 59849 190118
795 59225 190751
800 58630 191370
805 58053 191927
810 57499 192478
815 56961 192979
820 56445 193550
825 55926 194074
830 55462 194530
835 55076 194893
840 54647 195337
845 54315 195662
850 53900 196057
855 53561 196412
860 53238 196721
865 52948 197033
870 52684 197284
875 52343 197652
880 52028 197925
885 51734 198208
890 51482 198489
895 51245 198733
900 51047 198930
905 50791 199200
910 50592 199383
915 50337 199627
920 50105 199838
925 49946 200015
930 49762 200186
935 49618 200376
940 49361 200633
945 49298 200700
950 49178 200767
955 49087 200890
960 48919 201060
965 48654 201066
970 48604 200863
