0 1928
5 1928
10 1928
15 1928
20 1928
25 1928
30 1928
35 1928
40 1928
45 1928
50 1928
55 1928
60 1928
65 1928
70 1928
75 1928
80 1928
85 1928
90 1928
95 1928
100 1928
105 1928
110 1928
115 1928
120 1928
125 1928
130 1928
135 1928
140 1928
145 1928
150 1928
155 1928
160 1928
165 1928
170 1928
175 1928
180 1928
185 1928
190 1928
195 1928
200 1928
205 1928
210 7531
215 17314
220 27742
225 38518
230 48286
235 58799
240 68637
245 79045
250 87784
255 98164
260 108081
265 117684
270 127370
275 137434
280 147375
285 156867
290 167924
295 177586
300 188001
305 197462
310 207097
315 217079
320 228012
325 238142
330 248418
335 249954
340 249997
345 249987
350 249971
355 249996
360 249999
365 249944
370 249982
375 249991
380 249976
385 249977
390 249974
395 249979
400 249970
405 249815
410 247031
415 249789
420 249996
425 249999
430 249946
435 249865
440 249952
445 249791
450 249976
455 249988
460 249994
465 249486
470 249957
475 249968
480 249977
485 249955
490 249949
495 250000
500 249780
505 249993
510 249946
515 249939
520 249817
525 249945
530 249937
535 249979
540 249967
545 249985
550 249928
555 249968
560 249942
565 249955
570 249964
575 249995
580 249979
585 249969
590 249939
595 249983
600 249979
605 249963
610 249942
615 249957
620 249956
625 249965
630 249966
635 249984
640 249957
645 249973
650 249940
655 249999
660 249976
665 250000
670 249947
675 249975
680 249999
685 249953
690 249962
695 249970
700 249939
705 249968
710 249947
715 249962
720 249942
725 249939
730 249998
735 249949
740 249954
745 249943
750 249940
755 249972
760 249951
765 249996
770 249962
775 249972
780 249940
785 249972
790 249942
795 249962
800 249992
805 249945
810 249964
815 249960
820 249967
825 249963
830 249994
835 249970
840 249956
845 249958
850 249988
855 249937
860 249956
865 249942
870 249966
875 249966
880 249955
885 249982
890 249977
895 249939
900 249941
905 249943
910 249972
915 249942
920 249983
