0 848
5 848
10 848
15 848
20 848
25 848
30 848
35 848
40 848
45 848
50 848
55 848
60 848
65 848
70 848
75 848
80 848
85 848
90 848
95 848
100 848
105 848
110 848
115 848
120 848
125 848
130 848
135 848
140 848
145 848
150 848
155 848
160 848
165 848
170 848
175 848
180 848
185 848
190 848
195 848
200 848
205 848
210 848
215 848
220 848
225 848
230 848
235 848
240 848
245 848
250 848
255 848
260 848
265 848
270 848
275 848
280 848
285 3516
290 9405
295 14468
300 20835
305 27401
310 33312
315 39593
320 45547
325 52091
330 57988
335 64550
340 72424
345 81247
350 88469
355 95033
360 100929
365 107024
370 112729
375 118616
380 125811
385 131673
390 138197
395 144069
400 149940
405 156472
410 162351
415 168869
420 175388
425 181264
430 187789
435 193647
440 200150
445 206644
450 212489
455 219002
460 225508
465 231346
470 237211
475 243056
480 249541
485 249946
490 249966
495 249996
500 249956
505 249942
510 249983
515 249983
520 249971
525 249968
530 249942
535 249984
540 249986
545 249995
550 249992
555 249978
560 249941
565 249944
570 249987
575 249985
580 249937
585 249308
590 247292
595 249880
600 249760
605 249999
610 249989
615 249708
620 249193
625 249194
630 249319
635 249734
640 249186
645 249451
650 249975
655 249207
660 249161
665 249146
670 249800
675 249270
680 249993
685 249968
690 249449
695 249661
700 249700
705 249942
710 249978
715 249860
720 249572
725 249978
730 249974
735 249968
740 249977
745 249480
750 249978
755 249968
760 250000
765 250000
770 249966
775 249976
780 249972
785 249885
790 249974
795 249959
800 249959
805 249958
810 249867
815 249958
820 249980
825 249975
830 249956
835 249952
840 249938
845 249996
850 249982
855 249966
860 249966
865 249998
870 249974
875 249968
880 249969
885 249952
890 249955
895 249951
900 249969
905 249976
910 249959
915 249980
920 249978
