Start 
gets:8611 sgets:0 puts:0 flushes:0 evicts:0
=======APPLICATION OUTPUT==========
========== Container 4 Memory STATS ==============
cache 7970816
rss 6602752
rss_huge 0
mapped_file 7729152
writeback 0
pgpgin 78968
pgpgout 75410
pgfault 179030
pgmajfault 184
inactive_anon 77824
active_anon 6602752
inactive_file 3846144
active_file 4046848
unevictable 0
hierarchical_memory_limit 999997440
total_cache 7970816
total_rss 6602752
total_rss_huge 0
total_mapped_file 7729152
total_writeback 0
total_pgpgin 78968
total_pgpgout 75410
total_pgfault 179030
total_pgmajfault 184
total_inactive_anon 77824
total_active_anon 6602752
total_inactive_file 3846144
total_active_file 4046848
total_unevictable 0
======== END Container STATS ======
WARNING: Could not open /proc/sys/kernel/shmmax file!
It means that you probably ran Filebench not as a root. Filebench will not increase shared
region limits in this case, which can lead to the failures on certain workloads.
Filebench Version 1.4.9.1
 1872: 0.000: Allocated 170MB of shared memory
 1872: 0.384: Eventgen rate taken from variable
 1872: 0.384: Video Server Version 3.0 personality successfully loaded
 1872: 0.384: Creating/pre-allocating files and filesets
 1872: 2.888: Fileset passivevids: 10 files, 0 leafdirs, avg dir width = 20, avg dir depth = 0.8, 5699.813MB
 1872: 2.888: Re-using fileset passivevids.
 1872: 2.888: Creating fileset passivevids...
 1872: 2.888: Preallocated 6 of 10 of fileset passivevids in 1 seconds
 1872: 3.101: Fileset activevids: 5 files, 0 leafdirs, avg dir width = 4, avg dir depth = 1.2, 7474.542MB
 1872: 3.101: Re-using fileset activevids.
 1872: 3.101: Creating fileset activevids...
 1872: 3.949: Preallocated 5 of 5 of fileset activevids in 1 seconds
 1872: 3.949: waiting for fileset pre-allocation to finish
 1886: 180.924: Starting 1 vidreaders instances
 1886: 182.588: Starting 1 vidwriter instances
 1888: 183.248: Starting 1 vidwriter threads
 1887: 184.888: Starting 16 vidreaders threads
 1872: 186.889: Running...
 1872: 1987.144: Run took 1800 seconds...
 1872: 1987.443: Per-Operation Breakdown
vidreader            8450375ops     4694ops/s 1172.3mb/s      2.8ms/op     1498us/op-cpu [0ms - 18573ms]
replaceinterval      48ops        0ops/s   0.0mb/s  20000.3ms/op        0us/op-cpu [20000ms - 20003ms]
wrtclose             49ops        0ops/s   0.0mb/s      0.0ms/op        0us/op-cpu [0ms - 0ms]
newvid               49ops        0ops/s  15.6mb/s  16472.8ms/op   988163us/op-cpu [105ms - 82245ms]
wrtopen              49ops        0ops/s   0.0mb/s      3.0ms/op      612us/op-cpu [0ms - 54ms]
vidremover           49ops        0ops/s   0.0mb/s    235.3ms/op     4490us/op-cpu [0ms - 1043ms]
 1872: 1987.443: IO Summary: 8450571 ops, 4693.847 ops/s, (4694/0 r/w), 1188.0mb/s,    107us cpu/op,   2.9ms latency
 1872: 1987.443: Shutting down processes
========== Container 4 Memory STATS AT END ==============
cache 833720320
rss 933888
rss_huge 0
mapped_file 2338816
writeback 0
pgpgin 30530636
pgpgout 30398914
pgfault 17324854
pgmajfault 18118
inactive_anon 860160
active_anon 69632
inactive_file 187842560
active_file 645877760
unevictable 0
hierarchical_memory_limit 999997440
total_cache 833720320
total_rss 933888
total_rss_huge 0
total_mapped_file 2338816
total_writeback 0
total_pgpgin 30530636
total_pgpgout 30398914
total_pgfault 17324854
total_pgmajfault 18118
total_inactive_anon 860160
total_active_anon 69632
total_inactive_file 187842560
total_active_file 645877760
total_unevictable 0
======== END Container STATS ======
=======END==========
gets:5708332 sgets:3160628 puts:5515455 flushes:0 evicts:2076672
