0 0 0 0 0
5 0 0 0 0
10 0 0 0 0
15 0 0 0 0
20 0 0 0 0
25 0 0 0 0
30 0 0 0 0
35 0 0 0 0
40 0 0 0 0
45 0 0 0 0
50 0 0 0 0
55 0 0 0 0
60 0 0 0 0
65 0 0 0 0
70 0 0 0 0
75 0 0 0 0
80 0 0 0 0
85 0 0 0 0
90 0 0 0 0
95 0 0 0 0
100 0 0 0 0
105 0 0 0 0
110 0 0 0 0
115 0 0 0 0
120 0 0 0 0
125 0 0 0 0
130 0 0 0 0
135 0 0 0 0
140 0 0 0 0
145 0 0 0 0
150 0 0 0 0
155 0 0 0 0
160 0 0 0 0
165 0 0 0 881
170 0 0 0 883
175 0 0 0 899
180 0 0 0 899
185 0 0 0 833
190 0 0 0 833
195 0 0 0 833
200 0 0 0 833
205 0 0 0 833
210 0 0 0 833
215 0 0 0 29355
220 0 0 0 29355
225 0 0 0 29355
230 0 0 0 29355
235 0 0 0 29488
240 0 0 0 37235
245 0 0 0 63785
250 0 0 0 183762
255 0 0 0 183699
260 0 0 0 183699
265 0 0 0 183699
270 0 0 0 183699
275 0 0 0 183683
280 0 0 0 305011
285 0 0 0 305218
290 0 0 0 305472
295 0 0 0 312830
300 0 0 0 312819
305 0 0 0 312870
310 0 0 0 331064
315 0 0 0 333408
320 0 0 0 333408
325 0 0 520 333408
330 0 0 869 333408
335 0 0 871 334096
340 0 0 871 352447
345 0 0 871 393867
350 0 0 871 407052
355 0 0 871 419136
360 0 0 871 432076
365 0 0 871 449887
370 0 0 871 533450
375 0 0 871 533985
380 0 0 871 534122
385 0 0 871 534671
390 0 0 871 538134
395 0 0 871 539761
400 0 0 871 540142
405 0 0 871 540142
410 0 0 871 540142
415 0 0 871 540142
420 0 0 871 571951
425 0 0 871 571834
430 0 0 871 571834
435 0 0 871 571834
440 0 0 871 571834
445 0 0 871 571834
450 0 0 871 589263
455 0 0 871 591243
460 0 0 871 591243
465 0 854 871 591243
470 0 856 871 591186
475 0 856 871 632961
480 0 856 871 616822
485 0 856 871 615982
490 0 856 871 618484
495 0 856 871 618484
500 0 856 871 618484
505 0 2762 871 618484
510 0 7162 871 618450
515 0 10592 871 685768
520 0 12209 871 659376
525 0 13973 871 656222
530 0 15590 871 656222
535 0 19167 871 656222
540 0 23406 871 656057
545 834 27072 871 656057
550 1877 28493 871 656057
555 5276 32756 871 657962
560 7548 35647 871 714690
565 9021 37362 871 701906
570 10751 39077 871 705775
575 12074 41037 871 705775
580 14914 44516 871 705775
585 18409 48632 871 705775
590 22108 52748 871 705771
595 25962 56570 871 700903
600 27129 57991 871 687784
605 28348 59804 871 671024
610 29563 61553 871 671024
615 31642 63934 871 671024
620 35496 67961 871 670933
625 39037 71027 871 672594
630 40560 72415 871 668841
635 41895 73415 871 663453
640 43323 74658 871 666513
645 44613 75981 871 660085
650 45909 77268 871 648398
655 47573 78581 871 655717
660 49180 79522 871 637213
665 50727 80538 871 642408
670 52073 81653 871 642197
675 53366 82557 871 633136
680 55019 83642 871 633136
685 57869 86310 871 633136
690 61443 89852 871 633136
695 65104 93286 871 624909
700 68883 96742 871 618704
705 71112 98863 871 612849
710 74512 102054 871 608203
715 75909 103973 871 604572
720 79415 107533 871 595555
725 83409 110674 871 588850
730 84950 112220 1248 580845
735 86388 113310 1706 576926
740 87582 114721 2231 578346
745 89020 116008 2569 576234
750 90396 117084 3053 574325
755 91913 118318 3692 570912
760 93125 119582 4201 566816
765 94694 121014 5019 562720
770 98131 124464 6449 554528
775 101877 127975 7801 546480
780 104366 129686 8655 537073
785 105678 130746 9220 525453
790 106949 132057 9738 523610
795 108525 133525 10435 523610
800 110148 135101 11452 523610
805 113592 138963 12830 519514
810 117345 142438 14101 511287
815 121139 145537 15427 503654
820 122310 146733 15972 497181
825 123883 147751 16216 497181
830 126113 150109 16585 493085
835 129819 153449 16714 484893
840 133370 155790 16714 476557
845 135652 155973 17124 475133
850 137019 155973 17428 468819
855 138494 156093 18025 470107
860 140217 156815 18517 466794
865 141940 157575 19272 466794
870 144022 159034 19942 462698
875 147969 161659 21575 454506
880 151566 161406 23195 446259
885 153847 161696 24144 441935
890 155164 161380 24700 430736
895 156583 161435 25216 415381
900 157948 161219 25776 415268
905 158966 161540 26269 415242
910 160647 161742 26761 415198
915 162734 161541 27799 415198
920 166884 162448 29504 415198
925 170576 162897 31293 415198
930 174366 162855 32743 416305
935 176743 162684 33404 411988
940 178162 162798 33930 407745
945 179789 162797 34523 407315
950 181616 163130 35421 403478
955 183037 163123 35998 401714
960 184856 163188 36659 401248
965 186880 163433 37391 395740
970 188306 163209 37924 395708
975 189878 163248 38637 390808
980 191396 163319 39467 384563
985 192761 163272 40155 376130
990 194131 163238 40856 385967
995 195283 163100 41265 375670
1000 196601 162832 41958 356252
1005 198427 162319 42818 354995
1010 201721 162448 44386 354995
1015 203687 162593 45816 354995
1020 204412 163054 46678 371770
1025 204412 162962 47226 370544
1030 201712 163043 47708 370197
1035 203311 163299 48275 370199
1040 204937 162897 49026 365881
1045 206739 162779 49589 366399
1050 208161 162607 50590 361925
1055 209663 162533 51267 362430
1060 211085 162783 51878 358868
1065 212675 162690 52660 357695
1070 213879 162774 53255 354992
1075 215642 162438 54037 351153
1080 217101 162089 54588 348585
1085 218566 161971 55239 347953
1090 219936 162135 55857 347724
1095 221656 162379 56467 342227
1100 223019 162632 57095 340984
1105 224567 162957 57676 339412
1110 225762 162589 58388 313939
1115 227323 162373 59104 313569
1120 217826 162235 59689 313569
1125 206464 161830 61147 313569
1130 197405 161931 62880 313569
1135 199960 162265 63734 313659
1140 202836 162601 65299 313830
1145 204873 162568 66784 313854
1150 207760 162470 68090 316188
1155 197330 162880 68883 316272
1160 198830 163027 69798 343159
1165 198645 162820 70458 337659
1170 198471 163342 71048 338011
1175 198845 162976 71979 349290
1180 200386 163006 72606 345104
1185 200848 163284 73246 335787
1190 199398 163191 73791 325948
1195 198738 163108 74420 325948
1200 196490 163007 75297 325809
1205 197353 163144 77559 325809
1210 197523 162343 79016 325774
1215 199251 162159 80368 341072
1220 197047 162163 80792 342115
1225 198046 162168 81482 333262
1230 198424 162122 82228 332734
1235 198456 161776 82828 316190
1240 197736 161977 83478 316190
1245 196332 162007 84038 316190
1250 196456 162469 85709 316190
1255 199009 162311 87870 316135
1260 200479 162433 88754 330943
1265 198470 162552 89597 330533
1270 196608 162565 90170 330533
1275 196372 162618 91165 330533
1280 197796 162741 93569 330448
1285 198746 162773 94424 326804
1290 198098 163085 95136 321015
1295 197759 162811 95834 314869
1300 196533 163072 96523 321494
1305 197121 162967 97354 304742
1310 196876 162983 98199 304742
1315 196307 163020 98897 304742
1320 196680 162819 100501 304525
1325 196725 163056 101501 320881
1330 196306 163043 102100 293877
1335 196687 163122 102909 293813
1340 196477 163068 103461 293250
1345 197584 162646 105403 293162
1350 201222 163540 107745 294974
1355 201960 163352 108493 297157
1360 197342 163673 109176 297157
1365 197420 163587 111186 297157
1370 199158 162601 113340 310321
1375 200472 162659 113893 304687
1380 197183 162412 114641 304420
1385 197870 162703 115373 302499
1390 196310 162788 116065 300611
1395 196889 162812 116841 297758
1400 197757 162435 117485 292702
1405 197524 162248 118167 275881
1410 196060 162438 118924 275880
1415 197233 162606 120689 301688
1420 196287 162393 121304 293593
1425 195764 162772 122108 274971
1430 196625 162507 122811 274971
1435 196304 162282 123696 274971
1440 195929 162104 124532 274775
1445 198025 162354 125524 298768
1450 198248 162355 125666 297860
1455 197845 162431 125844 289619
1460 197429 162474 125927 294324
1465 198447 162763 126215 293066
1470 198596 162954 126415 294740
1475 197045 163195 126669 289299
1480 197292 163305 126918 279739
1485 198694 163572 127180 291237
1490 198607 163427 127465 292782
1495 196291 163343 127631 294678
1500 196553 163394 127737 295782
1505 197299 163677 128015 292326
1510 197997 163702 128049 276806
1515 198876 163841 128203 263176
1520 196792 163534 128419 262652
1525 195939 163267 128619 262108
1530 197293 162806 129024 261871
1535 200494 163015 129688 261871
1540 202890 162785 130260 273299
1545 203600 162804 130412 275218
1550 195953 162632 130472 275218
1555 196381 162682 130949 294263
1560 196447 162440 130965 278207
1565 196342 162701 131176 272339
1570 196849 162584 131217 276787
1575 196901 162559 131358 278504
1580 197598 162322 131533 279069
1585 198460 162479 131726 279900
1590 196199 162527 131822 279900
1595 197615 163509 132236 279900
1600 196239 163507 132491 279900
1605 197848 163156 133016 280154
1610 199498 162637 133101 286889
1615 200626 162969 133154 286643
1620 197531 163083 133265 286318
1625 198285 162993 133484 286500
1630 196796 163260 133509 275134
1635 196883 162916 133736 258691
1640 196962 162898 134043 258618
1645 196853 163087 134204 258369
1650 197470 162719 134391 258279
1655 196477 162888 134639 259585
1660 197260 163207 134626 259219
1665 196774 163029 134811 258734
1670 197264 163287 134957 258608
1675 198620 162822 135507 258640
1680 198243 162680 135718 284622
1685 198325 162914 135635 281963
1690 199091 162838 135806 282650
1695 197505 162973 135901 283782
1700 196871 162976 135986 270858
1705 198310 163405 136158 255920
1710 196643 163269 136307 254852
1715 196445 163571 136447 254468
1720 197896 162981 136909 252431
1725 200014 162833 137246 283545
1730 196548 163164 137309 272851
1735 196961 163106 137438 254293
1740 196744 163136 137379 252125
1745 197325 163019 137631 252124
1750 198079 163070 138131 252051
1755 200766 162832 138581 253433
1760 204884 162635 138942 259854
1765 206415 162459 139209 261883
1770 198103 162520 139237 262156
1775 197064 163051 139658 286152
1780 197579 163151 139643 267570
1785 199687 163151 139798 258811
1790 198632 163151 140168 258811
1795 197730 163151 141263 258811
1800 197719 163151 141842 258672
1805 197719 163151 142131 281189
1810 197719 163151 142482 281189
1815 197719 163151 143022 279060
1820 197719 163151 143626 278417
1825 197719 163151 144507 278645
1830 197719 163151 144730 276925
1835 197719 163151 144808 277084
1840 197719 163151 144880 280090
1845 197719 163151 144961 277770
1850 197719 163151 144884 274923
1855 197719 163151 145005 275321
1860 197719 163151 145330 275761
1865 197719 163151 145758 276177
1870 197719 163151 146064 276384
1875 197719 163151 146616 277534
1880 197719 163151 146544 278522
1885 197719 163151 146635 278031
1890 197719 163151 146244 276569
1895 197719 163151 146083 278787
1900 197719 163151 146037 269379
1905 197719 163151 146041 271463
1910 197719 163151 145870 271414
1915 197719 163151 145902 271414
1920 197719 163151 145888 271281
1925 197719 163151 145482 271832
1930 197719 163151 145519 279569
1935 197719 163151 145522 279520
1940 197719 163151 145213 279520
1945 197719 163151 144904 279946
1950 197719 163151 144560 280362
1955 197719 163151 144653 273158
1960 197719 163151 144653 273169
1965 197719 163151 144653 278979
1970 197719 163151 144653 280425
1975 197719 163151 144653 280684
1980 197719 163151 144653 277919
1985 197719 163151 144653 278008
1990 197719 163151 144653 278149
1995 197719 163151 144653 278149
