Start 
gets:8840 sgets:954 puts:2743 flushes:0 evicts:0
=======APPLICATION OUTPUT==========
========== Container 3 Memory STATS ==============
cache 7974912
rss 6950912
rss_huge 0
mapped_file 7901184
writeback 0
pgpgin 78734
pgpgout 75090
pgfault 177488
pgmajfault 183
inactive_anon 69632
active_anon 6950912
inactive_file 3469312
active_file 4435968
unevictable 0
hierarchical_memory_limit 999997440
total_cache 7974912
total_rss 6950912
total_rss_huge 0
total_mapped_file 7901184
total_writeback 0
total_pgpgin 78734
total_pgpgout 75090
total_pgfault 177488
total_pgmajfault 183
total_inactive_anon 69632
total_active_anon 6950912
total_inactive_file 3469312
total_active_file 4435968
total_unevictable 0
======== END Container STATS ======
WARNING: Could not open /proc/sys/kernel/shmmax file!
It means that you probably ran Filebench not as a root. Filebench will not increase shared
region limits in this case, which can lead to the failures on certain workloads.
Filebench Version 1.4.9.1
 1872: 0.000: Allocated 170MB of shared memory
 1872: 0.036: Varmail Version 3.0 personality successfully loaded
 1872: 0.037: Creating/pre-allocating files and filesets
 1872: 0.574: Fileset bigfileset: 25000 files, 0 leafdirs, avg dir width = 50, avg dir depth = 2.6, 1556.241MB
 1872: 0.574: Re-using fileset bigfileset.
 1872: 0.574: Creating fileset bigfileset...
 1872: 171.363: Preallocated 23771 of 25000 of fileset bigfileset in 171 seconds
 1872: 171.363: waiting for fileset pre-allocation to finish
25646: 172.238: Starting 1 filereader instances
25646: 172.239: Starting 1 indexer instances
25648: 172.255: Starting 1 indexer threads
25647: 172.259: Starting 16 filereaderthread threads
 1872: 173.262: Running...
 1872: 1973.481: Run took 1800 seconds...
 1872: 1973.612: Per-Operation Breakdown
closefile4           11166ops        6ops/s   0.0mb/s      0.0ms/op       32us/op-cpu [0ms - 1ms]
readfile4            11174ops        6ops/s   0.4mb/s    186.4ms/op     2847us/op-cpu [0ms - 2188ms]
openfile4            11174ops        6ops/s   0.0mb/s      0.0ms/op      124us/op-cpu [0ms - 33ms]
closefile3           11174ops        6ops/s   0.0mb/s      0.0ms/op      113us/op-cpu [0ms - 182ms]
fsyncfile3           11177ops        6ops/s   0.0mb/s   1017.9ms/op     7335us/op-cpu [134ms - 5429ms]
appendfilerand3      11177ops        6ops/s   0.2mb/s      6.1ms/op      154us/op-cpu [0ms - 1371ms]
readfile3            11181ops        6ops/s   0.4mb/s    196.4ms/op     2745us/op-cpu [0ms - 2381ms]
openfile3            11181ops        6ops/s   0.0mb/s      0.1ms/op      114us/op-cpu [0ms - 518ms]
closefile2           11181ops        6ops/s   0.0mb/s      0.0ms/op      106us/op-cpu [0ms - 64ms]
fsyncfile2           11182ops        6ops/s   0.0mb/s    992.5ms/op     7305us/op-cpu [115ms - 6455ms]
appendfilerand2      11182ops        6ops/s   0.2mb/s     42.7ms/op      300us/op-cpu [0ms - 2381ms]
createfile2          11182ops        6ops/s   0.0mb/s      5.4ms/op       93us/op-cpu [0ms - 782ms]
deletefile1          11182ops        6ops/s   0.0mb/s     39.3ms/op      383us/op-cpu [0ms - 1336ms]
replaceinterval      701ops        0ops/s   0.0mb/s   1000.1ms/op       86us/op-cpu [1000ms - 1003ms]
indexclose5          702ops        0ops/s   0.0mb/s      0.0ms/op       43us/op-cpu [0ms - 0ms]
indexread5           702ops        0ops/s   0.0mb/s    305.9ms/op      157us/op-cpu [0ms - 2602ms]
indexopen5           702ops        0ops/s   0.0mb/s      0.0ms/op       14us/op-cpu [0ms - 0ms]
indexclose4          702ops        0ops/s   0.0mb/s      0.0ms/op        0us/op-cpu [0ms - 0ms]
indexread4           702ops        0ops/s   0.0mb/s    296.7ms/op      199us/op-cpu [0ms - 1317ms]
indexopen4           702ops        0ops/s   0.0mb/s      0.0ms/op       43us/op-cpu [0ms - 0ms]
indexclose3          702ops        0ops/s   0.0mb/s      0.0ms/op       43us/op-cpu [0ms - 0ms]
indexread3           702ops        0ops/s   0.0mb/s    312.2ms/op      228us/op-cpu [0ms - 1780ms]
indexopen3           702ops        0ops/s   0.0mb/s      0.0ms/op       28us/op-cpu [0ms - 0ms]
indexclose2          702ops        0ops/s   0.0mb/s      0.0ms/op       14us/op-cpu [0ms - 0ms]
indexread2           702ops        0ops/s   0.0mb/s    308.8ms/op      185us/op-cpu [0ms - 2064ms]
indexopen2           702ops        0ops/s   0.0mb/s      0.0ms/op       28us/op-cpu [0ms - 0ms]
indexclose1          702ops        0ops/s   0.0mb/s      0.0ms/op       14us/op-cpu [0ms - 0ms]
indexread1           702ops        0ops/s   0.0mb/s    267.9ms/op      142us/op-cpu [0ms - 1463ms]
indexopen1           702ops        0ops/s   0.0mb/s      0.0ms/op       28us/op-cpu [0ms - 1ms]
 1872: 1973.612: IO Summary: 155843 ops, 86.569 ops/s, (14/12 r/w),   1.3mb/s,    430us cpu/op, 598.2ms latency
 1872: 1973.612: Shutting down processes
========== Container 3 Memory STATS AT END ==============
cache 808587264
rss 6684672
rss_huge 0
mapped_file 7909376
writeback 0
pgpgin 1103889
pgpgout 922733
pgfault 623936
pgmajfault 298
inactive_anon 6680576
active_anon 73728
inactive_file 620552192
active_file 187961344
unevictable 0
hierarchical_memory_limit 999997440
total_cache 808587264
total_rss 6684672
total_rss_huge 0
total_mapped_file 7909376
total_writeback 0
total_pgpgin 1103889
total_pgpgout 922733
total_pgfault 623936
total_pgmajfault 298
total_inactive_anon 6680576
total_active_anon 73728
total_inactive_file 620552192
total_active_file 187961344
total_unevictable 0
======== END Container STATS ======
=======END==========
gets:363995 sgets:954 puts:253288 flushes:0 evicts:159793
