Start 
gets:11528 sgets:931 puts:2732 flushes:0 evicts:0
=======APPLICATION OUTPUT==========
========== Container 1 Memory STATS ==============
cache 8130560
rss 6918144
rss_huge 0
mapped_file 8024064
writeback 0
pgpgin 79743
pgpgout 76069
pgfault 178117
pgmajfault 185
inactive_anon 69632
active_anon 6918144
inactive_file 3522560
active_file 4538368
unevictable 0
hierarchical_memory_limit 999997440
total_cache 8130560
total_rss 6918144
total_rss_huge 0
total_mapped_file 8024064
total_writeback 0
total_pgpgin 79743
total_pgpgout 76069
total_pgfault 178117
total_pgmajfault 185
total_inactive_anon 69632
total_active_anon 6918144
total_inactive_file 3522560
total_active_file 4538368
total_unevictable 0
======== END Container STATS ======
WARNING: Could not open /proc/sys/kernel/shmmax file!
It means that you probably ran Filebench not as a root. Filebench will not increase shared
region limits in this case, which can lead to the failures on certain workloads.
Filebench Version 1.4.9.1
 1872: 0.000: Allocated 170MB of shared memory
 1872: 0.018: Web-server Version 3.0 personality successfully loaded
 1872: 0.018: Creating/pre-allocating files and filesets
 1872: 0.574: Fileset logfiles: 1 files, 0 leafdirs, avg dir width = 20, avg dir depth = 0.0, 0.008MB
 1872: 0.574: Re-using fileset logfiles.
 1872: 0.574: Creating fileset logfiles...
 1872: 1.772: Preallocated 1 of 1 of fileset logfiles in 2 seconds
 1872: 1.794: Fileset bigfileset: 25000 files, 0 leafdirs, avg dir width = 20, avg dir depth = 3.4, 1557.267MB
 1872: 1.794: Re-using fileset bigfileset.
 1872: 1.794: Creating fileset bigfileset...
 1872: 11.356: Preallocated 25000 of 25000 of fileset bigfileset in 10 seconds
 1872: 11.755: waiting for fileset pre-allocation to finish
26876: 11.787: Starting 1 filereader instances
26877: 11.800: Starting 8 filereaderthread threads
 1872: 12.811: Running...
 1872: 1813.032: Run took 1800 seconds...
 1872: 1814.197: Per-Operation Breakdown
appendlog            40505ops       22ops/s   0.2mb/s      3.0ms/op      416us/op-cpu [0ms - 1419ms]
closefile10          40497ops       22ops/s   0.0mb/s      0.0ms/op      266us/op-cpu [0ms - 4ms]
readfile10           40497ops       22ops/s   1.4mb/s     31.4ms/op      579us/op-cpu [0ms - 2430ms]
openfile10           40497ops       22ops/s   0.0mb/s      0.1ms/op      275us/op-cpu [0ms - 1148ms]
closefile9           40497ops       22ops/s   0.0mb/s      0.0ms/op      272us/op-cpu [0ms - 36ms]
readfile9            40498ops       22ops/s   1.4mb/s     31.0ms/op      576us/op-cpu [0ms - 2108ms]
openfile9            40498ops       22ops/s   0.0mb/s      0.1ms/op      272us/op-cpu [0ms - 740ms]
closefile8           40498ops       22ops/s   0.0mb/s      0.0ms/op      275us/op-cpu [0ms - 0ms]
readfile8            40498ops       22ops/s   1.4mb/s     31.2ms/op      586us/op-cpu [0ms - 2435ms]
openfile8            40499ops       22ops/s   0.0mb/s      0.1ms/op      262us/op-cpu [0ms - 1153ms]
closefile7           40499ops       22ops/s   0.0mb/s      0.0ms/op      270us/op-cpu [0ms - 1ms]
readfile7            40499ops       22ops/s   1.4mb/s     31.5ms/op      568us/op-cpu [0ms - 2401ms]
openfile7            40499ops       22ops/s   0.0mb/s      0.1ms/op      271us/op-cpu [0ms - 1147ms]
closefile6           40500ops       22ops/s   0.0mb/s      0.0ms/op      271us/op-cpu [0ms - 3ms]
readfile6            40500ops       22ops/s   1.4mb/s     32.0ms/op      598us/op-cpu [0ms - 1854ms]
openfile6            40500ops       22ops/s   0.0mb/s      0.1ms/op      265us/op-cpu [0ms - 752ms]
closefile5           40500ops       22ops/s   0.0mb/s      0.0ms/op      279us/op-cpu [0ms - 6ms]
readfile5            40500ops       22ops/s   1.4mb/s     31.6ms/op      584us/op-cpu [0ms - 2231ms]
openfile5            40501ops       22ops/s   0.0mb/s      0.1ms/op      261us/op-cpu [0ms - 1152ms]
closefile4           40501ops       22ops/s   0.0mb/s      0.0ms/op      276us/op-cpu [0ms - 0ms]
readfile4            40501ops       22ops/s   1.4mb/s     32.1ms/op      591us/op-cpu [0ms - 2017ms]
openfile4            40501ops       22ops/s   0.0mb/s      0.1ms/op      269us/op-cpu [0ms - 725ms]
closefile3           40503ops       22ops/s   0.0mb/s      0.0ms/op      274us/op-cpu [0ms - 0ms]
readfile3            40503ops       22ops/s   1.4mb/s     31.6ms/op      589us/op-cpu [0ms - 2554ms]
openfile3            40503ops       22ops/s   0.0mb/s      0.1ms/op      283us/op-cpu [0ms - 721ms]
closefile2           40503ops       22ops/s   0.0mb/s      0.0ms/op      296us/op-cpu [0ms - 0ms]
readfile2            40504ops       22ops/s   1.4mb/s     31.6ms/op      584us/op-cpu [0ms - 2205ms]
openfile2            40504ops       22ops/s   0.0mb/s      0.1ms/op      267us/op-cpu [0ms - 727ms]
closefile1           40504ops       22ops/s   0.0mb/s      0.0ms/op      280us/op-cpu [0ms - 0ms]
readfile1            40504ops       22ops/s   1.4mb/s     32.6ms/op      574us/op-cpu [0ms - 2263ms]
openfile1            40505ops       22ops/s   0.0mb/s      0.1ms/op      261us/op-cpu [0ms - 513ms]
 1872: 1814.197: IO Summary: 1255518 ops, 697.390 ops/s, (225/22 r/w),  14.2mb/s,    234us cpu/op,  29.2ms latency
 1872: 1814.197: Shutting down processes
========== Container 1 Memory STATS AT END ==============
cache 907649024
rss 6160384
rss_huge 0
mapped_file 2183168
writeback 0
pgpgin 8843644
pgpgout 8622079
pgfault 2779879
pgmajfault 651
inactive_anon 6094848
active_anon 73728
inactive_file 454582272
active_file 453058560
unevictable 0
hierarchical_memory_limit 999997440
total_cache 907649024
total_rss 6160384
total_rss_huge 0
total_mapped_file 2183168
total_writeback 0
total_pgpgin 8843644
total_pgpgout 8622079
total_pgfault 2779879
total_pgmajfault 651
total_inactive_anon 6094848
total_active_anon 73728
total_inactive_file 454582272
total_active_file 453058560
total_unevictable 0
======== END Container STATS ======
=======END==========
gets:6163852 sgets:5536370 puts:5942183 flushes:0 evicts:209815
