Start 
gets:211119 sgets:0 puts:10588 flushes:0 evicts:0
=======APPLICATION OUTPUT==========
========== Container 4 Memory STATS ==============
cache 7987200
rss 6606848
rss_huge 0
mapped_file 7884800
writeback 0
pgpgin 78727
pgpgout 75164
pgfault 177173
pgmajfault 183
inactive_anon 77824
active_anon 6606848
inactive_file 3829760
active_file 4079616
unevictable 0
hierarchical_memory_limit 999997440
total_cache 7987200
total_rss 6606848
total_rss_huge 0
total_mapped_file 7884800
total_writeback 0
total_pgpgin 78727
total_pgpgout 75164
total_pgfault 177173
total_pgmajfault 183
total_inactive_anon 77824
total_active_anon 6606848
total_inactive_file 3829760
total_active_file 4079616
total_unevictable 0
======== END Container STATS ======
WARNING: Could not open /proc/sys/kernel/shmmax file!
It means that you probably ran Filebench not as a root. Filebench will not increase shared
region limits in this case, which can lead to the failures on certain workloads.
Filebench Version 1.4.9.1
 1872: 0.000: Allocated 170MB of shared memory
 1872: 0.014: Eventgen rate taken from variable
 1872: 0.014: Video Server Version 3.0 personality successfully loaded
 1872: 0.014: Creating/pre-allocating files and filesets
 1872: 0.057: Fileset passivevids: 10 files, 0 leafdirs, avg dir width = 20, avg dir depth = 0.8, 5699.813MB
 1872: 0.057: Re-using fileset passivevids.
 1872: 0.057: Creating fileset passivevids...
 1872: 0.057: Preallocated 6 of 10 of fileset passivevids in 1 seconds
 1872: 0.064: Fileset activevids: 5 files, 0 leafdirs, avg dir width = 4, avg dir depth = 1.2, 7474.542MB
 1872: 0.064: Re-using fileset activevids.
 1872: 0.064: Creating fileset activevids...
 1872: 0.091: Preallocated 5 of 5 of fileset activevids in 1 seconds
 1872: 0.091: waiting for fileset pre-allocation to finish
 1886: 0.189: Starting 1 vidreaders instances
 1886: 0.190: Starting 1 vidwriter instances
 1887: 0.198: Starting 16 vidreaders threads
 1888: 0.201: Starting 1 vidwriter threads
 1872: 1.201: Running...
 1872: 2502.819: Run took 2500 seconds...
 1872: 2514.546: Per-Operation Breakdown
vidreader            25322908ops    10078ops/s 2517.1mb/s      1.2ms/op     1762us/op-cpu [0ms - 73575ms]
replaceinterval      65ops        0ops/s   0.0mb/s  20010.3ms/op      308us/op-cpu [20000ms - 20223ms]
wrtclose             66ops        0ops/s   0.0mb/s      0.0ms/op        0us/op-cpu [0ms - 0ms]
newvid               66ops        0ops/s  15.1mb/s  17174.3ms/op   665152us/op-cpu [52ms - 152935ms]
wrtopen              66ops        0ops/s   0.0mb/s      1.1ms/op        0us/op-cpu [0ms - 69ms]
vidremover           66ops        0ops/s   0.0mb/s    172.9ms/op     5909us/op-cpu [0ms - 2041ms]
 1872: 2514.546: IO Summary: 25323172 ops, 10078.053 ops/s, (10078/0 r/w), 2532.2mb/s,    118us cpu/op,   1.2ms latency
 1872: 2514.546: Shutting down processes
========== Container 4 Memory STATS AT END ==============
cache 833314816
rss 249856
rss_huge 0
mapped_file 1024000
writeback 0
pgpgin 67154280
pgpgout 66969680
pgfault 50905293
pgmajfault 5752
inactive_anon 188416
active_anon 61440
inactive_file 301948928
active_file 531365888
unevictable 0
hierarchical_memory_limit 999997440
total_cache 833314816
total_rss 249856
total_rss_huge 0
total_mapped_file 1024000
total_writeback 0
total_pgpgin 67154280
total_pgpgout 66969680
total_pgfault 50905293
total_pgmajfault 5752
total_inactive_anon 188416
total_active_anon 61440
total_inactive_file 301948928
total_active_file 531365888
total_unevictable 0
======== END Container STATS ======
=======END==========
gets:6636655 sgets:1536573 puts:6498142 flushes:0 evicts:4550656
