0 0 0 0 0 0 0
5 0 0 0 0 0 0
10 0 0 0 0 0 0
15 0 0 0 0 0 0
20 0 0 0 0 0 0
25 0 0 0 0 0 0
30 0 0 0 0 0 0
35 0 0 0 0 0 0
40 0 0 0 0 0 0
45 0 0 0 0 0 0
50 0 0 0 0 0 0
55 0 0 0 0 0 0
60 0 0 0 0 0 0
65 0 0 0 0 0 0
70 0 0 0 0 0 0
75 0 0 0 0 0 0
80 0 0 0 0 0 0
85 0 0 0 0 0 0
90 0 0 0 0 0 0
95 0 0 0 0 0 0
100 0 0 0 0 0 0
105 0 0 0 0 0 0
110 0 0 0 0 0 0
115 0 0 0 0 0 0
120 0 0 0 0 0 0
125 0 0 0 0 0 0
130 0 0 0 0 0 0
135 0 0 0 0 0 0
140 0 0 0 0 0 0
145 0 0 0 0 0 0
150 0 0 0 0 0 0
155 0 0 0 0 0 0
160 0 0 0 0 0 0
165 0 0 0 0 0 0
170 0 0 0 0 0 0
175 0 0 0 0 0 0
180 0 0 0 0 0 0
185 0 0 0 0 0 0
190 0 0 0 0 0 0
195 0 0 0 0 0 0
200 0 0 0 0 0 0
205 0 0 0 0 0 0
210 0 0 0 0 0 0
215 0 0 0 0 0 0
220 0 0 0 0 0 0
225 0 0 0 0 0 0
230 0 0 0 0 0 0
235 0 0 0 0 0 0
240 0 0 0 0 0 0
245 0 0 0 0 0 0
250 0 0 0 0 0 0
255 0 0 0 0 0 0
260 0 0 0 0 0 0
265 0 0 0 0 0 0
270 0 0 0 0 0 0
275 0 0 0 0 0 0
280 0 0 0 0 0 0
285 0 0 0 0 0 0
290 0 0 0 0 0 0
295 0 0 0 0 0 0
300 0 0 0 0 0 0
305 0 0 0 0 0 0
310 0 0 0 0 0 0
315 0 0 0 0 0 0
320 0 0 0 0 0 0
325 0 0 0 0 0 0
330 0 0 0 0 0 0
335 0 0 0 0 0 0
340 0 0 0 0 0 0
345 0 0 0 0 0 0
350 0 0 0 0 0 0
355 0 0 0 0 0 0
360 0 0 0 0 0 0
365 0 0 0 0 0 0
370 0 0 0 0 0 0
375 0 0 0 0 0 0
380 0 0 0 0 0 0
385 0 0 0 0 0 0
390 0 0 0 0 0 0
395 0 0 0 0 0 0
400 0 0 0 0 0 0
405 0 0 0 0 0 0
410 0 0 0 0 0 0
415 0 0 0 0 0 0
420 0 0 0 0 0 0
425 0 0 0 0 0 0
430 0 0 0 0 0 0
435 0 0 0 0 0 0
440 0 0 0 0 0 0
445 0 0 0 0 0 0
450 0 0 0 0 0 0
455 0 0 0 0 0 0
460 0 0 0 0 0 0
465 0 0 0 0 0 0
470 0 0 0 0 0 0
475 0 0 0 0 0 0
480 0 0 0 0 0 0
485 0 0 0 0 0 0
490 0 0 0 0 0 0
495 0 0 0 0 0 0
500 0 0 0 0 0 0
505 0 0 0 0 0 0
510 0 0 0 0 0 0
515 0 0 0 0 0 0
520 0 0 0 0 0 0
525 0 0 0 0 0 0
530 0 0 0 0 0 0
535 0 0 0 0 0 0
540 0 0 0 0 0 0
545 0 0 0 0 0 0
550 0 0 0 0 0 0
555 0 0 0 0 0 0
560 0 0 0 0 0 0
565 0 0 0 0 0 0
570 0 0 0 0 0 0
575 0 0 0 0 0 0
580 0 0 0 0 0 0
585 0 0 0 0 0 0
590 0 0 0 0 0 0
595 0 0 0 0 0 0
600 0 0 0 0 0 0
605 0 0 0 0 0 0
610 0 0 0 0 0 0
615 0 0 0 0 0 0
620 0 0 0 0 0 0
625 0 0 0 0 0 0
630 0 0 0 0 0 0
635 0 0 0 0 0 0
640 0 0 0 0 0 0
645 0 0 0 0 0 0
650 0 0 0 0 0 0
655 0 0 0 0 0 0
660 0 0 0 0 0 0
665 0 0 0 0 0 0
670 0 0 0 0 0 0
675 0 0 0 0 0 0
680 0 0 0 887 887 0
685 0 0 0 887 887 0
690 0 0 0 887 887 0
695 0 0 0 821 821 0
700 0 0 0 821 821 0
705 0 0 0 821 821 0
710 0 0 0 837 837 0
715 0 0 0 837 837 0
720 0 0 0 44134 44134 0
725 0 0 0 71386 71386 0
730 0 0 0 72023 72023 0
735 0 0 0 72672 72672 0
740 0 0 0 91633 91633 0
745 0 0 0 145407 145407 0
750 0 0 0 209085 209085 0
755 0 0 0 206433 206433 0
760 0 0 0 210592 210592 0
765 0 0 0 210108 210118 0
770 0 0 0 206040 206040 0
775 0 0 0 206198 206198 0
780 0 0 0 209761 209761 0
785 0 0 0 207230 207230 0
790 0 0 0 207885 207885 0
795 0 0 0 207885 207885 0
800 0 0 0 208902 208902 0
805 0 0 0 208914 208914 0
810 0 0 0 209276 209276 0
815 0 0 0 207128 207128 0
820 0 0 0 207245 207245 0
825 0 0 0 207245 207245 0
830 0 0 0 207245 207245 0
835 0 0 0 207500 207500 0
840 0 0 0 205909 205909 0
845 0 0 0 207535 207535 0
850 0 0 0 207201 207201 0
855 0 0 0 209417 209417 0
860 0 0 0 208070 208070 0
865 0 0 0 210296 210296 0
870 0 0 0 212497 212497 0
875 0 0 0 209379 209379 0
880 0 0 0 208271 208271 0
885 0 0 0 208776 208776 0
890 0 0 0 209410 209410 0
895 0 0 0 209434 209434 0
900 0 0 0 209913 209913 0
905 0 0 0 217513 217513 0
910 0 0 0 216205 216205 0
915 0 0 0 208045 208045 0
920 0 0 0 208067 208067 0
925 0 0 0 208055 208055 0
930 0 0 0 208187 208187 0
935 0 0 0 208187 208187 0
940 0 0 0 208253 208253 0
945 0 0 0 206906 206906 0
950 0 0 0 223556 223556 0
955 0 0 0 207108 207108 0
960 0 0 0 207967 207967 0
965 0 0 0 207944 207944 0
970 0 0 0 209802 209802 0
975 0 0 0 209954 209954 0
980 0 0 0 210116 210116 0
985 0 0 0 210996 210996 0
990 0 0 0 211709 211709 0
995 0 0 0 209395 209395 0
1000 0 0 0 209596 209603 0
1005 0 0 0 210046 210046 0
1010 0 0 0 210632 210632 0
1015 0 0 0 212109 212109 0
1020 0 0 0 212323 212323 0
1025 0 0 0 215615 215615 0
1030 0 0 0 207847 207847 0
1035 0 0 0 209658 209658 0
1040 0 0 0 208720 208720 0
1045 0 0 0 209519 209519 0
1050 0 0 0 209519 209519 0
1055 0 0 0 209431 209431 0
1060 0 0 0 209431 209431 0
1065 0 0 0 211393 211393 0
1070 0 0 0 212182 212182 0
1075 0 0 0 212286 212286 0
1080 0 0 0 208535 208535 0
1085 0 0 0 208782 208782 0
1090 0 0 0 211224 211224 0
1095 0 0 0 207753 207753 0
1100 0 0 0 209802 209802 0
1105 0 0 0 209904 209904 0
1110 0 0 0 205838 205838 0
1115 0 0 0 207676 207676 0
1120 0 0 0 208151 208151 0
1125 0 0 0 209929 209929 0
1130 0 0 0 207022 207022 0
1135 0 0 0 207174 207174 0
1140 0 0 0 207200 207200 0
1145 0 0 0 208431 208431 0
1150 0 0 0 208736 208736 0
1155 0 0 0 209946 209946 0
1160 0 0 0 208102 208102 0
1165 0 0 0 211446 211446 0
1170 0 0 0 210895 210895 0
1175 0 0 0 207718 207718 0
1180 0 0 0 217790 217790 0
1185 0 0 0 226201 226201 0
1190 0 0 0 231252 231252 0
1195 0 0 0 233049 233067 0
1200 0 0 0 229588 229588 0
1205 0 0 0 207362 207362 0
1210 0 0 0 209496 209496 0
1215 0 0 0 209705 209705 0
1220 0 0 0 209705 209705 0
1225 0 0 0 209741 209741 0
1230 0 0 0 209777 209777 0
1235 0 0 0 210477 210477 0
1240 0 0 0 211239 211239 0
1245 0 0 0 207143 207143 0
1250 0 0 0 207143 207143 0
1255 0 0 0 207454 207454 0
1260 0 0 0 209447 209447 0
1265 0 0 0 209498 209498 0
1270 0 0 0 207458 207458 0
1275 0 0 0 207624 207624 0
1280 0 0 0 208123 208123 0
1285 0 0 0 209738 209738 0
1290 0 0 0 213332 213332 0
1295 0 0 0 210433 210433 0
1300 0 0 0 210509 210509 0
1305 0 0 0 210509 210509 0
1310 0 0 0 210783 210783 0
1315 0 0 0 211580 211580 0
1320 0 0 0 210931 210931 0
1325 0 0 0 206879 206879 0
1330 0 0 0 206900 206900 0
1335 0 0 0 206900 206900 0
1340 0 0 0 206900 206900 0
1345 0 0 0 207822 207822 0
1350 0 0 0 210221 210221 0
1355 0 0 0 211611 211611 0
1360 0 0 0 207539 207539 0
1365 0 0 0 211482 211482 0
1370 0 0 0 210689 210689 0
1375 0 0 0 211119 211119 0
1380 0 0 0 211536 211536 0
1385 0 0 0 207968 207968 0
1390 0 0 0 207980 207980 0
1395 0 0 0 208471 208471 0
1400 0 0 0 209864 209864 0
1405 0 0 0 211327 211327 0
1410 0 0 0 207263 207263 0
1415 0 0 0 207263 207263 0
1420 0 0 0 207263 207263 0
1425 0 0 0 207263 207263 0
1430 0 0 0 213048 213048 0
1435 0 0 0 213387 213387 0
1440 0 0 0 214432 214432 0
1445 0 0 0 214616 214616 0
1450 0 0 0 208323 208323 0
1455 0 0 0 209241 209241 0
1460 0 0 0 210866 210866 0
1465 0 0 0 211126 211126 0
1470 0 0 0 208339 208339 0
1475 0 0 0 208398 208398 0
1480 0 0 0 208609 208609 0
1485 0 0 0 208893 208893 0
1490 0 0 0 209631 209631 0
1495 0 0 0 209680 209680 0
1500 0 0 0 209728 209728 0
1505 0 0 0 210185 210185 0
1510 0 0 0 206156 206156 0
1515 0 0 0 206529 206529 0
1520 0 0 0 207909 207909 0
1525 0 0 0 207592 207592 0
1530 0 0 0 208650 208650 0
1535 0 0 0 208794 208794 0
1540 0 0 0 209871 209871 0
1545 0 0 0 207846 207846 0
1550 0 0 0 206520 206520 0
1555 0 0 0 206696 206696 0
1560 0 0 0 207576 207576 0
1565 0 0 0 210613 210613 0
1570 0 0 0 212232 212232 0
1575 0 0 0 212654 212654 0
1580 0 0 0 208654 208654 0
1585 0 0 0 208654 208654 0
1590 0 0 0 208116 208116 0
1595 0 0 0 210666 210666 0
1600 0 0 0 210665 210665 0
1605 0 0 0 210660 210660 0
1610 0 0 0 206761 206761 0
1615 0 0 0 206856 206856 0
1620 0 0 0 206951 206951 0
1625 0 0 0 206948 206948 0
1630 0 0 0 210067 210067 0
1635 0 0 0 211669 211669 0
1640 0 0 0 212838 212838 0
1645 0 0 0 209736 209736 0
1650 0 0 0 214375 214375 0
1655 0 0 0 224311 224311 0
1660 0 0 0 225515 225515 0
1665 0 0 0 225547 225547 0
1670 0 0 0 225812 225812 0
1675 0 0 0 209428 209428 0
1680 0 0 0 209817 209817 0
1685 0 0 0 205721 205721 0
1690 0 0 0 205771 205771 0
1695 0 0 0 213419 213419 0
1700 0 0 0 212571 212571 0
1705 0 0 0 209209 209209 0
1710 0 0 0 209209 209209 0
1715 0 0 0 209209 209209 0
1720 0 0 0 209209 209209 0
1725 0 0 0 209850 209850 0
1730 0 0 0 210423 210423 0
1735 0 0 0 212490 212490 0
1740 0 0 0 212759 212759 0
1745 0 0 0 214041 214041 0
1750 0 0 0 213491 213491 0
1755 0 0 0 209013 209013 0
1760 0 0 0 209802 209802 0
1765 0 0 0 209802 209802 0
1770 0 0 0 209802 209802 0
1775 0 0 0 209802 209802 0
1780 0 0 0 209802 209802 0
1785 0 0 0 220227 220227 0
1790 0 0 0 223254 223254 0
1795 0 0 0 223286 223286 0
1800 0 0 0 223318 223318 0
1805 0 0 0 223318 223318 0
1810 0 0 0 223414 223414 0
1815 0 0 0 240413 240413 0
1820 0 0 0 240676 240676 0
1825 0 0 0 241125 241125 0
1830 0 0 0 241351 241351 0
1835 0 0 0 242237 242237 0
1840 0 0 0 242691 242691 0
1845 0 0 0 243398 243398 0
1850 0 0 0 244009 244009 0
1855 0 0 0 244483 244483 0
1860 0 0 0 245120 245120 0
1865 0 0 0 245323 245323 0
1870 0 0 0 245323 245323 0
1875 0 0 0 245781 245781 0
1880 0 0 0 246249 246249 0
1885 0 0 0 246555 246555 0
1890 0 0 0 246927 246927 0
1895 0 0 0 247839 247839 0
1900 0 0 0 247839 247839 0
1905 0 0 0 247839 247839 0
1910 0 0 0 247839 247839 0
1915 0 0 0 247839 247839 0
1920 0 0 0 248699 248699 0
1925 0 0 0 249140 249140 0
1930 0 0 0 249842 249842 0
1935 0 0 0 250068 250068 0
1940 0 0 0 300543 300543 0
1945 0 0 0 308820 308820 0
1950 0 0 0 315546 315546 0
1955 0 0 0 317709 317709 0
1960 0 0 0 317709 317709 0
1965 0 0 0 318094 318094 0
1970 0 0 0 318457 318457 0
1975 0 0 0 318665 318665 0
1980 0 0 0 319337 319337 0
1985 0 0 0 319956 319956 0
1990 0 0 0 320421 320421 0
1995 0 0 0 320483 320483 0
2000 0 0 0 320483 320483 0
2005 0 0 0 320483 320483 0
2010 0 0 0 321480 321480 0
2015 0 0 0 345615 345615 0
2020 0 0 0 354129 354129 0
2025 0 0 0 354433 354433 0
2030 0 0 0 354433 354433 0
2035 0 0 0 354841 354841 0
2040 0 0 0 355271 355271 0
2045 0 0 0 355271 355271 0
2050 0 0 0 355271 355271 0
2055 0 0 0 355365 355365 0
2060 0 0 0 357741 357741 0
2065 0 0 0 357823 357823 0
2070 0 0 0 358611 358611 0
2075 0 0 0 358851 358851 0
2080 0 0 0 365322 365322 0
2085 0 0 0 362771 362771 0
2090 0 0 0 364552 364552 0
2095 0 0 0 365109 365109 0
2100 0 0 0 365507 365507 0
2105 0 0 0 361691 361691 0
2110 0 0 0 361691 361691 0
2115 0 0 0 361698 361698 0
2120 0 0 0 361703 361703 0
2125 0 0 0 361703 361703 0
2130 0 0 0 362329 362329 0
2135 0 0 0 369476 369476 0
2140 0 0 0 369087 369087 0
2145 0 0 0 368107 368107 0
2150 0 0 0 368107 368107 0
2155 0 0 0 368107 368107 0
2160 0 0 0 368107 368107 0
2165 0 0 0 364177 364177 0
2170 0 0 0 364449 364449 0
2175 0 0 0 365438 365438 0
2180 0 0 0 374500 374500 0
2185 0 0 0 372642 372642 0
2190 0 0 0 379096 379096 0
2195 0 0 0 379817 379817 0
2200 0 0 0 377201 377201 0
2205 0 0 0 377201 377201 0
2210 0 0 0 377201 377201 0
2215 0 0 0 377201 377201 0
2220 0 0 0 377201 377201 0
2225 0 0 0 378098 378098 0
2230 0 0 0 376785 376785 0
2235 0 0 0 372650 372650 0
2240 0 0 0 372650 372650 0
2245 0 0 0 372650 372650 0
2250 0 0 0 372650 372650 0
2255 0 0 0 372650 372650 0
2260 0 0 0 375803 375803 0
2265 0 0 0 375803 375803 0
2270 0 0 0 378545 378545 0
2275 0 0 0 374449 374449 0
2280 0 0 0 360095 360095 0
2285 0 0 0 360335 360335 0
2290 0 0 0 361233 361233 0
2295 0 0 0 361790 361790 0
2300 0 0 0 362180 362180 0
2305 0 0 0 362517 362517 0
2310 0 0 0 362517 362517 0
2315 0 0 0 359299 359299 0
2320 0 0 0 359616 359616 0
2325 0 0 0 359976 359976 0
2330 0 0 0 360240 360240 0
2335 0 0 0 360985 360985 0
2340 0 0 0 361130 361130 0
2345 0 0 0 361617 361617 0
2350 0 0 0 362016 362016 0
2355 0 0 0 362448 362448 0
2360 0 0 0 362649 362649 0
2365 0 0 0 362990 362990 0
2370 0 0 0 358894 358894 0
2375 0 0 0 358894 358894 0
2380 0 0 0 358894 358894 0
2385 0 0 0 359936 359936 0
2390 0 0 0 360231 360231 0
2395 0 0 0 361210 361210 0
2400 0 0 0 362470 362470 0
2405 0 0 0 362061 362061 0
2410 0 0 0 366813 366813 0
2415 0 0 0 367632 367632 0
2420 0 0 0 363568 363568 0
2425 0 0 0 363685 363685 0
2430 0 0 0 364405 364405 0
2435 0 0 0 364577 364577 0
2440 0 0 0 365381 365381 0
2445 0 0 0 366289 366289 0
2450 0 0 0 366902 366902 0
2455 0 0 0 367174 367174 0
2460 0 0 0 367174 367174 0
2465 0 0 0 367174 367174 0
2470 0 0 0 367534 367534 0
2475 0 0 0 375389 375389 0
2480 0 0 0 377646 377646 0
2485 0 0 0 377810 377810 0
2490 0 0 0 378152 378152 0
2495 0 0 0 378143 378143 0
