WARNING: Could not open /proc/sys/kernel/shmmax file!
It means that you probably ran Filebench not as a root. Filebench will not increase shared
region limits in this case, which can lead to the failures on certain workloads.
Filebench Version 1.4.9.1
 1865: 0.000: Allocated 170MB of shared memory
 1865: 0.011: Web-server Version 3.0 personality successfully loaded
 1865: 0.011: Creating/pre-allocating files and filesets
 1865: 0.027: Fileset logfiles: 1 files, 0 leafdirs, avg dir width = 20, avg dir depth = 0.0, 0.004MB
 1865: 0.097: Removed any existing fileset logfiles in 1 seconds
 1865: 0.097: making tree for filset /home/ubuntu/logfiles
 1865: 0.097: Creating fileset logfiles...
 1865: 0.097: Preallocated 1 of 1 of fileset logfiles in 1 seconds
 1865: 0.213: Fileset bigfileset: 100000 files, 0 leafdirs, avg dir width = 20, avg dir depth = 3.8, 3126.990MB
 1865: 0.213: Re-using fileset bigfileset.
 1865: 0.213: Creating fileset bigfileset...
 1865: 16.585: Preallocated 100000 of 100000 of fileset bigfileset in 17 seconds
 1865: 16.585: waiting for fileset pre-allocation to finish
 1870: 16.585: Starting 1 filereader instances
 1871: 16.586: Starting 2 filereaderthread threads
 1865: 17.587: Running...
 1865: 917.726: Run took 900 seconds...
 1865: 917.751: Per-Operation Breakdown
appendlog            11030ops       12ops/s   0.1mb/s      0.1ms/op       98us/op-cpu [0ms - 19ms]
closefile10          11028ops       12ops/s   0.0mb/s      0.0ms/op       51us/op-cpu [0ms - 0ms]
readfile10           11028ops       12ops/s   0.4mb/s     15.5ms/op      788us/op-cpu [0ms - 374ms]
openfile10           11028ops       12ops/s   0.0mb/s      0.0ms/op       81us/op-cpu [0ms - 79ms]
closefile9           11028ops       12ops/s   0.0mb/s      0.0ms/op       41us/op-cpu [0ms - 0ms]
readfile9            11028ops       12ops/s   0.4mb/s     16.1ms/op      827us/op-cpu [0ms - 426ms]
openfile9            11028ops       12ops/s   0.0mb/s      0.1ms/op       77us/op-cpu [0ms - 92ms]
closefile8           11028ops       12ops/s   0.0mb/s      0.0ms/op       53us/op-cpu [0ms - 0ms]
readfile8            11028ops       12ops/s   0.4mb/s     15.5ms/op      763us/op-cpu [0ms - 356ms]
openfile8            11028ops       12ops/s   0.0mb/s      0.0ms/op       63us/op-cpu [0ms - 124ms]
closefile7           11028ops       12ops/s   0.0mb/s      0.0ms/op       58us/op-cpu [0ms - 0ms]
readfile7            11028ops       12ops/s   0.4mb/s     15.9ms/op      763us/op-cpu [0ms - 453ms]
openfile7            11029ops       12ops/s   0.0mb/s      0.0ms/op       79us/op-cpu [0ms - 41ms]
closefile6           11029ops       12ops/s   0.0mb/s      0.0ms/op       60us/op-cpu [0ms - 0ms]
readfile6            11029ops       12ops/s   0.4mb/s     15.9ms/op      813us/op-cpu [0ms - 357ms]
openfile6            11029ops       12ops/s   0.0mb/s      0.1ms/op       77us/op-cpu [0ms - 167ms]
closefile5           11029ops       12ops/s   0.0mb/s      0.0ms/op       54us/op-cpu [0ms - 0ms]
readfile5            11029ops       12ops/s   0.4mb/s     16.1ms/op      765us/op-cpu [0ms - 327ms]
openfile5            11029ops       12ops/s   0.0mb/s      0.0ms/op       87us/op-cpu [0ms - 1ms]
closefile4           11029ops       12ops/s   0.0mb/s      0.0ms/op       45us/op-cpu [0ms - 0ms]
readfile4            11029ops       12ops/s   0.4mb/s     15.6ms/op      780us/op-cpu [0ms - 651ms]
openfile4            11029ops       12ops/s   0.0mb/s      0.1ms/op       73us/op-cpu [0ms - 117ms]
closefile3           11029ops       12ops/s   0.0mb/s      0.0ms/op       62us/op-cpu [0ms - 0ms]
readfile3            11029ops       12ops/s   0.4mb/s     15.5ms/op      762us/op-cpu [0ms - 606ms]
openfile3            11030ops       12ops/s   0.0mb/s      0.0ms/op       85us/op-cpu [0ms - 20ms]
closefile2           11030ops       12ops/s   0.0mb/s      0.0ms/op       44us/op-cpu [0ms - 0ms]
readfile2            11030ops       12ops/s   0.4mb/s     16.2ms/op      794us/op-cpu [0ms - 434ms]
openfile2            11030ops       12ops/s   0.0mb/s      0.0ms/op       81us/op-cpu [0ms - 149ms]
closefile1           11030ops       12ops/s   0.0mb/s      0.0ms/op       39us/op-cpu [0ms - 0ms]
readfile1            11030ops       12ops/s   0.4mb/s     16.0ms/op      754us/op-cpu [0ms - 349ms]
openfile1            11030ops       12ops/s   0.0mb/s      0.0ms/op       87us/op-cpu [0ms - 120ms]
 1865: 917.751: IO Summary: 341896 ops, 379.826 ops/s, (123/12 r/w),   3.9mb/s,    939us cpu/op,  14.5ms latency
 1865: 917.751: Shutting down processes
