0 0 0 0 0
5 0 0 0 0
10 0 0 0 215
15 0 0 0 615
20 0 0 0 898
25 0 0 0 1003
30 0 0 0 1038
35 0 0 0 1338
40 0 0 0 1222
45 0 0 0 1313
50 0 0 0 3590
55 0 0 0 3469
60 0 0 0 2685
65 0 0 0 3636
70 0 0 0 2592
75 0 0 0 2560
80 0 0 0 2435
85 0 0 0 3041
90 0 0 0 3475
95 0 0 0 3555
100 0 0 0 3415
105 0 0 0 3080
110 0 0 0 4097
115 0 0 0 4016
120 0 0 0 3695
125 0 0 0 3184
130 0 0 0 3721
135 0 0 0 3380
140 0 0 0 3092
145 0 0 0 2900
150 0 0 0 3339
155 0 0 0 4277
160 0 0 0 4304
165 0 0 0 4540
170 0 0 0 4122
175 0 0 0 5136
180 0 0 0 4753
185 0 0 0 4966
190 0 0 0 4936
195 0 0 0 4885
200 0 0 0 4532
205 0 0 0 4161
210 0 0 0 3827
215 0 0 0 3584
220 0 0 0 2885
225 0 0 0 1557
230 0 0 0 977
235 0 0 0 844
240 0 0 0 844
245 0 0 0 844
250 0 0 0 844
255 0 0 0 844
260 0 0 0 844
265 0 0 0 55761
270 0 0 0 74422
275 0 0 0 74201
280 0 0 0 79173
285 0 0 0 79173
290 0 0 0 82052
295 0 0 0 85474
300 0 0 0 87304
305 0 0 132 95753
310 0 0 704 95086
315 0 0 867 98434
320 0 0 867 112915
325 0 0 867 134728
330 0 0 867 158658
335 0 0 867 172217
340 0 0 867 207413
345 0 0 867 220155
350 0 0 867 230109
355 0 0 867 244045
360 0 0 867 249932
365 0 0 867 308312
370 0 0 867 308312
375 0 0 867 310309
380 0 0 867 310341
385 0 0 867 315203
390 0 0 867 315161
395 0 0 867 315161
400 0 0 867 315161
405 0 0 867 315216
410 0 0 867 316047
415 0 0 867 367420
420 0 0 867 367388
425 0 0 867 367388
430 0 0 867 367862
435 0 0 867 367768
440 0 0 867 367768
445 0 0 867 367768
450 0 0 867 386247
455 0 0 867 386292
460 0 0 867 386292
465 0 0 867 386292
470 0 0 867 386292
475 0 859 867 386292
480 0 2205 867 426866
485 0 3861 867 427098
490 0 5103 867 430207
495 0 6897 867 432520
500 0 8369 867 432520
505 0 9933 867 432520
510 0 14027 867 432520
515 0 17477 867 433302
520 0 19225 867 482580
525 0 20835 867 482548
530 0 22399 867 482548
535 0 25205 867 482548
540 0 29299 867 482548
545 0 33275 867 483964
550 0 37280 867 501181
555 0 42050 867 514832
560 0 46100 867 531146
565 0 49115 867 538938
570 0 50330 867 539407
575 0 52220 867 584580
580 0 53660 867 584642
585 0 55055 867 584642
590 0 58880 867 578923
595 0 63198 867 554649
600 0 66875 867 565285
605 0 69966 867 572399
610 0 72633 867 649009
615 0 73789 867 647617
620 0 74923 867 641281
625 0 76401 867 639041
630 0 78937 867 612378
635 0 82533 867 601512
640 0 84724 867 671470
645 0 85916 867 670537
650 0 87200 867 669317
655 0 88481 867 673293
660 0 89756 867 668294
665 863 91052 867 677581
670 2173 92366 867 681999
675 3703 93697 867 681751
680 5068 94820 867 682925
685 6713 96048 867 684100
690 8292 97283 867 687310
695 9654 98668 867 660694
700 11745 100589 867 626801
705 15535 104061 867 636459
710 18374 106280 867 644246
715 21824 109635 867 652570
720 25853 112578 867 686299
725 28399 114507 867 673494
730 30833 116671 867 673817
735 34051 120241 867 684561
740 37669 122809 867 714214
745 39592 124263 867 764891
750 41005 125405 867 758509
755 42355 126592 867 768521
760 44050 127783 1043 767663
765 45577 129185 1284 770399
770 46992 130705 1837 752511
775 48299 131935 2279 712025
780 51076 134996 3481 725901
785 54650 137916 4828 734099
790 57878 141113 6147 745644
795 61285 144188 7695 795164
800 62763 145718 8302 826768
805 64069 147196 8765 826320
810 65143 148507 9270 826777
815 66668 149868 9939 825679
820 68257 151104 10626 824847
825 69847 152473 11339 823636
830 72681 155454 12308 797343
835 76187 156706 12538 775671
840 79687 156958 12538 782720
845 81465 157634 12538 845500
850 82859 158328 12538 815559
855 85020 158316 12966 793449
860 88200 158465 13999 801313
865 91428 158583 15404 809506
870 94277 158568 16573 816357
875 96453 158552 17166 888843
880 97957 158278 17605 887096
885 99408 158225 18236 890404
890 100908 158178 18760 890047
895 102750 158426 19267 890116
900 104524 158065 19890 877240
905 105916 158008 20504 854192
910 107801 158197 21008 834391
915 110590 158884 22213 842757
920 112369 159399 23032 901420
925 113986 159706 23625 914271
930 115450 160239 24199 895318
935 117173 160331 24758 880490
940 118399 160615 25285 859145
945 120788 161322 26163 866412
950 123682 161855 27172 873226
955 126467 161817 28265 912794
960 127853 162036 28997 897214
965 129800 162063 29910 890862
970 132524 161612 31209 892291
975 135080 161861 32487 900332
980 138031 162168 33960 925179
985 139650 161609 34442 986286
990 140815 161635 35169 982972
995 142150 161607 35761 986716
1000 143602 161352 36594 973476
1005 144658 161491 37484 944032
1010 146553 161479 38405 924327
1015 146418 160264 40348 931759
1020 144669 159312 42471 944412
1025 138586 159422 44142 988484
1030 140419 159833 44869 1022219
1035 138468 159969 45382 1021849
1040 135471 160034 46024 1021496
1045 135504 160150 46640 1020783
1050 135645 160496 47312 1019901
1055 135507 160622 47962 1019741
1060 135571 161068 48666 1019485
1065 135567 161603 49434 1020741
1070 135502 161827 49922 1020631
1075 136787 161735 50720 1020907
1080 135655 161798 51385 1020724
1085 135606 161702 51853 1020245
1090 136411 161688 52415 1020055
1095 135529 161743 52878 1019511
1100 136014 161973 53494 1019054
1105 135583 162666 54059 1018627
1110 135563 162586 54812 1018436
1115 135456 162818 55426 1018021
1120 135629 162768 56006 1017758
1125 136803 163015 57679 1015567
1130 137696 162590 58591 1010535
1135 141469 162619 60211 992477
1140 144556 162079 61484 980825
1145 148340 161535 62398 982265
1150 146583 161678 62913 980042
1155 135615 161127 64034 966067
1160 138439 161132 66220 999849
1165 141241 161221 67251 1045535
1170 138114 160771 67960 1045215
1175 135641 160641 68661 1045061
1180 135509 160873 69502 1045352
1185 135544 161052 70311 1044981
1190 135510 161072 71107 1045057
1195 135610 161078 71726 1045449
1200 135615 160976 72394 1045322
1205 135611 160774 73011 1044425
1210 135549 160822 73635 1043967
1215 135554 160670 74155 1043519
1220 135697 160947 74913 1042272
1225 137000 160325 76238 1036665
1230 136763 160933 78069 1014989
1235 138071 161050 78783 1061114
1240 135510 161207 79273 1060927
1245 135583 161396 79854 1060468
1250 135560 161556 80430 1060039
1255 135489 161947 81089 1059327
1260 135519 161995 81732 1058718
1265 135616 161965 82408 1058238
1270 135583 161736 82892 1057636
1275 136433 162091 84224 1054183
1280 135573 162005 84850 1063017
1285 135697 161914 85314 1061723
1290 135494 161925 86050 1060459
1295 135527 161861 86609 1057353
1300 136900 161907 88345 1047457
1305 140191 161626 90200 1017895
1310 143148 162452 92037 1022344
1315 136586 161864 93774 1090118
1320 137011 161731 94368 1098413
1325 135577 161987 95082 1098062
1330 135462 161452 95822 1098076
1335 135462 161516 96713 1097537
1340 135714 161286 97344 1098031
1345 135635 161393 97918 1097665
1350 135665 161573 98764 1096887
1355 135517 161032 99610 1096227
1360 135540 160681 100357 1095182
1365 135629 161063 101131 1094395
1370 135969 161091 102289 1103839
1375 135676 161221 103121 1102487
1380 135481 161205 103870 1102147
1385 135575 160741 104470 1100882
1390 135628 160738 105066 1098472
1395 135646 160984 106108 1094381
1400 137041 161001 108181 1072225
1405 140973 161516 110309 1084357
1410 135613 161454 110826 1086141
1415 137549 161461 112533 1072666
1420 142077 162002 114292 1063629
1425 135647 162141 116383 1071136
1430 138622 162497 118661 1101311
1435 142061 162662 119627 1154546
1440 143590 162564 120027 1154517
1445 135759 163038 120693 1154322
1450 135821 162861 121158 1154033
1455 135827 163103 121722 1153837
1460 135689 162805 122558 1153580
1465 135664 162967 123412 1153324
1470 135713 162816 124117 1152922
1475 135754 162317 125247 1155654
1480 135733 162072 125911 1155411
1485 135686 161838 126705 1153768
1490 135615 161762 126872 1153135
1495 135753 161789 127001 1152551
1500 136385 161581 127314 1147687
1505 135760 161199 127492 1138770
1510 138453 161040 127880 1153866
1515 139708 161307 128058 1173338
1520 135912 161175 128261 1173047
1525 135670 161125 128450 1172865
1530 135663 160949 128520 1172665
1535 135714 161229 128625 1172605
1540 135770 161251 128802 1172575
1545 135635 161014 128962 1172808
1550 135735 161060 129067 1172803
1555 135645 160902 129081 1172992
1560 135841 161127 129347 1174812
1565 135743 161239 129458 1174558
1570 135709 161434 129517 1174023
1575 135629 161363 129531 1173605
1580 135662 161416 129541 1172873
1585 137094 162036 129975 1171742
1590 141059 162360 130214 1170808
1595 142137 162580 130268 1165513
1600 136740 162987 130624 1147077
1605 140666 162940 130857 1149345
1610 140895 163067 131319 1151543
1615 140051 162976 131588 1149687
1620 136781 162458 131941 1140541
1625 136415 162206 132184 1199343
1630 135844 162299 132349 1221406
1635 135682 162362 132574 1210910
1640 135664 162542 132712 1203715
1645 135782 162480 132816 1227617
1650 135773 162379 133135 1224000
1655 135842 162573 133187 1229569
1660 135700 162262 133384 1233330
1665 135683 162081 133457 1208164
1670 135778 162572 133596 1182806
1675 136719 161657 133956 1175815
1680 136319 161622 134309 1182475
1685 138134 162104 134848 1190198
1690 140448 162069 135303 1259087
1695 140144 162411 135466 1271215
1700 138932 162511 135607 1270879
1705 135732 162378 135673 1270749
1710 135801 162231 135772 1270456
1715 135838 162057 135711 1270279
1720 135744 162273 135879 1270110
1725 135613 162452 135999 1269990
1730 136902 162273 136351 1269318
1735 139786 162863 136669 1267508
1740 140036 163056 137194 1266484
1745 136520 162927 137519 1276765
1750 137300 163013 137552 1276487
1755 135843 162907 137575 1275430
1760 135821 162943 137614 1274398
1765 136264 162925 137734 1271300
1770 138977 162704 138217 1267817
1775 142904 162240 138159 1283136
1780 140155 162128 138230 1282405
1785 135586 162132 138374 1282925
1790 135800 162132 138590 1282577
1795 135007 162132 138656 1282776
1800 135007 162132 139090 1275904
1805 135007 162132 139860 1251078
1810 135007 162132 140236 1230775
1815 135007 162132 140601 1266393
1820 135007 162132 141033 1319291
1825 135007 162132 141279 1318786
1830 134996 162132 142490 1318181
1835 134996 162132 143259 1318181
1840 134996 162132 144302 1318181
1845 134996 162132 144613 1318181
1850 134996 162132 144973 1318181
1855 134996 162132 146033 1318181
1860 134996 162132 145763 1318181
1865 134996 162132 145862 1318181
1870 134996 162132 145729 1318181
1875 134996 162132 145287 1318181
1880 134996 162132 145208 1318181
1885 134996 162132 145077 1318181
1890 134996 162132 144965 1318181
1895 134996 162132 144448 1318181
1900 134996 162132 144315 1318181
1905 134996 162132 144108 1318181
1910 134996 162132 143555 1318181
1915 134996 162132 143032 1318181
1920 134996 162132 143315 1318181
1925 134996 162132 142744 1318181
1930 134996 162132 142777 1318181
1935 134996 162132 142523 1318181
1940 134996 162132 143047 1318181
1945 134996 162132 142866 1318181
1950 134996 162132 143161 1318181
1955 134996 162132 143473 1318181
1960 134996 162132 143224 1318181
1965 134996 162132 143261 1318181
1970 134996 162132 143261 1318181
