Start 
gets:8862 sgets:0 puts:0 flushes:0 evicts:0
=======APPLICATION OUTPUT==========
========== Container 3 Memory STATS ==============
cache 7806976
rss 6664192
rss_huge 0
mapped_file 7737344
writeback 0
pgpgin 77983
pgpgout 74450
pgfault 175929
pgmajfault 183
inactive_anon 69632
active_anon 6664192
inactive_file 3547136
active_file 4190208
unevictable 0
hierarchical_memory_limit 999997440
total_cache 7806976
total_rss 6664192
total_rss_huge 0
total_mapped_file 7737344
total_writeback 0
total_pgpgin 77983
total_pgpgout 74450
total_pgfault 175929
total_pgmajfault 183
total_inactive_anon 69632
total_active_anon 6664192
total_inactive_file 3547136
total_active_file 4190208
total_unevictable 0
======== END Container STATS ======
WARNING: Could not open /proc/sys/kernel/shmmax file!
It means that you probably ran Filebench not as a root. Filebench will not increase shared
region limits in this case, which can lead to the failures on certain workloads.
Filebench Version 1.4.9.1
 1860: 0.000: Allocated 170MB of shared memory
 1860: 0.057: Varmail Version 3.0 personality successfully loaded
 1860: 0.057: Creating/pre-allocating files and filesets
 1860: 0.447: Fileset bigfileset: 25000 files, 0 leafdirs, avg dir width = 50, avg dir depth = 2.6, 1556.241MB
 1860: 0.447: Re-using fileset bigfileset.
 1860: 0.448: Creating fileset bigfileset...
 1860: 179.180: Preallocated 23771 of 25000 of fileset bigfileset in 179 seconds
 1860: 179.180: waiting for fileset pre-allocation to finish
25634: 180.072: Starting 1 filereader instances
25634: 180.073: Starting 1 indexer instances
25636: 180.089: Starting 1 indexer threads
25635: 180.093: Starting 16 filereaderthread threads
 1860: 181.096: Running...
 1860: 1981.302: Run took 1800 seconds...
 1860: 1982.020: Per-Operation Breakdown
closefile4           11970ops        7ops/s   0.0mb/s      0.0ms/op       33us/op-cpu [0ms - 4ms]
readfile4            11970ops        7ops/s   0.4mb/s    157.0ms/op     2434us/op-cpu [0ms - 2594ms]
openfile4            11970ops        7ops/s   0.0mb/s      0.2ms/op       79us/op-cpu [0ms - 535ms]
closefile3           11970ops        7ops/s   0.0mb/s      0.0ms/op      121us/op-cpu [0ms - 62ms]
fsyncfile3           11970ops        7ops/s   0.0mb/s    967.3ms/op     7352us/op-cpu [122ms - 5306ms]
appendfilerand3      11978ops        7ops/s   0.2mb/s      7.8ms/op      151us/op-cpu [0ms - 1512ms]
readfile3            11978ops        7ops/s   0.4mb/s    159.2ms/op     2318us/op-cpu [0ms - 1416ms]
openfile3            11978ops        7ops/s   0.0mb/s      0.2ms/op       88us/op-cpu [0ms - 535ms]
closefile2           11978ops        7ops/s   0.0mb/s      0.0ms/op      113us/op-cpu [0ms - 3ms]
fsyncfile2           11978ops        7ops/s   0.0mb/s    945.9ms/op     7237us/op-cpu [115ms - 4082ms]
appendfilerand2      11986ops        7ops/s   0.2mb/s     34.7ms/op      310us/op-cpu [0ms - 2601ms]
createfile2          11986ops        7ops/s   0.0mb/s      5.5ms/op      132us/op-cpu [0ms - 1114ms]
deletefile1          11986ops        7ops/s   0.0mb/s     39.5ms/op      511us/op-cpu [0ms - 1561ms]
replaceinterval      759ops        0ops/s   0.0mb/s   1000.1ms/op       66us/op-cpu [1000ms - 1001ms]
indexclose5          759ops        0ops/s   0.0mb/s      0.0ms/op       13us/op-cpu [0ms - 0ms]
indexread5           759ops        0ops/s   0.0mb/s    271.2ms/op      132us/op-cpu [0ms - 1749ms]
indexopen5           759ops        0ops/s   0.0mb/s      0.0ms/op       26us/op-cpu [0ms - 0ms]
indexclose4          759ops        0ops/s   0.0mb/s      0.0ms/op       40us/op-cpu [0ms - 5ms]
indexread4           759ops        0ops/s   0.0mb/s    263.7ms/op      119us/op-cpu [0ms - 1334ms]
indexopen4           760ops        0ops/s   0.0mb/s      0.0ms/op        0us/op-cpu [0ms - 0ms]
indexclose3          760ops        0ops/s   0.0mb/s      0.0ms/op       39us/op-cpu [0ms - 0ms]
indexread3           760ops        0ops/s   0.0mb/s    248.2ms/op      211us/op-cpu [0ms - 1657ms]
indexopen3           760ops        0ops/s   0.0mb/s      0.7ms/op       66us/op-cpu [0ms - 539ms]
indexclose2          760ops        0ops/s   0.0mb/s      0.0ms/op       13us/op-cpu [0ms - 0ms]
indexread2           760ops        0ops/s   0.0mb/s    265.9ms/op      211us/op-cpu [0ms - 1468ms]
indexopen2           760ops        0ops/s   0.0mb/s      0.0ms/op       79us/op-cpu [0ms - 0ms]
indexclose1          760ops        0ops/s   0.0mb/s      0.0ms/op       13us/op-cpu [0ms - 0ms]
indexread1           760ops        0ops/s   0.0mb/s    252.3ms/op      171us/op-cpu [0ms - 1245ms]
indexopen1           760ops        0ops/s   0.0mb/s      0.0ms/op       26us/op-cpu [0ms - 0ms]
 1860: 1982.020: IO Summary: 167093 ops, 92.819 ops/s, (15/13 r/w),   1.4mb/s,    401us cpu/op, 555.7ms latency
 1860: 1982.020: Shutting down processes
========== Container 3 Memory STATS AT END ==============
cache 808599552
rss 6668288
rss_huge 0
mapped_file 7770112
writeback 0
pgpgin 1191549
pgpgout 1011927
pgfault 648063
pgmajfault 302
inactive_anon 6664192
active_anon 73728
inactive_file 634777600
active_file 173752320
unevictable 0
hierarchical_memory_limit 999997440
total_cache 808599552
total_rss 6668288
total_rss_huge 0
total_mapped_file 7770112
total_writeback 0
total_pgpgin 1191549
total_pgpgout 1011927
total_pgfault 648063
total_pgmajfault 302
total_inactive_anon 6664192
total_active_anon 73728
total_inactive_file 634777600
total_active_file 173752320
total_unevictable 0
======== END Container STATS ======
=======END==========
gets:395486 sgets:87678 puts:273758 flushes:0 evicts:0
