Start 
gets:23106 sgets:0 puts:0 flushes:0 evicts:0
=======APPLICATION OUTPUT==========
========== Container 1 Memory STATS ==============
cache 8122368
rss 9207808
rss_huge 2097152
mapped_file 7864320
writeback 0
pgpgin 79725
pgpgout 76005
pgfault 179343
pgmajfault 184
inactive_anon 69632
active_anon 9207808
inactive_file 3477504
active_file 4575232
unevictable 0
hierarchical_memory_limit 999997440
total_cache 8122368
total_rss 9207808
total_rss_huge 2097152
total_mapped_file 7864320
total_writeback 0
total_pgpgin 79725
total_pgpgout 76005
total_pgfault 179343
total_pgmajfault 184
total_inactive_anon 69632
total_active_anon 9207808
total_inactive_file 3477504
total_active_file 4575232
total_unevictable 0
======== END Container STATS ======
WARNING: Could not open /proc/sys/kernel/shmmax file!
It means that you probably ran Filebench not as a root. Filebench will not increase shared
region limits in this case, which can lead to the failures on certain workloads.
Filebench Version 1.4.9.1
 1879: 0.000: Allocated 170MB of shared memory
 1879: 0.005: Web-server Version 3.0 personality successfully loaded
 1879: 0.005: Creating/pre-allocating files and filesets
 1879: 0.019: Fileset logfiles: 1 files, 0 leafdirs, avg dir width = 20, avg dir depth = 0.0, 0.008MB
 1879: 0.019: Re-using fileset logfiles.
 1879: 0.019: Creating fileset logfiles...
 1879: 0.263: Preallocated 1 of 1 of fileset logfiles in 1 seconds
 1879: 0.282: Fileset bigfileset: 25000 files, 0 leafdirs, avg dir width = 20, avg dir depth = 3.4, 1557.267MB
 1879: 0.282: Re-using fileset bigfileset.
 1879: 0.283: Creating fileset bigfileset...
 1879: 2.347: Preallocated 25000 of 25000 of fileset bigfileset in 3 seconds
 1879: 2.347: waiting for fileset pre-allocation to finish
26883: 2.377: Starting 1 filereader instances
26884: 2.405: Starting 8 filereaderthread threads
 1879: 3.420: Running...
 1879: 2703.743: Run took 2700 seconds...
 1879: 2704.297: Per-Operation Breakdown
appendlog            13424ops        5ops/s   0.0mb/s      2.7ms/op       79us/op-cpu [0ms - 1356ms]
closefile10          13416ops        5ops/s   0.0mb/s      0.0ms/op       13us/op-cpu [0ms - 0ms]
readfile10           13417ops        5ops/s   0.3mb/s    157.0ms/op     2344us/op-cpu [0ms - 2548ms]
openfile10           13417ops        5ops/s   0.0mb/s      0.0ms/op       28us/op-cpu [0ms - 0ms]
closefile9           13417ops        5ops/s   0.0mb/s      0.0ms/op       19us/op-cpu [0ms - 0ms]
readfile9            13417ops        5ops/s   0.3mb/s    162.5ms/op     2351us/op-cpu [0ms - 2605ms]
openfile9            13417ops        5ops/s   0.0mb/s      0.0ms/op       28us/op-cpu [0ms - 0ms]
closefile8           13417ops        5ops/s   0.0mb/s      0.0ms/op       20us/op-cpu [0ms - 0ms]
readfile8            13417ops        5ops/s   0.3mb/s    161.5ms/op     2381us/op-cpu [0ms - 2832ms]
openfile8            13418ops        5ops/s   0.0mb/s      0.0ms/op       25us/op-cpu [0ms - 0ms]
closefile7           13418ops        5ops/s   0.0mb/s      0.0ms/op       18us/op-cpu [0ms - 0ms]
readfile7            13419ops        5ops/s   0.3mb/s    160.7ms/op     2371us/op-cpu [0ms - 3156ms]
openfile7            13419ops        5ops/s   0.0mb/s      0.0ms/op       28us/op-cpu [0ms - 0ms]
closefile6           13419ops        5ops/s   0.0mb/s      0.0ms/op       22us/op-cpu [0ms - 0ms]
readfile6            13419ops        5ops/s   0.3mb/s    160.0ms/op     2385us/op-cpu [0ms - 2490ms]
openfile6            13420ops        5ops/s   0.0mb/s      0.0ms/op       28us/op-cpu [0ms - 0ms]
closefile5           13420ops        5ops/s   0.0mb/s      0.0ms/op       22us/op-cpu [0ms - 0ms]
readfile5            13421ops        5ops/s   0.3mb/s    157.2ms/op     2355us/op-cpu [0ms - 3135ms]
openfile5            13421ops        5ops/s   0.0mb/s      0.0ms/op       31us/op-cpu [0ms - 0ms]
closefile4           13421ops        5ops/s   0.0mb/s      0.0ms/op       26us/op-cpu [0ms - 0ms]
readfile4            13421ops        5ops/s   0.3mb/s    159.3ms/op     2363us/op-cpu [0ms - 3137ms]
openfile4            13421ops        5ops/s   0.0mb/s      0.0ms/op       28us/op-cpu [0ms - 0ms]
closefile3           13421ops        5ops/s   0.0mb/s      0.0ms/op       22us/op-cpu [0ms - 0ms]
readfile3            13421ops        5ops/s   0.3mb/s    160.0ms/op     2355us/op-cpu [0ms - 3202ms]
openfile3            13421ops        5ops/s   0.0mb/s      0.0ms/op       23us/op-cpu [0ms - 0ms]
closefile2           13421ops        5ops/s   0.0mb/s      0.0ms/op       17us/op-cpu [0ms - 0ms]
readfile2            13422ops        5ops/s   0.3mb/s    158.2ms/op     2284us/op-cpu [0ms - 3185ms]
openfile2            13422ops        5ops/s   0.0mb/s      0.0ms/op       31us/op-cpu [0ms - 0ms]
closefile1           13422ops        5ops/s   0.0mb/s      0.0ms/op       16us/op-cpu [0ms - 0ms]
readfile1            13424ops        5ops/s   0.3mb/s    154.2ms/op     2355us/op-cpu [0ms - 2506ms]
openfile1            13423ops        5ops/s   0.0mb/s      0.0ms/op       37us/op-cpu [0ms - 0ms]
 1879: 2704.297: IO Summary: 416013 ops, 154.060 ops/s, (50/5 r/w),   3.1mb/s,    290us cpu/op, 144.8ms latency
 1879: 2704.297: Shutting down processes
========== Container 1 Memory STATS AT END ==============
cache 901296128
rss 8937472
rss_huge 2097152
mapped_file 7766016
writeback 0
pgpgin 3161913
pgpgout 2941221
pgfault 1050683
pgmajfault 313
inactive_anon 8904704
active_anon 102400
inactive_file 827183104
active_file 74043392
unevictable 0
hierarchical_memory_limit 999997440
total_cache 901296128
total_rss 8937472
total_rss_huge 2097152
total_mapped_file 7766016
total_writeback 0
total_pgpgin 3161913
total_pgpgout 2941221
total_pgfault 1050683
total_pgmajfault 313
total_inactive_anon 8904704
total_active_anon 102400
total_inactive_file 827183104
total_active_file 74043392
total_unevictable 0
======== END Container STATS ======
=======END==========
gets:2215710 sgets:0 puts:2006801 flushes:0 evicts:1851392
