This is pdfTeX, Version 3.1415926-2.5-1.40.14 (TeX Live 2013/Debian) (format=pdflatex 2017.9.5)  21 OCT 2017 16:29
entering extended mode
 restricted \write18 enabled.
 %&-line parsing enabled.
**a18-mishra.tex
(./a18-mishra.tex
LaTeX2e <2011/06/27>
Babel <3.9h> and hyphenation patterns for 78 languages loaded.
(./acmart.cls
Document Class: acmart 2017/03/30 v1.33 Typesetting articles for Association of
 Computing Machinery
(/usr/share/texlive/texmf-dist/tex/latex/xkeyval/xkeyval.sty
Package: xkeyval 2012/10/14 v2.6b package option processing (HA)

(/usr/share/texlive/texmf-dist/tex/generic/xkeyval/xkeyval.tex
\XKV@toks=\toks14
\XKV@tempa@toks=\toks15
\XKV@depth=\count79
File: xkeyval.tex 2012/10/14 v2.6b key=value parser (HA)

(/usr/share/texlive/texmf-dist/tex/generic/xkeyval/keyval.tex)))
Package acmart Info: Not using screen mode on input line 72.
Package acmart Info: Not using review mode on input line 80.
Package acmart Info: Not using authorversion mode on input line 88.
Package acmart Info: Explicitly selecting natbib mode on input line 96.
Package acmart Info: Not using anonymous mode on input line 104.
Package acmart Info: Not using timestamp mode on input line 112.
Package acmart Info: Not using timestamp mode on input line 122.
Class acmart Info: Using format sigplan, number 6 on input line 131.
Class acmart Info: Using fontsize 9pt on input line 189.

(/usr/share/texlive/texmf-dist/tex/latex/amscls/amsart.cls
Document Class: amsart 2009/07/02 v2.20.1
\linespacing=\dimen102
\normalparindent=\dimen103
\normaltopskip=\skip41
(/usr/share/texlive/texmf-dist/tex/latex/amsmath/amsmath.sty
Package: amsmath 2013/01/14 v2.14 AMS math features
\@mathmargin=\skip42

For additional information on amsmath, use the `?' option.
(/usr/share/texlive/texmf-dist/tex/latex/amsmath/amstext.sty
Package: amstext 2000/06/29 v2.01

(/usr/share/texlive/texmf-dist/tex/latex/amsmath/amsgen.sty
File: amsgen.sty 1999/11/30 v2.0
\@emptytoks=\toks16
\ex@=\dimen104
))
(/usr/share/texlive/texmf-dist/tex/latex/amsmath/amsbsy.sty
Package: amsbsy 1999/11/29 v1.2d
\pmbraise@=\dimen105
)
(/usr/share/texlive/texmf-dist/tex/latex/amsmath/amsopn.sty
Package: amsopn 1999/12/14 v2.01 operator names
)
\inf@bad=\count80
LaTeX Info: Redefining \frac on input line 210.
\uproot@=\count81
\leftroot@=\count82
LaTeX Info: Redefining \overline on input line 306.
\classnum@=\count83
\DOTSCASE@=\count84
LaTeX Info: Redefining \ldots on input line 378.
LaTeX Info: Redefining \dots on input line 381.
LaTeX Info: Redefining \cdots on input line 466.
\Mathstrutbox@=\box26
\strutbox@=\box27
\big@size=\dimen106
LaTeX Font Info:    Redeclaring font encoding OML on input line 566.
LaTeX Font Info:    Redeclaring font encoding OMS on input line 567.
\macc@depth=\count85
\c@MaxMatrixCols=\count86
\dotsspace@=\muskip10
\c@parentequation=\count87
\dspbrk@lvl=\count88
\tag@help=\toks17
\row@=\count89
\column@=\count90
\maxfields@=\count91
\andhelp@=\toks18
\eqnshift@=\dimen107
\alignsep@=\dimen108
\tagshift@=\dimen109
\tagwidth@=\dimen110
\totwidth@=\dimen111
\lineht@=\dimen112
\@envbody=\toks19
\multlinegap=\skip43
\multlinetaggap=\skip44
\mathdisplay@stack=\toks20
LaTeX Info: Redefining \[ on input line 2665.
LaTeX Info: Redefining \] on input line 2666.
)
LaTeX Font Info:    Try loading font information for U+msa on input line 388.

(/usr/share/texlive/texmf-dist/tex/latex/amsfonts/umsa.fd
File: umsa.fd 2013/01/14 v3.01 AMS symbols A
)
(/usr/share/texlive/texmf-dist/tex/latex/amsfonts/amsfonts.sty
Package: amsfonts 2013/01/14 v3.01 Basic AMSFonts support
\symAMSa=\mathgroup4
\symAMSb=\mathgroup5
LaTeX Font Info:    Overwriting math alphabet `\mathfrak' in version `bold'
(Font)                  U/euf/m/n --> U/euf/b/n on input line 106.
)
\copyins=\insert233
\abstractbox=\box28
\listisep=\skip45
\c@part=\count92
\c@section=\count93
\c@subsection=\count94
\c@subsubsection=\count95
\c@paragraph=\count96
\c@subparagraph=\count97
\c@figure=\count98
\c@table=\count99
\abovecaptionskip=\skip46
\belowcaptionskip=\skip47
\captionindent=\dimen113
\thm@style=\toks21
\thm@bodyfont=\toks22
\thm@headfont=\toks23
\thm@notefont=\toks24
\thm@headpunct=\toks25
\thm@preskip=\skip48
\thm@postskip=\skip49
\thm@headsep=\skip50
\dth@everypar=\toks26
)
(/usr/share/texlive/texmf-dist/tex/latex/microtype/microtype.sty
Package: microtype 2013/05/23 v2.5a Micro-typographical refinements (RS)
\MT@toks=\toks27
\MT@count=\count100
LaTeX Info: Redefining \textls on input line 766.
\MT@outer@kern=\dimen114
LaTeX Info: Redefining \textmicrotypecontext on input line 1285.
\MT@listname@count=\count101

(/usr/share/texlive/texmf-dist/tex/latex/microtype/microtype-pdftex.def
File: microtype-pdftex.def 2013/05/23 v2.5a Definitions specific to pdftex (RS)

LaTeX Info: Redefining \lsstyle on input line 915.
LaTeX Info: Redefining \lslig on input line 915.
\MT@outer@space=\skip51
)
Package microtype Info: Loading configuration file microtype.cfg.

(/usr/share/texlive/texmf-dist/tex/latex/microtype/microtype.cfg
File: microtype.cfg 2013/05/23 v2.5a microtype main configuration file (RS)
))
(/usr/share/texlive/texmf-dist/tex/latex/totpages/totpages.sty
Package: totpages 2005/09/19 v2.00 Totpages Package (muewi)

(/usr/share/texlive/texmf-dist/tex/latex/ms/everyshi.sty
Package: everyshi 2001/05/15 v3.00 EveryShipout Package (MS)
))
(/usr/share/texlive/texmf-dist/tex/latex/environ/environ.sty
Package: environ 2013/04/01 v0.3 A new environment syntax

(/usr/share/texlive/texmf-dist/tex/latex/trimspaces/trimspaces.sty
Package: trimspaces 2009/09/17 v1.1 Trim spaces around a token list
))
(/usr/share/texlive/texmf-dist/tex/latex/natbib/natbib.sty
Package: natbib 2010/09/13 8.31b (PWD, AO)
\bibhang=\skip52
\bibsep=\skip53
LaTeX Info: Redefining \cite on input line 694.
\c@NAT@ctr=\count102
)
(/usr/share/texlive/texmf-dist/tex/latex/hyperref/hyperref.sty
Package: hyperref 2012/11/06 v6.83m Hypertext links for LaTeX

(/usr/share/texlive/texmf-dist/tex/generic/oberdiek/hobsub-hyperref.sty
Package: hobsub-hyperref 2012/05/28 v1.13 Bundle oberdiek, subset hyperref (HO)


(/usr/share/texlive/texmf-dist/tex/generic/oberdiek/hobsub-generic.sty
Package: hobsub-generic 2012/05/28 v1.13 Bundle oberdiek, subset generic (HO)
Package: hobsub 2012/05/28 v1.13 Construct package bundles (HO)
Package: infwarerr 2010/04/08 v1.3 Providing info/warning/error messages (HO)
Package: ltxcmds 2011/11/09 v1.22 LaTeX kernel commands for general use (HO)
Package: ifluatex 2010/03/01 v1.3 Provides the ifluatex switch (HO)
Package ifluatex Info: LuaTeX not detected.
Package: ifvtex 2010/03/01 v1.5 Detect VTeX and its facilities (HO)
Package ifvtex Info: VTeX not detected.
Package: intcalc 2007/09/27 v1.1 Expandable calculations with integers (HO)
Package: ifpdf 2011/01/30 v2.3 Provides the ifpdf switch (HO)
Package ifpdf Info: pdfTeX in PDF mode is detected.
Package: etexcmds 2011/02/16 v1.5 Avoid name clashes with e-TeX commands (HO)
Package etexcmds Info: Could not find \expanded.
(etexcmds)             That can mean that you are not using pdfTeX 1.50 or
(etexcmds)             that some package has redefined \expanded.
(etexcmds)             In the latter case, load this package earlier.
Package: kvsetkeys 2012/04/25 v1.16 Key value parser (HO)
Package: kvdefinekeys 2011/04/07 v1.3 Define keys (HO)
Package: pdftexcmds 2011/11/29 v0.20 Utility functions of pdfTeX for LuaTeX (HO
)
Package pdftexcmds Info: LuaTeX not detected.
Package pdftexcmds Info: \pdf@primitive is available.
Package pdftexcmds Info: \pdf@ifprimitive is available.
Package pdftexcmds Info: \pdfdraftmode found.
Package: pdfescape 2011/11/25 v1.13 Implements pdfTeX's escape features (HO)
Package: bigintcalc 2012/04/08 v1.3 Expandable calculations on big integers (HO
)
Package: bitset 2011/01/30 v1.1 Handle bit-vector datatype (HO)
Package: uniquecounter 2011/01/30 v1.2 Provide unlimited unique counter (HO)
)
Package hobsub Info: Skipping package `hobsub' (already loaded).
Package: letltxmacro 2010/09/02 v1.4 Let assignment for LaTeX macros (HO)
Package: hopatch 2012/05/28 v1.2 Wrapper for package hooks (HO)
Package: xcolor-patch 2011/01/30 xcolor patch
Package: atveryend 2011/06/30 v1.8 Hooks at the very end of document (HO)
Package atveryend Info: \enddocument detected (standard20110627).
Package: atbegshi 2011/10/05 v1.16 At begin shipout hook (HO)
Package: refcount 2011/10/16 v3.4 Data extraction from label references (HO)
Package: hycolor 2011/01/30 v1.7 Color options for hyperref/bookmark (HO)
)
(/usr/share/texlive/texmf-dist/tex/generic/ifxetex/ifxetex.sty
Package: ifxetex 2010/09/12 v0.6 Provides ifxetex conditional
)
(/usr/share/texlive/texmf-dist/tex/latex/oberdiek/auxhook.sty
Package: auxhook 2011/03/04 v1.3 Hooks for auxiliary files (HO)
)
(/usr/share/texlive/texmf-dist/tex/latex/oberdiek/kvoptions.sty
Package: kvoptions 2011/06/30 v3.11 Key value format for package options (HO)
)
\@linkdim=\dimen115
\Hy@linkcounter=\count103
\Hy@pagecounter=\count104

(/usr/share/texlive/texmf-dist/tex/latex/hyperref/pd1enc.def
File: pd1enc.def 2012/11/06 v6.83m Hyperref: PDFDocEncoding definition (HO)
)
\Hy@SavedSpaceFactor=\count105

(/usr/share/texlive/texmf-dist/tex/latex/latexconfig/hyperref.cfg
File: hyperref.cfg 2002/06/06 v1.2 hyperref configuration of TeXLive
)
Package hyperref Info: Option `bookmarksnumbered' set `true' on input line 4319
.
Package hyperref Info: Option `unicode' set `true' on input line 4319.

(/usr/share/texlive/texmf-dist/tex/latex/hyperref/puenc.def
File: puenc.def 2012/11/06 v6.83m Hyperref: PDF Unicode definition (HO)
)
Package hyperref Info: Hyper figures OFF on input line 4443.
Package hyperref Info: Link nesting OFF on input line 4448.
Package hyperref Info: Hyper index ON on input line 4451.
Package hyperref Info: Plain pages OFF on input line 4458.
Package hyperref Info: Backreferencing OFF on input line 4463.
Package hyperref Info: Implicit mode ON; LaTeX internals redefined.
Package hyperref Info: Bookmarks ON on input line 4688.
\c@Hy@tempcnt=\count106

(/usr/share/texlive/texmf-dist/tex/latex/url/url.sty
\Urlmuskip=\muskip11
Package: url 2013/09/16  ver 3.4  Verb mode for urls, etc.
)
LaTeX Info: Redefining \url on input line 5041.
\XeTeXLinkMargin=\dimen116
\Fld@menulength=\count107
\Field@Width=\dimen117
\Fld@charsize=\dimen118
Package hyperref Info: Hyper figures OFF on input line 6295.
Package hyperref Info: Link nesting OFF on input line 6300.
Package hyperref Info: Hyper index ON on input line 6303.
Package hyperref Info: backreferencing OFF on input line 6310.
Package hyperref Info: Link coloring OFF on input line 6315.
Package hyperref Info: Link coloring with OCG OFF on input line 6320.
Package hyperref Info: PDF/A mode OFF on input line 6325.
LaTeX Info: Redefining \ref on input line 6365.
LaTeX Info: Redefining \pageref on input line 6369.
\Hy@abspage=\count108
\c@Item=\count109
\c@Hfootnote=\count110
)

Package hyperref Message: Driver (autodetected): hpdftex.

(/usr/share/texlive/texmf-dist/tex/latex/hyperref/hpdftex.def
File: hpdftex.def 2012/11/06 v6.83m Hyperref driver for pdfTeX
\Fld@listcount=\count111
\c@bookmark@seq@number=\count112

(/usr/share/texlive/texmf-dist/tex/latex/oberdiek/rerunfilecheck.sty
Package: rerunfilecheck 2011/04/15 v1.7 Rerun checks for auxiliary files (HO)
Package uniquecounter Info: New unique counter `rerunfilecheck' on input line 2
82.
)
\Hy@SectionHShift=\skip54
)
(/usr/share/texlive/texmf-dist/tex/latex/graphics/graphicx.sty
Package: graphicx 1999/02/16 v1.0f Enhanced LaTeX Graphics (DPC,SPQR)

(/usr/share/texlive/texmf-dist/tex/latex/graphics/graphics.sty
Package: graphics 2009/02/05 v1.0o Standard LaTeX Graphics (DPC,SPQR)

(/usr/share/texlive/texmf-dist/tex/latex/graphics/trig.sty
Package: trig 1999/03/16 v1.09 sin cos tan (DPC)
)
(/usr/share/texlive/texmf-dist/tex/latex/latexconfig/graphics.cfg
File: graphics.cfg 2010/04/23 v1.9 graphics configuration of TeX Live
)
Package graphics Info: Driver file: pdftex.def on input line 91.

(/usr/share/texlive/texmf-dist/tex/latex/pdftex-def/pdftex.def
File: pdftex.def 2011/05/27 v0.06d Graphics/color for pdfTeX
\Gread@gobject=\count113
))
\Gin@req@height=\dimen119
\Gin@req@width=\dimen120
)
(/usr/share/texmf/tex/latex/xcolor/xcolor.sty
Package: xcolor 2007/01/21 v2.11 LaTeX color extensions (UK)

(/usr/share/texlive/texmf-dist/tex/latex/latexconfig/color.cfg
File: color.cfg 2007/01/18 v1.5 color configuration of teTeX/TeXLive
)
Package xcolor Info: Driver file: pdftex.def on input line 225.
Package xcolor Info: Model `cmy' substituted by `cmy0' on input line 1337.
Package xcolor Info: Model `hsb' substituted by `rgb' on input line 1341.
Package xcolor Info: Model `RGB' extended on input line 1353.
Package xcolor Info: Model `HTML' substituted by `rgb' on input line 1355.
Package xcolor Info: Model `Hsb' substituted by `hsb' on input line 1356.
Package xcolor Info: Model `tHsb' substituted by `hsb' on input line 1357.
Package xcolor Info: Model `HSB' substituted by `hsb' on input line 1358.
Package xcolor Info: Model `Gray' substituted by `gray' on input line 1359.
Package xcolor Info: Model `wave' substituted by `hsb' on input line 1360.
)
(/usr/share/texlive/texmf-dist/tex/latex/geometry/geometry.sty
Package: geometry 2010/09/12 v5.6 Page Geometry
\Gm@cnth=\count114
\Gm@cntv=\count115
\c@Gm@tempcnt=\count116
\Gm@bindingoffset=\dimen121
\Gm@wd@mp=\dimen122
\Gm@odd@mp=\dimen123
\Gm@even@mp=\dimen124
\Gm@layoutwidth=\dimen125
\Gm@layoutheight=\dimen126
\Gm@layouthoffset=\dimen127
\Gm@layoutvoffset=\dimen128
\Gm@dimlist=\toks28
)
(/usr/share/texlive/texmf-dist/tex/latex/ncctools/manyfoot.sty
Package: manyfoot 2005/09/11 v1.10 Many Footnote Levels Package (NCC)

(/usr/share/texlive/texmf-dist/tex/latex/ncctools/nccfoots.sty
Package: nccfoots 2005/02/03 v1.2 NCC Footnotes Package (NCC)
)
\MFL@columnwidth=\dimen129
)
\footinscopyrightpermission=\insert232
\c@footnotecopyrightpermission=\count117

(/usr/share/texlive/texmf-dist/tex/generic/iftex/iftex.sty
Package: iftex 2013/04/04 v0.2 Provides if(tex) conditional for PDFTeX, XeTeX, 
and LuaTeX
)
(/usr/share/texlive/texmf-dist/tex/generic/pdftex/glyphtounicode.tex)
(/usr/share/texlive/texmf-dist/tex/latex/cmap/cmap.sty
Package: cmap 2008/03/06 v1.0h CMap support: searchable PDF
)
(/usr/share/texlive/texmf-dist/tex/latex/libertine/libertine.sty
Package: libertine 2014/02/11 (Bob Tennent) Supports Libertine and Biolinum fon
ts for all LaTeX engines.

(/usr/share/texlive/texmf-dist/tex/latex/base/textcomp.sty
Package: textcomp 2005/09/27 v1.99g Standard LaTeX package
Package textcomp Info: Sub-encoding information:
(textcomp)               5 = only ISO-Adobe without \textcurrency
(textcomp)               4 = 5 + \texteuro
(textcomp)               3 = 4 + \textohm
(textcomp)               2 = 3 + \textestimated + \textcurrency
(textcomp)               1 = TS1 - \textcircled - \t
(textcomp)               0 = TS1 (full)
(textcomp)             Font families with sub-encoding setting implement
(textcomp)             only a restricted character set as indicated.
(textcomp)             Family '?' is the default used for unknown fonts.
(textcomp)             See the documentation for details.
Package textcomp Info: Setting ? sub-encoding to TS1/1 on input line 71.

(/usr/share/texlive/texmf-dist/tex/latex/base/ts1enc.def
File: ts1enc.def 2001/06/05 v3.0e (jk/car/fm) Standard LaTeX file
)
LaTeX Info: Redefining \oldstylenums on input line 266.
Package textcomp Info: Setting cmr sub-encoding to TS1/0 on input line 281.
Package textcomp Info: Setting cmss sub-encoding to TS1/0 on input line 282.
Package textcomp Info: Setting cmtt sub-encoding to TS1/0 on input line 283.
Package textcomp Info: Setting cmvtt sub-encoding to TS1/0 on input line 284.
Package textcomp Info: Setting cmbr sub-encoding to TS1/0 on input line 285.
Package textcomp Info: Setting cmtl sub-encoding to TS1/0 on input line 286.
Package textcomp Info: Setting ccr sub-encoding to TS1/0 on input line 287.
Package textcomp Info: Setting ptm sub-encoding to TS1/4 on input line 288.
Package textcomp Info: Setting pcr sub-encoding to TS1/4 on input line 289.
Package textcomp Info: Setting phv sub-encoding to TS1/4 on input line 290.
Package textcomp Info: Setting ppl sub-encoding to TS1/3 on input line 291.
Package textcomp Info: Setting pag sub-encoding to TS1/4 on input line 292.
Package textcomp Info: Setting pbk sub-encoding to TS1/4 on input line 293.
Package textcomp Info: Setting pnc sub-encoding to TS1/4 on input line 294.
Package textcomp Info: Setting pzc sub-encoding to TS1/4 on input line 295.
Package textcomp Info: Setting bch sub-encoding to TS1/4 on input line 296.
Package textcomp Info: Setting put sub-encoding to TS1/5 on input line 297.
Package textcomp Info: Setting uag sub-encoding to TS1/5 on input line 298.
Package textcomp Info: Setting ugq sub-encoding to TS1/5 on input line 299.
Package textcomp Info: Setting ul8 sub-encoding to TS1/4 on input line 300.
Package textcomp Info: Setting ul9 sub-encoding to TS1/4 on input line 301.
Package textcomp Info: Setting augie sub-encoding to TS1/5 on input line 302.
Package textcomp Info: Setting dayrom sub-encoding to TS1/3 on input line 303.
Package textcomp Info: Setting dayroms sub-encoding to TS1/3 on input line 304.

Package textcomp Info: Setting pxr sub-encoding to TS1/0 on input line 305.
Package textcomp Info: Setting pxss sub-encoding to TS1/0 on input line 306.
Package textcomp Info: Setting pxtt sub-encoding to TS1/0 on input line 307.
Package textcomp Info: Setting txr sub-encoding to TS1/0 on input line 308.
Package textcomp Info: Setting txss sub-encoding to TS1/0 on input line 309.
Package textcomp Info: Setting txtt sub-encoding to TS1/0 on input line 310.
Package textcomp Info: Setting lmr sub-encoding to TS1/0 on input line 311.
Package textcomp Info: Setting lmdh sub-encoding to TS1/0 on input line 312.
Package textcomp Info: Setting lmss sub-encoding to TS1/0 on input line 313.
Package textcomp Info: Setting lmssq sub-encoding to TS1/0 on input line 314.
Package textcomp Info: Setting lmvtt sub-encoding to TS1/0 on input line 315.
Package textcomp Info: Setting qhv sub-encoding to TS1/0 on input line 316.
Package textcomp Info: Setting qag sub-encoding to TS1/0 on input line 317.
Package textcomp Info: Setting qbk sub-encoding to TS1/0 on input line 318.
Package textcomp Info: Setting qcr sub-encoding to TS1/0 on input line 319.
Package textcomp Info: Setting qcs sub-encoding to TS1/0 on input line 320.
Package textcomp Info: Setting qpl sub-encoding to TS1/0 on input line 321.
Package textcomp Info: Setting qtm sub-encoding to TS1/0 on input line 322.
Package textcomp Info: Setting qzc sub-encoding to TS1/0 on input line 323.
Package textcomp Info: Setting qhvc sub-encoding to TS1/0 on input line 324.
Package textcomp Info: Setting futs sub-encoding to TS1/4 on input line 325.
Package textcomp Info: Setting futx sub-encoding to TS1/4 on input line 326.
Package textcomp Info: Setting futj sub-encoding to TS1/4 on input line 327.
Package textcomp Info: Setting hlh sub-encoding to TS1/3 on input line 328.
Package textcomp Info: Setting hls sub-encoding to TS1/3 on input line 329.
Package textcomp Info: Setting hlst sub-encoding to TS1/3 on input line 330.
Package textcomp Info: Setting hlct sub-encoding to TS1/5 on input line 331.
Package textcomp Info: Setting hlx sub-encoding to TS1/5 on input line 332.
Package textcomp Info: Setting hlce sub-encoding to TS1/5 on input line 333.
Package textcomp Info: Setting hlcn sub-encoding to TS1/5 on input line 334.
Package textcomp Info: Setting hlcw sub-encoding to TS1/5 on input line 335.
Package textcomp Info: Setting hlcf sub-encoding to TS1/5 on input line 336.
Package textcomp Info: Setting pplx sub-encoding to TS1/3 on input line 337.
Package textcomp Info: Setting pplj sub-encoding to TS1/3 on input line 338.
Package textcomp Info: Setting ptmx sub-encoding to TS1/4 on input line 339.
Package textcomp Info: Setting ptmj sub-encoding to TS1/4 on input line 340.
)
(/usr/share/texlive/texmf-dist/tex/latex/mweights/mweights.sty
Package: mweights 2013/07/21 (Bob Tennent) Support package for multiple-weight 
font packages. 
LaTeX Info: Redefining \bfseries on input line 22.
LaTeX Info: Redefining \mdseries on input line 29.
LaTeX Info: Redefining \rmfamily on input line 36.
LaTeX Info: Redefining \sffamily on input line 53.
LaTeX Info: Redefining \ttfamily on input line 70.
)
(/usr/share/texlive/texmf-dist/tex/latex/base/fontenc.sty
Package: fontenc 2005/09/27 v1.99g Standard LaTeX package
)
(/usr/share/texlive/texmf-dist/tex/latex/fontaxes/fontaxes.sty
Package: fontaxes 2011/12/16 v1.0c Font selection axes
LaTeX Info: Redefining \upshape on input line 29.
LaTeX Info: Redefining \itshape on input line 31.
LaTeX Info: Redefining \slshape on input line 33.
LaTeX Info: Redefining \scshape on input line 37.
)
LaTeX Info: Redefining \oldstylenums on input line 477.

(/usr/share/texlive/texmf-dist/tex/latex/libertine/LinLibertine_I.tex))
(/usr/share/texlive/texmf-dist/tex/latex/inconsolata/zi4.sty
Package: zi4 2013/06/09 zi4a
\zifour@ocount=\count118
)
(/usr/share/texlive/texmf-dist/tex/latex/newtx/newtxmath.sty
Package: newtxmath 2014/02/12 v1.221

`newtxmath' v1.221, 2014/02/12 Math macros based on txfonts (msharpe)
(/usr/share/texlive/texmf-dist/tex/generic/kastrup/binhex.tex)
\tx@Isdigit=\count119
LaTeX Font Info:    Redeclaring symbol font `operators' on input line 91.
LaTeX Font Info:    Overwriting symbol font `operators' in version `normal'
(Font)                  OT1/cmr/m/n --> OT1/LinuxLibertineT-TLF/m/n on input li
ne 91.
LaTeX Font Info:    Overwriting symbol font `operators' in version `bold'
(Font)                  OT1/cmr/bx/n --> OT1/LinuxLibertineT-TLF/m/n on input l
ine 91.
LaTeX Font Info:    Overwriting symbol font `operators' in version `bold'
(Font)                  OT1/LinuxLibertineT-TLF/m/n --> OT1/LinuxLibertineT-TLF
/sb/n on input line 92.
LaTeX Font Info:    Redeclaring math alphabet \mathsf on input line 98.
LaTeX Font Info:    Overwriting math alphabet `\mathsf' in version `normal'
(Font)                  OT1/cmss/m/n --> OT1/LinuxBiolinumT-TLF/m/n on input li
ne 98.
LaTeX Font Info:    Overwriting math alphabet `\mathsf' in version `bold'
(Font)                  OT1/cmss/bx/n --> OT1/LinuxBiolinumT-TLF/m/n on input l
ine 98.
LaTeX Font Info:    Redeclaring math alphabet \mathit on input line 99.
LaTeX Font Info:    Overwriting math alphabet `\mathit' in version `normal'
(Font)                  OT1/cmr/m/it --> OT1/LinuxLibertineT-TLF/m/it on input 
line 99.
LaTeX Font Info:    Overwriting math alphabet `\mathit' in version `bold'
(Font)                  OT1/cmr/bx/it --> OT1/LinuxLibertineT-TLF/m/it on input
 line 99.
LaTeX Font Info:    Redeclaring math alphabet \mathtt on input line 100.
LaTeX Font Info:    Overwriting math alphabet `\mathtt' in version `normal'
(Font)                  OT1/cmtt/m/n --> OT1/zi4/m/n on input line 100.
LaTeX Font Info:    Overwriting math alphabet `\mathtt' in version `bold'
(Font)                  OT1/cmtt/m/n --> OT1/zi4/m/n on input line 100.
LaTeX Font Info:    Redeclaring math alphabet \mathbf on input line 102.
LaTeX Font Info:    Overwriting math alphabet `\mathbf' in version `normal'
(Font)                  OT1/cmr/bx/n --> OT1/LinuxLibertineT-TLF/sb/n on input 
line 102.
LaTeX Font Info:    Overwriting math alphabet `\mathbf' in version `bold'
(Font)                  OT1/cmr/bx/n --> OT1/LinuxLibertineT-TLF/sb/n on input 
line 102.
LaTeX Font Info:    Overwriting math alphabet `\mathit' in version `bold'
(Font)                  OT1/LinuxLibertineT-TLF/m/it --> OT1/LinuxLibertineT-TL
F/sb/it on input line 103.
LaTeX Font Info:    Overwriting math alphabet `\mathsf' in version `bold'
(Font)                  OT1/LinuxBiolinumT-TLF/m/n --> OT1/LinuxBiolinumT-TLF/b
/n on input line 104.
LaTeX Font Info:    Overwriting math alphabet `\mathtt' in version `bold'
(Font)                  OT1/zi4/m/n --> OT1/zi4/b/n on input line 105.
LaTeX Font Info:    Redeclaring symbol font `letters' on input line 111.
LaTeX Font Info:    Overwriting symbol font `letters' in version `normal'
(Font)                  OML/cmm/m/it --> OML/nxlmi/m/it on input line 111.
LaTeX Font Info:    Overwriting symbol font `letters' in version `bold'
(Font)                  OML/cmm/b/it --> OML/nxlmi/m/it on input line 111.
LaTeX Font Info:    Overwriting symbol font `letters' in version `bold'
(Font)                  OML/nxlmi/m/it --> OML/nxlmi/b/it on input line 112.
\symlettersA=\mathgroup6
LaTeX Font Info:    Overwriting symbol font `lettersA' in version `bold'
(Font)                  U/ntxmia/m/it --> U/ntxmia/b/it on input line 137.
LaTeX Font Info:    Redeclaring math alphabet \mathfrak on input line 139.
LaTeX Font Info:    Redeclaring symbol font `symbols' on input line 145.
LaTeX Font Info:    Overwriting symbol font `symbols' in version `normal'
(Font)                  OMS/cmsy/m/n --> OMS/ntxsy/m/n on input line 145.
LaTeX Font Info:    Overwriting symbol font `symbols' in version `bold'
(Font)                  OMS/cmsy/b/n --> OMS/ntxsy/m/n on input line 145.
LaTeX Font Info:    Overwriting symbol font `symbols' in version `bold'
(Font)                  OMS/ntxsy/m/n --> OMS/ntxsy/b/n on input line 146.
LaTeX Font Info:    Redeclaring symbol font `AMSa' on input line 161.
LaTeX Font Info:    Overwriting symbol font `AMSa' in version `normal'
(Font)                  U/msa/m/n --> U/ntxsya/m/n on input line 161.
LaTeX Font Info:    Overwriting symbol font `AMSa' in version `bold'
(Font)                  U/msa/m/n --> U/ntxsya/m/n on input line 161.
LaTeX Font Info:    Overwriting symbol font `AMSa' in version `bold'
(Font)                  U/ntxsya/m/n --> U/ntxsya/b/n on input line 162.
LaTeX Font Info:    Redeclaring symbol font `AMSb' on input line 170.
LaTeX Font Info:    Overwriting symbol font `AMSb' in version `normal'
(Font)                  U/msb/m/n --> U/ntxsyb/m/n on input line 170.
LaTeX Font Info:    Overwriting symbol font `AMSb' in version `bold'
(Font)                  U/msb/m/n --> U/ntxsyb/m/n on input line 170.
LaTeX Font Info:    Overwriting symbol font `AMSb' in version `bold'
(Font)                  U/ntxsyb/m/n --> U/ntxsyb/b/n on input line 171.
\symsymbolsC=\mathgroup7
LaTeX Font Info:    Overwriting symbol font `symbolsC' in version `bold'
(Font)                  U/ntxsyc/m/n --> U/ntxsyc/b/n on input line 182.
LaTeX Font Info:    Redeclaring symbol font `largesymbols' on input line 195.
LaTeX Font Info:    Encoding `OMX' has changed to `LMX' for symbol font
(Font)              `largesymbols' in the math version `normal' on input line 1
95.
LaTeX Font Info:    Overwriting symbol font `largesymbols' in version `normal'
(Font)                  OMX/cmex/m/n --> LMX/ntxexx/m/n on input line 195.
LaTeX Font Info:    Encoding `OMX' has changed to `LMX' for symbol font
(Font)              `largesymbols' in the math version `bold' on input line 195
.
LaTeX Font Info:    Overwriting symbol font `largesymbols' in version `bold'
(Font)                  OMX/cmex/m/n --> LMX/ntxexx/m/n on input line 195.
LaTeX Font Info:    Overwriting symbol font `largesymbols' in version `bold'
(Font)                  LMX/ntxexx/m/n --> LMX/ntxexx/b/n on input line 196.
\symlargesymbolsTXA=\mathgroup8
LaTeX Font Info:    Overwriting symbol font `largesymbolsTXA' in version `bold'

(Font)                  U/ntxexa/m/n --> U/ntxexa/b/n on input line 210.
LaTeX Info: Redefining \not on input line 1513.
LaTeX Info: Redefining \textsquare on input line 1533.
LaTeX Info: Redefining \openbox on input line 1534.
)
(/usr/share/texlive/texmf-dist/tex/latex/base/fontenc.sty
Package: fontenc 2005/09/27 v1.99g Standard LaTeX package

(/usr/share/texlive/texmf-dist/tex/latex/base/t1enc.def
File: t1enc.def 2005/09/27 v1.99g Standard LaTeX file
LaTeX Font Info:    Redeclaring font encoding T1 on input line 43.
)<<t1.cmap>>)
(/usr/share/texlive/texmf-dist/tex/latex/caption/caption.sty
Package: caption 2013/05/02 v3.3-89 Customizing captions (AR)

(/usr/share/texlive/texmf-dist/tex/latex/caption/caption3.sty
Package: caption3 2013/05/02 v1.6-88 caption3 kernel (AR)
Package caption3 Info: TeX engine: e-TeX on input line 57.
\captionmargin=\dimen130
\captionmargin@=\dimen131
\captionwidth=\dimen132
\caption@tempdima=\dimen133
\caption@indent=\dimen134
\caption@parindent=\dimen135
\caption@hangindent=\dimen136
)
Package caption Info: AMS or SMF document class.
\c@ContinuedFloat=\count120
Package caption Info: hyperref package is loaded.
)
(/usr/share/texlive/texmf-dist/tex/latex/float/float.sty
Package: float 2001/11/08 v1.3d Float enhancements (AL)
\c@float@type=\count121
\float@exts=\toks29
\float@box=\box29
\@float@everytoks=\toks30
\@floatcapt=\box30
)
\@float@every@sidebar=\toks31
\c@sidebar=\count122
\fulltextwidth=\dimen137
\num@authorgroups=\count123
\@ACM@badge@width=\skip55
\@ACM@title@width=\skip56
\@ACM@badge@skip=\skip57
Class acmart Info: Printing CCS on input line 1140.
Class acmart Info: Printing bibformat on input line 1140.
Class acmart Info: Suppressing folios on input line 1147.

(/usr/share/texlive/texmf-dist/tex/latex/comment/comment.sty
\CommentStream=\write3

Excluding comment 'comment') Excluding comment 'CCSXML'
\mktitle@bx=\box31
\@ACM@commabox=\box32
\author@bx=\box33
\author@bx@wd=\dimen138
\author@bx@sep=\skip58

(/usr/share/texlive/texmf-dist/tex/latex/fancyhdr/fancyhdr.sty
\fancy@headwidth=\skip59
\f@ncyO@elh=\skip60
\f@ncyO@erh=\skip61
\f@ncyO@olh=\skip62
\f@ncyO@orh=\skip63
\f@ncyO@elf=\skip64
\f@ncyO@erf=\skip65
\f@ncyO@olf=\skip66
\f@ncyO@orf=\skip67
)
\@folio@wd=\dimen139
\@folio@ht=\dimen140
\@folio@voffset=\dimen141
\c@theorem=\count124

Special comment 'acks' Excluding comment 'screenonly'
Include comment 'printonly' Include comment 'anonsuppress'
LaTeX Font Info:    Try loading font information for T1+LinuxLibertineT-TLF on 
input line 2348.

(/usr/share/texlive/texmf-dist/tex/latex/libertine/T1LinuxLibertineT-TLF.fd
File: T1LinuxLibertineT-TLF.fd 2012/11/26 (autoinst) Font definitions for T1/Li
nuxLibertineT-TLF.
)
LaTeX Font Info:    Font shape `T1/LinuxLibertineT-TLF/m/n' will be
(Font)              scaled to size 9.0pt on input line 2348.
)
(/usr/share/texlive/texmf-dist/tex/latex/booktabs/booktabs.sty
Package: booktabs 2005/04/14 v1.61803 publication quality tables
\heavyrulewidth=\dimen142
\lightrulewidth=\dimen143
\cmidrulewidth=\dimen144
\belowrulesep=\dimen145
\belowbottomsep=\dimen146
\aboverulesep=\dimen147
\abovetopsep=\dimen148
\cmidrulesep=\dimen149
\cmidrulekern=\dimen150
\defaultaddspace=\dimen151
\@cmidla=\count125
\@cmidlb=\count126
\@aboverulesep=\dimen152
\@belowrulesep=\dimen153
\@thisruleclass=\count127
\@lastruleclass=\count128
\@thisrulewidth=\dimen154
)
(/usr/share/texlive/texmf-dist/tex/latex/caption/subcaption.sty
Package: subcaption 2013/02/03 v1.1-62 Sub-captions (AR)
\c@subfigure=\count129
\c@subtable=\count130
)
(/usr/share/texlive/texmf-dist/tex/latex/algorithms/algorithm.sty
Package: algorithm 2009/08/24 v0.1 Document Style `algorithm' - floating enviro
nment

(/usr/share/texlive/texmf-dist/tex/latex/base/ifthen.sty
Package: ifthen 2001/05/26 v1.1c Standard LaTeX ifthen package (DPC)
)
\@float@every@algorithm=\toks32
\c@algorithm=\count131
)
(/usr/share/texlive/texmf-dist/tex/latex/algorithmicx/algpseudocode.sty
Package: algpseudocode 

(/usr/share/texlive/texmf-dist/tex/latex/algorithmicx/algorithmicx.sty
Package: algorithmicx 2005/04/27 v1.2 Algorithmicx

Document Style algorithmicx 1.2 - a greatly improved `algorithmic' style
\c@ALG@line=\count132
\c@ALG@rem=\count133
\c@ALG@nested=\count134
\ALG@tlm=\skip68
\ALG@thistlm=\skip69
\c@ALG@Lnr=\count135
\c@ALG@blocknr=\count136
\c@ALG@storecount=\count137
\c@ALG@tmpcounter=\count138
\ALG@tmplength=\skip70
)
Document Style - pseudocode environments for use with the `algorithmicx' style
) (/usr/share/texlive/texmf-dist/tex/latex/sttools/flushend.sty
Package: flushend 2012/05/29 v1.1 Balancing columns at last page
Package: flushend 1997/10/01
\@aaa=\box34
\@ccc=\box35
\@viper=\box36
\hold@viper=\box37
\atColsBreak=\toks33
\@extra@skip=\dimen155
\@nd@page@rule=\dimen156
)
(./a18-mishra.aux)
\openout1 = `a18-mishra.aux'.

LaTeX Font Info:    Checking defaults for OML/nxlmi/m/it on input line 49.
LaTeX Font Info:    Try loading font information for OML+nxlmi on input line 49
.
 (/usr/share/texlive/texmf-dist/tex/latex/newtx/omlnxlmi.fd
File: omlnxlmi.fd 2013/11/19 Fontinst v1.933 font definitions for OML/nxlmi.
)
LaTeX Font Info:    ... okay on input line 49.
LaTeX Font Info:    Checking defaults for T1/cmr/m/n on input line 49.
LaTeX Font Info:    ... okay on input line 49.
LaTeX Font Info:    Checking defaults for OT1/cmr/m/n on input line 49.
LaTeX Font Info:    ... okay on input line 49.
LaTeX Font Info:    Checking defaults for OMS/ntxsy/m/n on input line 49.
LaTeX Font Info:    Try loading font information for OMS+ntxsy on input line 49
.

(/usr/share/texlive/texmf-dist/tex/latex/newtx/omsntxsy.fd
File: omsntxsy.fd 2012/11/14 Fontinst v1.933 font definitions for OMS/ntxsy.
)
LaTeX Font Info:    ... okay on input line 49.
LaTeX Font Info:    Checking defaults for OMX/cmex/m/n on input line 49.
LaTeX Font Info:    ... okay on input line 49.
LaTeX Font Info:    Checking defaults for U/ntxexa/m/n on input line 49.
LaTeX Font Info:    Try loading font information for U+ntxexa on input line 49.


(/usr/share/texlive/texmf-dist/tex/latex/newtx/untxexa.fd
File: untxexa.fd 2012/04/16 Fontinst v1.933 font definitions for U/ntxexa.
)
LaTeX Font Info:    ... okay on input line 49.
LaTeX Font Info:    Checking defaults for PD1/pdf/m/n on input line 49.
LaTeX Font Info:    ... okay on input line 49.
LaTeX Font Info:    Checking defaults for PU/pdf/m/n on input line 49.
LaTeX Font Info:    ... okay on input line 49.
LaTeX Font Info:    Checking defaults for TS1/cmr/m/n on input line 49.
LaTeX Font Info:    Try loading font information for TS1+cmr on input line 49.

(/usr/share/texlive/texmf-dist/tex/latex/base/ts1cmr.fd
File: ts1cmr.fd 1999/05/25 v2.5h Standard LaTeX font definitions
)
LaTeX Font Info:    ... okay on input line 49.
LaTeX Font Info:    Checking defaults for LMX/ntxexx/m/n on input line 49.
LaTeX Font Info:    ... okay on input line 49.
LaTeX Font Info:    Font shape `T1/LinuxLibertineT-TLF/m/n' will be
(Font)              scaled to size 7.0pt on input line 49.
LaTeX Font Info:    Try loading font information for OT1+LinuxLibertineT-TLF on
 input line 49.

(/usr/share/texlive/texmf-dist/tex/latex/libertine/OT1LinuxLibertineT-TLF.fd
File: OT1LinuxLibertineT-TLF.fd 2012/11/26 (autoinst) Font definitions for OT1/
LinuxLibertineT-TLF.
)
LaTeX Font Info:    Font shape `OT1/LinuxLibertineT-TLF/m/n' will be
(Font)              scaled to size 7.3pt on input line 49.
<<ot1.cmap>>
LaTeX Font Info:    Font shape `OT1/LinuxLibertineT-TLF/m/n' will be
(Font)              scaled to size 5.5pt on input line 49.
<<oml.cmap>><<oms.cmap>>
LaTeX Font Info:    Try loading font information for U+ntxsya on input line 49.


(/usr/share/texlive/texmf-dist/tex/latex/newtx/untxsya.fd
File: untxsya.fd 2012/04/12 Fontinst v1.933 font definitions for U/ntxsya.
)
LaTeX Font Info:    Try loading font information for U+ntxsyb on input line 49.


(/usr/share/texlive/texmf-dist/tex/latex/newtx/untxsyb.fd
File: untxsyb.fd 2012/04/12 Fontinst v1.933 font definitions for U/ntxsyb.
)
LaTeX Font Info:    Try loading font information for U+ntxmia on input line 49.


(/usr/share/texlive/texmf-dist/tex/latex/newtx/untxmia.fd
File: untxmia.fd 2012/04/16 Fontinst v1.933 font definitions for U/ntxmia.
)
LaTeX Font Info:    Try loading font information for U+ntxsyc on input line 49.


(/usr/share/texlive/texmf-dist/tex/latex/newtx/untxsyc.fd
File: untxsyc.fd 2012/04/12 Fontinst v1.933 font definitions for U/ntxsyc.
)
LaTeX Info: Redefining \microtypecontext on input line 49.
Package microtype Info: Generating PDF output.
Package microtype Info: Character protrusion enabled (level 2).
Package microtype Info: Using default protrusion set `alltext'.
Package microtype Info: Automatic font expansion enabled (level 2),
(microtype)             stretch: 20, shrink: 20, step: 1, non-selected.
Package microtype Info: Using default expansion set `basictext'.
Package microtype Info: No adjustment of tracking.
Package microtype Info: No adjustment of interword spacing.
Package microtype Info: No adjustment of character kerning.
Package microtype Info: Loading generic settings for font family
(microtype)             `LinuxLibertineT-TLF' (encoding: T1).
(microtype)             For optimal results, create family-specific settings.
(microtype)             See the microtype manual for details.

ABD: EveryShipout initializing macros
\AtBeginShipoutBox=\box38
Package hyperref Info: Link coloring OFF on input line 49.

(/usr/share/texlive/texmf-dist/tex/latex/hyperref/nameref.sty
Package: nameref 2012/10/27 v2.43 Cross-referencing by name of section

(/usr/share/texlive/texmf-dist/tex/generic/oberdiek/gettitlestring.sty
Package: gettitlestring 2010/12/03 v1.4 Cleanup title references (HO)
)
\c@section@level=\count139
)
LaTeX Info: Redefining \ref on input line 49.
LaTeX Info: Redefining \pageref on input line 49.
LaTeX Info: Redefining \nameref on input line 49.

(./a18-mishra.out) (./a18-mishra.out)
\@outlinefile=\write4
\openout4 = `a18-mishra.out'.


(/usr/share/texlive/texmf-dist/tex/context/base/supp-pdf.mkii
[Loading MPS to PDF converter (version 2006.09.02).]
\scratchcounter=\count140
\scratchdimen=\dimen157
\scratchbox=\box39
\nofMPsegments=\count141
\nofMParguments=\count142
\everyMPshowfont=\toks34
\MPscratchCnt=\count143
\MPscratchDim=\dimen158
\MPnumerator=\count144
\makeMPintoPDFobject=\count145
\everyMPtoPDFconversion=\toks35
) (/usr/share/texlive/texmf-dist/tex/latex/oberdiek/epstopdf-base.sty
Package: epstopdf-base 2010/02/09 v2.5 Base part for package epstopdf

(/usr/share/texlive/texmf-dist/tex/latex/oberdiek/grfext.sty
Package: grfext 2010/08/19 v1.1 Manage graphics extensions (HO)
)
Package grfext Info: Graphics extension search list:
(grfext)             [.png,.pdf,.jpg,.mps,.jpeg,.jbig2,.jb2,.PNG,.PDF,.JPG,.JPE
G,.JBIG2,.JB2,.eps]
(grfext)             \AppendGraphicsExtensions on input line 452.

(/usr/share/texlive/texmf-dist/tex/latex/latexconfig/epstopdf-sys.cfg
File: epstopdf-sys.cfg 2010/07/13 v1.3 Configuration of (r)epstopdf for TeX Liv
e
))
*geometry* driver: auto-detecting
*geometry* detected driver: pdftex
*geometry* verbose mode - [ preamble ] result:
* driver: pdftex
* paper: custom
* layout: <same size as paper>
* layoutoffset:(h,v)=(0.0pt,0.0pt)
* modes: twoside 
* h-part:(L,W,R)=(54.2025pt, 505.89pt, 54.2025pt)
* v-part:(T,H,B)=(72.26999pt, 650.43001pt, 72.26999pt)
* \paperwidth=614.295pt
* \paperheight=794.96999pt
* \textwidth=505.89pt
* \textheight=650.43001pt
* \oddsidemargin=-18.06749pt
* \evensidemargin=-18.06749pt
* \topmargin=-27.0pt
* \headheight=13.0pt
* \headsep=14.0pt
* \topskip=10.0pt
* \footskip=12.0pt
* \marginparwidth=24.0pt
* \marginparsep=11.0pt
* \columnsep=24.0pt
* \skip\footins=7.0pt plus 11.0pt
* \hoffset=0.0pt
* \voffset=0.0pt
* \mag=1000
* \@twocolumnfalse
* \@twosidetrue
* \@mparswitchtrue
* \@reversemarginfalse
* (1in=72.27pt=25.4mm, 1cm=28.453pt)

\c@mv@tabular=\count146
\c@mv@boldtabular=\count147
(/usr/share/texlive/texmf-dist/tex/latex/upquote/upquote.sty
Package: upquote 2012/04/19 v1.3 upright-quote and grave-accent glyphs in verba
tim
)
Package caption Info: Begin \AtBeginDocument code.
Package caption Info: float package is loaded.
Package caption Info: End \AtBeginDocument code.
Class acmart Info: Printing bibformat on input line 77.
Class acmart Info: Printing CCS on input line 77.
Class acmart Info: Suppressing folios on input line 77.
 (./abstract.tex)
Excluding 'CCSXML' comment.
LaTeX Font Info:    Font shape `T1/LinuxLibertineT-TLF/m/n' will be
(Font)              scaled to size 17.28pt on input line 106.
LaTeX Font Info:    Font shape `T1/LinuxLibertineT-TLF/b/n' will be
(Font)              scaled to size 17.28pt on input line 106.
LaTeX Font Info:    Font shape `T1/LinuxLibertineT-TLF/m/n' will be
(Font)              scaled to size 10.95pt on input line 106.
LaTeX Font Info:    Font shape `OT1/LinuxLibertineT-TLF/m/n' will be
(Font)              scaled to size 10.95pt on input line 106.
Package microtype Info: Loading generic settings for font family
(microtype)             `LinuxLibertineT-TLF' (encoding: OT1).
(microtype)             For optimal results, create family-specific settings.
(microtype)             See the microtype manual for details.
LaTeX Font Info:    Font shape `OT1/LinuxLibertineT-TLF/m/n' will be
(Font)              scaled to size 8.0pt on input line 106.
LaTeX Font Info:    Font shape `OT1/LinuxLibertineT-TLF/m/n' will be
(Font)              scaled to size 6.1pt on input line 106.
LaTeX Font Info:    Font shape `OT1/LinuxLibertineT-TLF/m/n' will be
(Font)              scaled to size 6.2pt on input line 106.
LaTeX Font Info:    Try loading font information for T1+LinuxBiolinumT-TLF on i
nput line 106.

(/usr/share/texlive/texmf-dist/tex/latex/libertine/T1LinuxBiolinumT-TLF.fd
File: T1LinuxBiolinumT-TLF.fd 2012/11/26 (autoinst) Font definitions for T1/Lin
uxBiolinumT-TLF.
)
LaTeX Font Info:    Font shape `T1/LinuxBiolinumT-TLF/m/n' will be
(Font)              scaled to size 9.0pt on input line 106.
Package microtype Info: Loading generic settings for font family
(microtype)             `LinuxBiolinumT-TLF' (encoding: T1).
(microtype)             For optimal results, create family-specific settings.
(microtype)             See the microtype manual for details.
LaTeX Font Info:    Font shape `OT1/LinuxLibertineT-TLF/m/n' will be
(Font)              scaled to size 9.0pt on input line 106.
LaTeX Font Info:    Font shape `T1/LinuxLibertineT-TLF/m/n' will be
(Font)              scaled to size 5.5pt on input line 106.
LaTeX Font Info:    Calculating math sizes for size <5.5> on input line 106.
LaTeX Font Info:    Font shape `OT1/LinuxLibertineT-TLF/m/n' will be
(Font)              scaled to size 4.01497pt on input line 106.
LaTeX Font Info:    Font shape `OT1/LinuxLibertineT-TLF/m/n' will be
(Font)              scaled to size 3.02501pt on input line 106.
LaTeX Font Info:    Font shape `T1/LinuxLibertineT-TLF/m/it' will be
(Font)              scaled to size 7.0pt on input line 106.
LaTeX Font Info:    Try loading font information for TS1+LinuxLibertineT-TLF on
 input line 106.

(/usr/share/texlive/texmf-dist/tex/latex/libertine/TS1LinuxLibertineT-TLF.fd
File: TS1LinuxLibertineT-TLF.fd 2012/11/26 (autoinst) Font definitions for TS1/
LinuxLibertineT-TLF.
)
LaTeX Font Info:    Font shape `TS1/LinuxLibertineT-TLF/m/n' will be
(Font)              scaled to size 7.0pt on input line 106.
Package microtype Info: Loading generic settings for font family
(microtype)             `LinuxLibertineT-TLF' (encoding: TS1).
(microtype)             For optimal results, create family-specific settings.
(microtype)             See the microtype manual for details.
LaTeX Font Info:    Font shape `T1/LinuxBiolinumT-TLF/m/n' will be
(Font)              scaled to size 7.0pt on input line 106.
LaTeX Font Info:    Font shape `T1/LinuxLibertineT-TLF/b/n' will be
(Font)              scaled to size 9.0pt on input line 106.
LaTeX Font Info:    Font shape `T1/LinuxLibertineT-TLF/b/n' will be
(Font)              scaled to size 10.95pt on input line 106.
LaTeX Font Info:    Font shape `T1/LinuxLibertineT-TLF/b/it' will be
(Font)              scaled to size 9.0pt on input line 106.
LaTeX Font Info:    Font shape `TS1/LinuxLibertineT-TLF/m/n' will be
(Font)              scaled to size 9.0pt on input line 106.
LaTeX Font Info:    Font shape `T1/LinuxLibertineT-TLF/m/n' will be
(Font)              scaled to size 8.0pt on input line 106.
LaTeX Font Info:    Font shape `T1/LinuxLibertineT-TLF/b/n' will be
(Font)              scaled to size 8.0pt on input line 106.
LaTeX Font Info:    Font shape `T1/LinuxLibertineT-TLF/m/it' will be
(Font)              scaled to size 8.0pt on input line 106.
LaTeX Font Info:    Font shape `T1/LinuxBiolinumT-TLF/m/n' will be
(Font)              scaled to size 8.0pt on input line 106.

(./intro.tex
LaTeX Font Info:    Font shape `T1/LinuxLibertineT-TLF/m/it' will be
(Font)              scaled to size 9.0pt on input line 51.
 [1.1{/var/lib/texmf/fonts/map/pdftex/updmap/pdftex.map}

]
Underfull \vbox (badness 10000) has occurred while \output is active []

)
(./background.tex <images/cc_get.pdf, id=179, 517.935pt x 442.65375pt>
File: images/cc_get.pdf Graphic file (type pdf)

<use images/cc_get.pdf>
Package pdftex.def Info: images/cc_get.pdf used on input line 67.
(pdftex.def)             Requested size: 177.06458pt x 151.33105pt.
 <images/tmem.pdf, id=188, 472.76625pt x 494.84875pt>
File: images/tmem.pdf Graphic file (type pdf)

<use images/tmem.pdf>
Package pdftex.def Info: images/tmem.pdf used on input line 142.
(pdftex.def)             Requested size: 177.06458pt x 185.33376pt.
 [2.2 <./images/cc_get.pdf>]
<data/motivation/disparity_c1.pdf, id=205, 361.35pt x 252.945pt>
File: data/motivation/disparity_c1.pdf Graphic file (type pdf)

<use data/motivation/disparity_c1.pdf>
Package pdftex.def Info: data/motivation/disparity_c1.pdf used on input line 28
0.
(pdftex.def)             Requested size: 118.06436pt x 82.64615pt.

<data/motivation/disparity_c2.pdf, id=206, 361.35pt x 252.945pt>
File: data/motivation/disparity_c2.pdf Graphic file (type pdf)

<use data/motivation/disparity_c2.pdf>
Package pdftex.def Info: data/motivation/disparity_c2.pdf used on input line 28
6.
(pdftex.def)             Requested size: 118.06436pt x 82.64615pt.

<data/motivation/disparity1.pdf, id=207, 361.35pt x 252.945pt>
File: data/motivation/disparity1.pdf Graphic file (type pdf)

<use data/motivation/disparity1.pdf>
Package pdftex.def Info: data/motivation/disparity1.pdf used on input line 301.

(pdftex.def)             Requested size: 118.06436pt x 82.64615pt.

<data/motivation/disparity2.pdf, id=208, 361.35pt x 252.945pt>
File: data/motivation/disparity2.pdf Graphic file (type pdf)

<use data/motivation/disparity2.pdf>
Package pdftex.def Info: data/motivation/disparity2.pdf used on input line 307.

(pdftex.def)             Requested size: 118.06436pt x 82.64615pt.
 [3.3 <./images/tmem.pdf> <./data/motivation/disparity_c1.pdf> <./data/motivati
on/disparity_c2.pdf> <./data/motivation/disparity1.pdf> <./data/motivation/disp
arity2.pdf>]
<images/appl_behavior.pdf, id=247, 361.35pt x 252.945pt>
File: images/appl_behavior.pdf Graphic file (type pdf)

<use images/appl_behavior.pdf>
Package pdftex.def Info: images/appl_behavior.pdf used on input line 404.
(pdftex.def)             Requested size: 227.64894pt x 159.35619pt.
) (./design.tex
<images/arch.pdf, id=258, 634.37pt x 702.625pt>
File: images/arch.pdf Graphic file (type pdf)
 <use images/arch.pdf>
Package pdftex.def Info: images/arch.pdf used on input line 7.
(pdftex.def)             Requested size: 212.47287pt x 235.3299pt.
LaTeX Font Info:    Try loading font information for T1+zi4 on input line 41.

(/usr/share/texlive/texmf-dist/tex/latex/inconsolata/t1zi4.fd
File: t1zi4.fd 2013/06/09 T1/zi4 (Inconsolata)
)
Package microtype Info: Loading generic settings for font family
(microtype)             `zi4' (encoding: T1).
(microtype)             For optimal results, create family-specific settings.
(microtype)             See the microtype manual for details.
Package microtype Info: Character `textendash ' is missing
(microtype)             in font `T1/zi4/m/n/9'.
(microtype)             Ignoring protrusion settings for this character.
Package microtype Info: Character `textemdash ' is missing
(microtype)             in font `T1/zi4/m/n/9'.
(microtype)             Ignoring protrusion settings for this character.

Underfull \vbox (badness 10000) has occurred while \output is active []

 [4.4 <./images/appl_behavior.pdf> <./images/arch.pdf>]
LaTeX Font Info:    Font shape `T1/LinuxLibertineT-TLF/m/n' will be
(Font)              scaled to size 7.3pt on input line 64.
) (./implementation.tex
<images/implementation.pdf, id=280, 518.93875pt x 605.26125pt>
File: images/implementation.pdf Graphic file (type pdf)

<use images/implementation.pdf>
Package pdftex.def Info: images/implementation.pdf used on input line 5.
(pdftex.def)             Requested size: 202.3529pt x 236.01398pt.
 [5.5]
Underfull \hbox (badness 10000) in paragraph at lines 151--171
[]\T1/LinuxLibertineT-TLF/m/n/9 (+20) With Dou-bleDecker, se-man-tics of ex-ist
-ing clean-cache
 []


Underfull \hbox (badness 1320) in paragraph at lines 151--171
\T1/LinuxLibertineT-TLF/m/n/9 (+20) operations---lookup (get), store (put), in-
val-i-date (flush) (re-fer
 []

<images/ddecker.pdf, id=296, 465.74pt x 591.20876pt>
File: images/ddecker.pdf Graphic file (type pdf)
 <use images/ddecker.pdf>
Package pdftex.def Info: images/ddecker.pdf used on input line 176.
(pdftex.def)             Requested size: 166.94463pt x 211.91483pt.

[6.6 <./images/implementation.pdf>]
Package hyperref Info: bookmark level for unknown algorithm defaults to 0 on in
put line 259.
LaTeX Font Info:    Font shape `T1/LinuxLibertineT-TLF/m/sc' will be
(Font)              scaled to size 9.0pt on input line 261.

Underfull \vbox (badness 2181) has occurred while \output is active []

)
(./evaluation.tex
<data/correctness/musage_global_new.pdf, id=309, 361.35pt x 252.945pt>
File: data/correctness/musage_global_new.pdf Graphic file (type pdf)

<use data/correctness/musage_global_new.pdf>
Package pdftex.def Info: data/correctness/musage_global_new.pdf used on input l
ine 4.
(pdftex.def)             Requested size: 192.24066pt x 134.56967pt.

<data/correctness/musage_ddecker_new.pdf, id=310, 361.35pt x 252.945pt>
File: data/correctness/musage_ddecker_new.pdf Graphic file (type pdf)

<use data/correctness/musage_ddecker_new.pdf>
Package pdftex.def Info: data/correctness/musage_ddecker_new.pdf used on input 
line 10.
(pdftex.def)             Requested size: 192.24066pt x 134.56967pt.

<data/correctness/musage_global_ssd_new.pdf, id=311, 361.35pt x 252.945pt>
File: data/correctness/musage_global_ssd_new.pdf Graphic file (type pdf)

<use data/correctness/musage_global_ssd_new.pdf>
Package pdftex.def Info: data/correctness/musage_global_ssd_new.pdf used on inp
ut line 16.
(pdftex.def)             Requested size: 192.24066pt x 134.56967pt.
 [7.7 <./images/ddecker.pdf>]
<data/correctness/only_video.pdf, id=329, 361.35pt x 252.945pt>
File: data/correctness/only_video.pdf Graphic file (type pdf)

<use data/correctness/only_video.pdf>
Package pdftex.def Info: data/correctness/only_video.pdf used on input line 84.

(pdftex.def)             Requested size: 192.24066pt x 134.56967pt.
LaTeX Font Info:    Font shape `T1/LinuxLibertineT-TLF/m/n' will be
(Font)              scaled to size 6.0pt on input line 94.
LaTeX Font Info:    Font shape `OT1/LinuxLibertineT-TLF/m/n' will be
(Font)              scaled to size 6.5pt on input line 96.
LaTeX Font Info:    Font shape `T1/LinuxLibertineT-TLF/b/n' will be
(Font)              scaled to size 6.0pt on input line 98.

Underfull \vbox (badness 4108) has occurred while \output is active []

 [8.8 <./data/correctness/musage_global_new.pdf> <./data/correctness/musage_dde
cker_new.pdf> <./data/correctness/musage_global_ssd_new.pdf> <./data/correctnes
s/only_video.pdf>] <data/singlevm_policy/speedup.pdf, id=366, 361.35pt x 252.94
5pt>
File: data/singlevm_policy/speedup.pdf Graphic file (type pdf)

<use data/singlevm_policy/speedup.pdf>
Package pdftex.def Info: data/singlevm_policy/speedup.pdf used on input line 28
3.
(pdftex.def)             Requested size: 217.52899pt x 152.26991pt.

<data/singlevm_policy/musage_global.pdf, id=367, 361.35pt x 252.945pt>
File: data/singlevm_policy/musage_global.pdf Graphic file (type pdf)

<use data/singlevm_policy/musage_global.pdf>
Package pdftex.def Info: data/singlevm_policy/musage_global.pdf used on input l
ine 294.
(pdftex.def)             Requested size: 192.24066pt x 134.56967pt.

<data/singlevm_policy/musage_dd_mem.pdf, id=368, 361.35pt x 252.945pt>
File: data/singlevm_policy/musage_dd_mem.pdf Graphic file (type pdf)

<use data/singlevm_policy/musage_dd_mem.pdf>
Package pdftex.def Info: data/singlevm_policy/musage_dd_mem.pdf used on input l
ine 300.
(pdftex.def)             Requested size: 192.24066pt x 134.56967pt.

<data/singlevm_policy/musage_dd_hybrid.pdf, id=369, 361.35pt x 252.945pt>
File: data/singlevm_policy/musage_dd_hybrid.pdf Graphic file (type pdf)

<use data/singlevm_policy/musage_dd_hybrid.pdf>
Package pdftex.def Info: data/singlevm_policy/musage_dd_hybrid.pdf used on inpu
t line 306.
(pdftex.def)             Requested size: 192.24066pt x 134.56967pt.
 [9.9 <./data/singlevm_policy/speedup.pdf>] [10.10 <./data/singlevm_policy/musa
ge_global.pdf> <./data/singlevm_policy/musage_dd_mem.pdf> <./data/singlevm_poli
cy/musage_dd_hybrid.pdf>]
<data/dynamic_containers/musage.pdf, id=417, 361.35pt x 252.945pt>
File: data/dynamic_containers/musage.pdf Graphic file (type pdf)

<use data/dynamic_containers/musage.pdf>
Package pdftex.def Info: data/dynamic_containers/musage.pdf used on input line 
580.
(pdftex.def)             Requested size: 192.24066pt x 134.56967pt.

<data/dynamic_vms/musage.pdf, id=419, 361.35pt x 252.945pt>
File: data/dynamic_vms/musage.pdf Graphic file (type pdf)

<use data/dynamic_vms/musage.pdf>
Package pdftex.def Info: data/dynamic_vms/musage.pdf used on input line 642.
(pdftex.def)             Requested size: 192.24066pt x 134.56967pt.
 [11.11 <./data/dynamic_containers/musage.pdf> <./data/dynamic_vms/musage.pdf>]
) (./related_work.tex
Underfull \hbox (badness 3189) in paragraph at lines 3--51
\T1/LinuxLibertineT-TLF/b/n/9 Hypervisor caching: \T1/LinuxLibertineT-TLF/m/n/9
 (+20) A hosted vir-tu-al-iza-tion so-lu-tion like
 []


Underfull \hbox (badness 10000) in paragraph at lines 52--85
\T1/LinuxLibertineT-TLF/b/n/9 Application con-tain-ers and de-riv-a-tive clouds
: \T1/LinuxLibertineT-TLF/m/n/9 (+20) Linux
 []


Underfull \hbox (badness 1442) in paragraph at lines 52--85
\T1/LinuxLibertineT-TLF/m/n/9 (+20) Cgroups [[]], BSD jails [[]] and So-laris Z
ones [[]] pro-vide
 []


Underfull \hbox (badness 4739) in paragraph at lines 52--85
\T1/LinuxLibertineT-TLF/m/n/9 (+20) and hy-per-vi-sor trouble-shooting. Re-sour
ce man-age-ment in
 []


Underfull \hbox (badness 1019) in paragraph at lines 52--85
\T1/LinuxLibertineT-TLF/m/n/9 (+20) as the IaaS prim-i-tive be-cause vir-tu-al-
iza-tion over-heads us-ing
 []


Underfull \hbox (badness 2302) in paragraph at lines 52--85
\T1/LinuxLibertineT-TLF/m/n/9 (+20) Dou-bleDecker en-hances the pro-vi-sion-ing
 flex-i-bil-ity through
 []

) (./conclusion.tex) (./a18-mishra.bbl [12.12]
Underfull \hbox (badness 7540) in paragraph at lines 234--239
[]\T1/LinuxLibertineT-TLF/m/n/7 (+20) Google. 2017.  Google Cloud Plat-form.  [
]$\T1/LinuxBiolinumT-TLF/m/n/7 (+20) h^^]ps : / / cloud . google . com /
 []


Underfull \vbox (badness 10000) has occurred while \output is active []

)
Underfull \vbox (badness 10000) has occurred while \output is active []


Underfull \vbox (badness 10000) has occurred while \output is active []

Extra height:10.9345pt when 567.99974pt

Underfull \vbox (badness 10000) has occurred while \output is active []


Underfull \vbox (badness 10000) has occurred while \output is active []

Extra height:10.9345pt when 568.99974pt

Underfull \vbox (badness 10000) has occurred while \output is active []


Underfull \vbox (badness 10000) has occurred while \output is active []

Extra height:10.9345pt when 569.99974pt

Underfull \vbox (badness 10000) has occurred while \output is active []


Underfull \vbox (badness 10000) has occurred while \output is active []

Extra height:10.9345pt when 570.99974pt

Underfull \vbox (badness 10000) has occurred while \output is active []


Underfull \vbox (badness 10000) has occurred while \output is active []

Extra height:10.9345pt when 571.99974pt

Underfull \vbox (badness 10000) has occurred while \output is active []

Extra height:0.0pt when 572.99974pt

Underfull \vbox (badness 10000) has occurred while \output is active []

(2)Left:572.99974pt Right:572.9345pt Output:572.99974pt
- LAST -
Extra skip:0.0pt
Left:572.99974pt
Right:572.9345pt
Output:572.99974pt

Underfull \vbox (badness 10000) has occurred while \output is active []


Underfull \vbox (badness 10000) has occurred while \output is active []

 [13.13]
Package atveryend Info: Empty hook `BeforeClearDocument' on input line 123.
Package atveryend Info: Empty hook `AfterLastShipout' on input line 123.

(./a18-mishra.aux)
Package atveryend Info: Executing hook `AtVeryEndDocument' on input line 123.
Package atveryend Info: Executing hook `AtEndAfterFileList' on input line 123.
Package rerunfilecheck Info: File `a18-mishra.out' has not changed.
(rerunfilecheck)             Checksum: 83848B0044F51CE5495071841E35A829;4230.
Package atveryend Info: Empty hook `AtVeryVeryEnd' on input line 123.
 ) 
Here is how much of TeX's memory you used:
 18281 strings out of 493304
 279108 string characters out of 6139872
 431590 words of memory out of 5000000
 20691 multiletter control sequences out of 15000+600000
 207787 words of font info for 407 fonts, out of 8000000 for 9000
 1118 hyphenation exceptions out of 8191
 60i,12n,94p,344b,616s stack positions out of 5000i,500n,10000p,200000b,80000s
{/usr/share/texlive/texmf-dist/fonts/enc/dvips/base/8r.enc}{/usr/share/texliv
e/texmf-dist/fonts/enc/dvips/newtx/libertinealt.enc}{/usr/share/texlive/texmf-d
ist/fonts/enc/dvips/libertine/lbtn_c7kyj5.enc}{/usr/share/texlive/texmf-dist/fo
nts/enc/dvips/libertine/lbtn_ncsllp.enc}{/usr/share/texlive/texmf-dist/fonts/en
c/dvips/inconsolata/i4-t1-4.enc}{/usr/share/texlive/texmf-dist/fonts/enc/dvips/
libertine/lbtn_7grukw.enc}{/usr/share/texlive/texmf-dist/fonts/enc/dvips/libert
ine/lbtn_naooyc.enc}{/usr/share/texlive/texmf-dist/fonts/enc/dvips/libertine/lb
tn_ki75ao.enc}{/usr/share/texlive/texmf-dist/fonts/enc/dvips/libertine/lbtn_25t
csq.enc}{/usr/share/texlive/texmf-dist/fonts/enc/dvips/libertine/lbtn_76gpa5.en
c}{/usr/share/texlive/texmf-dist/fonts/enc/dvips/libertine/lbtn_nh77jq.enc}</us
r/share/texlive/texmf-dist/fonts/type1/public/inconsolata/Inconsolata-zi4r.pfb>
</usr/share/texlive/texmf-dist/fonts/type1/public/libertine/LinBiolinumT.pfb></
usr/share/texlive/texmf-dist/fonts/type1/public/libertine/LinLibertineT.pfb></u
sr/share/texlive/texmf-dist/fonts/type1/public/libertine/LinLibertineTB.pfb></u
sr/share/texlive/texmf-dist/fonts/type1/public/libertine/LinLibertineTBI.pfb></
usr/share/texlive/texmf-dist/fonts/type1/public/libertine/LinLibertineTI.pfb></
usr/share/texlive/texmf-dist/fonts/type1/public/newtx/fxlri-7letters.pfb></usr/
share/texlive/texmf-dist/fonts/type1/public/txfonts/rtxmi.pfb></usr/share/texli
ve/texmf-dist/fonts/type1/public/txfonts/rtxr.pfb></usr/share/texlive/texmf-dis
t/fonts/type1/public/txfonts/txsy.pfb></usr/share/texlive/texmf-dist/fonts/type
1/public/newtx/zxlr.pfb></usr/share/texlive/texmf-dist/fonts/type1/public/newtx
/zxlri.pfb>
Output written on a18-mishra.pdf (13 pages, 1017656 bytes).
PDF statistics:
 628 PDF objects out of 1000 (max. 8388607)
 540 compressed objects within 6 object streams
 117 named destinations out of 1000 (max. 500000)
 59685 words of extra memory for PDF output out of 61914 (max. 10000000)

