Start 
gets:11781 sgets:0 puts:0 flushes:0 evicts:0
=======APPLICATION OUTPUT==========
========== Container 2 Memory STATS ==============
cache 8011776
rss 6676480
rss_huge 0
mapped_file 7913472
writeback 0
pgpgin 79918
pgpgout 76332
pgfault 178375
pgmajfault 184
inactive_anon 69632
active_anon 6676480
inactive_file 3522560
active_file 4419584
unevictable 0
hierarchical_memory_limit 999997440
total_cache 8011776
total_rss 6676480
total_rss_huge 0
total_mapped_file 7913472
total_writeback 0
total_pgpgin 79918
total_pgpgout 76332
total_pgfault 178375
total_pgmajfault 184
total_inactive_anon 69632
total_active_anon 6676480
total_inactive_file 3522560
total_active_file 4419584
total_unevictable 0
======== END Container STATS ======
WARNING: Could not open /proc/sys/kernel/shmmax file!
It means that you probably ran Filebench not as a root. Filebench will not increase shared
region limits in this case, which can lead to the failures on certain workloads.
Filebench Version 1.4.9.1
 1874: 0.000: Allocated 170MB of shared memory
 1874: 0.136: Web proxy-server Version 3.0 personality successfully loaded
 1874: 0.136: Creating/pre-allocating files and filesets
 1874: 0.529: Fileset bigfileset: 25000 files, 0 leafdirs, avg dir width = 100, avg dir depth = 2.2, 1551.207MB
 1874: 0.529: Re-using fileset bigfileset.
 1874: 0.529: Creating fileset bigfileset...
 1874: 4.507: Preallocated 23771 of 25000 of fileset bigfileset in 4 seconds
 1874: 4.507: waiting for fileset pre-allocation to finish
25648: 4.537: Starting 1 proxycache instances
25649: 5.077: Starting 8 proxycache threads
 1874: 10.606: Running...
 1874: 1810.889: Run took 1800 seconds...
 1874: 1811.089: Per-Operation Breakdown
closefile6           28590ops       16ops/s   0.0mb/s      0.0ms/op       23us/op-cpu [0ms - 1ms]
readfile6            28591ops       16ops/s   1.0mb/s     88.1ms/op     1831us/op-cpu [0ms - 2132ms]
openfile6            28591ops       16ops/s   0.0mb/s      0.0ms/op       28us/op-cpu [0ms - 5ms]
closefile5           28591ops       16ops/s   0.0mb/s      0.0ms/op       21us/op-cpu [0ms - 0ms]
readfile5            28591ops       16ops/s   1.0mb/s     93.3ms/op     1813us/op-cpu [0ms - 2678ms]
openfile5            28591ops       16ops/s   0.0mb/s      0.0ms/op       30us/op-cpu [0ms - 4ms]
closefile4           28591ops       16ops/s   0.0mb/s      0.0ms/op       19us/op-cpu [0ms - 0ms]
readfile4            28592ops       16ops/s   1.0mb/s     89.5ms/op     1771us/op-cpu [0ms - 2616ms]
openfile4            28592ops       16ops/s   0.0mb/s      0.0ms/op       30us/op-cpu [0ms - 5ms]
closefile3           28592ops       16ops/s   0.0mb/s      0.0ms/op       22us/op-cpu [0ms - 2ms]
readfile3            28592ops       16ops/s   1.0mb/s     87.8ms/op     1725us/op-cpu [0ms - 2154ms]
openfile3            28593ops       16ops/s   0.0mb/s      0.0ms/op       34us/op-cpu [0ms - 4ms]
closefile2           28593ops       16ops/s   0.0mb/s      0.0ms/op       22us/op-cpu [0ms - 0ms]
readfile2            28594ops       16ops/s   1.0mb/s     88.3ms/op     1723us/op-cpu [0ms - 2215ms]
openfile2            28594ops       16ops/s   0.0mb/s      0.0ms/op       21us/op-cpu [0ms - 6ms]
closefile1           28594ops       16ops/s   0.0mb/s      0.0ms/op       21us/op-cpu [0ms - 0ms]
wrtfile1             28594ops       16ops/s   1.0mb/s     17.6ms/op      179us/op-cpu [0ms - 3275ms]
createfile1          28594ops       16ops/s   0.0mb/s      1.5ms/op      123us/op-cpu [0ms - 1354ms]
deletefile1          28598ops       16ops/s   0.0mb/s     24.0ms/op      423us/op-cpu [0ms - 2069ms]
 1874: 1811.089: IO Summary: 543258 ops, 301.779 ops/s, (79/16 r/w),   5.9mb/s,    225us cpu/op,  81.7ms latency
 1874: 1811.089: Shutting down processes
========== Container 2 Memory STATS AT END ==============
cache 903892992
rss 6680576
rss_huge 0
mapped_file 7946240
writeback 0
pgpgin 3901205
pgpgout 3680430
pgfault 1371749
pgmajfault 311
inactive_anon 6651904
active_anon 98304
inactive_file 845320192
active_file 58503168
unevictable 0
hierarchical_memory_limit 999997440
total_cache 903892992
total_rss 6680576
total_rss_huge 0
total_mapped_file 7946240
total_writeback 0
total_pgpgin 3901205
total_pgpgout 3680430
total_pgfault 1371749
total_pgmajfault 311
total_inactive_anon 6651904
total_active_anon 98304
total_inactive_file 845320192
total_active_file 58503168
total_unevictable 0
======== END Container STATS ======
=======END==========
gets:2238901 sgets:1587839 puts:2057906 flushes:0 evicts:0
