0 1789 1801
5 1789 1801
10 1789 1801
15 1789 1801
20 1789 1801
25 1789 1801
30 1789 1801
35 1789 1801
40 1789 1801
45 1789 1801
50 1789 1801
55 1789 1801
60 1789 1801
65 1789 1801
70 1789 1801
75 1789 1801
80 1789 1801
85 1789 1801
90 1789 1801
95 1789 1801
100 1789 1801
105 1789 1801
110 1789 1801
115 1789 1801
120 1789 1801
125 1789 1801
130 1789 1801
135 1789 1801
140 1789 1801
145 1789 1801
150 1789 1801
155 1789 1801
160 1789 1801
165 1789 1801
170 1789 1801
175 1789 1801
180 1789 1801
185 2600 5453
190 2839 14237
195 6045 20050
200 9219 25799
205 12567 31909
210 15911 38086
215 18917 43654
220 22286 49896
225 25351 55538
230 28566 61428
235 31664 67108
240 34998 73211
245 38169 78983
250 41439 84925
255 44625 90755
260 47774 96483
265 50975 102297
270 54098 107962
275 57340 113865
280 60616 119812
285 63786 125568
290 67004 131377
295 69889 136636
300 72951 142388
305 75928 147953
310 78904 153578
315 81809 158916
320 84694 164275
325 84958 164989
330 87748 162225
335 87932 162060
340 87848 162046
345 86972 162822
350 85230 163851
355 84465 161733
360 85011 163494
365 84029 165950
370 83389 166166
375 83137 166802
380 82824 166704
385 82788 167144
390 82592 167008
395 82457 167534
400 81864 167813
405 81991 167962
410 81799 167858
415 81791 168106
420 81794 168144
425 81541 168428
430 81388 168569
435 81523 168431
440 81145 168800
445 81006 168892
450 80805 169193
455 81336 168652
460 81268 168676
465 81633 168327
470 82241 167721
475 82558 167397
480 83167 166810
485 83770 166170
490 84364 165629
495 85240 164725
500 86778 163156
505 87218 162772
510 88743 161224
515 89010 160988
520 89209 160747
525 89330 160671
530 89450 160494
535 89549 160417
540 89619 160319
545 89723 160245
550 89825 160169
555 89894 160050
560 90043 159907
565 90144 159796
570 90356 159589
575 90532 159414
580 90755 159245
585 90916 159080
590 91148 158805
595 91292 158690
600 91413 158558
605 91693 158295
610 91848 158121
615 92112 157873
620 92319 157642
625 92556 157443
630 92782 157182
635 93030 156940
640 93295 156691
645 93529 156456
650 93834 156137
655 94089 155905
660 94301 155642
665 94564 155395
670 94765 155189
675 95021 154935
680 95330 154671
685 95667 154298
690 95899 154086
695 96120 153873
700 96352 153625
705 96548 153445
710 96783 153183
715 96973 153003
720 97196 152805
725 97368 152611
730 97520 152458
735 97651 152324
740 97708 152253
745 97854 152145
750 97902 152088
755 97870 152082
760 97790 152150
765 97694 152297
770 97510 152468
775 97255 152724
780 96961 153033
785 96697 153285
790 96393 153567
795 96128 153847
800 95774 154224
805 95383 154584
810 95016 154983
815 94603 155388
820 94223 155738
825 93785 156172
830 93485 156506
835 93106 156843
840 92728 157268
845 92307 157651
850 91878 158065
855 91475 158512
860 91083 158870
865 90629 159349
870 90324 159630
875 89985 159984
880 89688 160277
885 89495 160473
890 89251 160704
895 89090 160855
900 88908 161032
905 88737 161214
910 88615 161384
915 88511 161486
920 88425 161554
925 88318 161665
930 88036 161210
