0 0 
5 0 
10 0 
15 0 
20 0 
25 0 
30 0 
35 0 
40 0 
45 0 
50 0 
55 0 
60 0 
65 0 
70 0 
75 0 
80 0 
85 0 
90 0 
95 0 
100 0 
105 0 
110 0 
115 0 
120 0 
125 0 
130 0 
135 0 
140 0 
145 0 
150 0 
155 0 
160 0 
165 0 
170 0 
175 0 
180 0 
185 0 
190 0 
195 0 
200 3929 
205 13980 
210 22966 
215 32250 
220 41643 
225 51036 
230 61099 
235 71801 
240 82228 
245 91959 
250 101471 
255 110821 
260 120144 
265 129463 
270 139254 
275 149259 
280 158851 
285 168132 
290 178381 
295 188265 
300 198222 
305 207881 
310 217162 
315 227119 
320 237086 
325 246444 
330 249967 
335 249948 
340 249998 
345 249984 
350 249971 
355 250000 
360 249937 
365 249953 
370 249987 
375 249956 
380 249980 
385 249987 
390 249520 
395 249946 
400 248500 
405 249982 
410 249823 
415 249940 
420 249976 
425 249978 
430 249851 
435 249972 
440 250000 
445 249979 
450 249949 
455 249465 
460 249951 
465 249944 
470 249967 
475 249717 
480 249976 
485 249960 
490 249995 
495 249560 
500 249790 
505 249965 
510 249939 
515 249958 
520 249946 
525 249995 
530 249963 
535 249966 
540 249942 
545 249996 
550 249953 
555 249971 
560 249962 
565 249937 
570 249960 
575 249944 
580 249974 
585 249975 
590 249937 
595 249966 
600 249937 
605 249937 
610 249974 
615 249998 
620 249967 
625 249967 
630 249998 
635 249983 
640 249968 
645 249950 
650 249985 
655 249999 
660 249991 
665 249965 
670 249978 
675 249984 
680 249966 
685 249999 
690 249943 
695 249938 
700 249977 
705 249942 
710 249978 
715 249986 
720 249947 
725 249974 
730 249945 
735 249970 
740 249955 
745 249962 
750 249994 
755 249949 
760 249974 
765 249984 
770 249945 
775 249981 
780 249994 
785 249970 
790 249962 
795 249971 
800 249941 
805 249947 
810 249954 
815 249968 
820 249976 
825 249953 
830 249951 
835 249946 
840 249941 
845 249987 
850 249980 
855 249962 
860 249945 
865 249988 
870 249994 
875 249940 
880 249948 
885 249966 
890 249947 
