0 0 0 0 0 0 0
5 0 0 0 0 0 0
10 0 0 0 0 0 0
15 0 0 0 0 0 0
20 0 0 0 0 0 0
25 0 0 0 0 0 0
30 0 0 0 0 0 0
35 0 0 0 0 0 0
40 0 0 0 0 0 0
45 0 0 0 0 0 0
50 0 0 0 0 0 0
55 0 0 0 0 0 0
60 0 0 0 0 0 0
65 0 0 0 0 0 0
70 0 0 0 0 0 0
75 0 0 0 0 0 0
80 0 0 0 0 0 0
85 0 0 0 0 0 0
90 0 0 0 0 0 0
95 0 0 0 0 0 0
100 0 0 0 0 0 0
105 0 0 0 0 0 0
110 0 0 0 0 0 0
115 0 0 0 0 0 0
120 0 0 0 0 0 0
125 0 0 0 0 0 0
130 0 0 0 0 0 0
135 0 0 0 0 0 0
140 0 0 0 0 0 0
145 0 0 0 0 0 0
150 0 0 0 0 0 0
155 0 0 0 0 0 0
160 0 0 0 0 0 0
165 0 0 0 0 0 0
170 0 0 0 0 0 0
175 0 0 0 0 0 0
180 0 0 0 0 0 0
185 0 0 0 0 0 0
190 0 0 0 0 0 0
195 0 0 0 0 0 0
200 0 0 0 0 0 0
205 0 0 0 0 0 0
210 0 0 0 0 0 0
215 0 0 0 0 0 0
220 0 0 0 0 0 0
225 0 0 0 0 0 0
230 0 0 0 0 0 0
235 0 0 0 0 0 0
240 0 0 0 0 0 0
245 0 0 0 0 0 0
250 0 0 0 0 0 0
255 0 0 0 0 0 0
260 0 0 0 0 0 0
265 0 0 0 0 0 0
270 0 0 0 0 0 0
275 0 0 0 0 0 0
280 0 0 0 0 0 0
285 0 0 0 0 0 0
290 0 0 0 0 0 0
295 0 0 0 0 0 0
300 0 0 0 0 0 0
305 0 0 0 0 0 0
310 0 0 0 0 0 0
315 0 0 0 0 0 0
320 0 0 0 0 0 0
325 0 0 0 0 0 0
330 0 0 0 0 0 0
335 0 0 0 0 0 0
340 0 0 0 0 0 0
345 0 0 0 0 0 0
350 0 0 0 0 0 0
355 0 0 0 0 0 0
360 0 0 0 0 0 0
365 0 0 0 0 0 0
370 0 0 0 0 0 0
375 0 0 0 0 0 0
380 0 0 0 0 0 0
385 0 0 0 0 0 0
390 0 0 0 0 0 0
395 0 0 0 0 0 0
400 0 0 0 0 0 0
405 0 0 0 0 0 0
410 0 0 0 0 0 0
415 0 0 0 0 0 0
420 0 0 0 0 0 0
425 0 0 0 0 0 0
430 0 0 0 0 0 0
435 0 0 0 0 0 0
440 0 0 0 0 0 0
445 0 0 0 0 0 0
450 0 0 0 0 0 0
455 0 0 0 0 0 0
460 0 0 0 0 0 0
465 0 0 0 0 0 0
470 0 0 0 0 0 0
475 0 0 0 0 0 0
480 0 0 0 0 0 0
485 0 0 0 0 0 0
490 0 0 0 0 0 0
495 0 0 0 0 0 0
500 0 0 0 0 0 0
505 0 0 0 0 0 0
510 0 0 0 0 0 0
515 0 0 0 0 0 0
520 0 0 0 0 0 0
525 0 0 0 0 0 0
530 0 0 0 0 0 0
535 0 0 0 0 0 0
540 0 0 0 0 0 0
545 0 0 0 0 0 0
550 0 0 0 0 0 0
555 0 0 0 0 0 0
560 0 0 0 0 0 0
565 0 0 0 0 0 0
570 0 0 0 0 0 0
575 0 0 0 0 0 0
580 0 0 0 0 0 0
585 0 0 0 0 0 0
590 0 0 0 0 0 0
595 0 0 0 0 0 0
600 0 0 0 0 0 0
605 0 0 0 0 0 0
610 0 0 0 0 0 0
615 0 0 0 0 0 0
620 0 0 0 0 0 0
625 0 0 0 0 0 0
630 0 0 0 0 0 0
635 0 0 0 0 0 0
640 0 0 0 0 0 0
645 0 0 0 0 0 0
650 0 0 0 0 0 0
655 0 0 0 0 0 0
660 0 0 0 0 0 0
665 0 0 0 0 0 0
670 0 0 0 0 0 0
675 0 0 0 0 0 0
680 0 0 0 0 0 0
685 0 0 0 0 0 0
690 0 0 0 0 0 0
695 0 0 0 0 0 0
700 0 0 0 0 0 0
705 0 0 0 0 0 0
710 0 0 0 0 0 0
715 0 0 0 0 0 0
720 0 0 0 0 0 0
725 0 0 0 0 0 0
730 0 0 0 0 0 0
735 0 0 0 0 0 0
740 0 0 0 0 0 0
745 0 0 0 0 0 0
750 0 0 0 0 0 0
755 0 0 0 0 0 0
760 0 0 0 0 0 0
765 0 0 0 0 0 0
770 0 0 0 0 0 0
775 0 0 0 0 0 0
780 0 0 0 0 0 0
785 0 0 0 0 0 0
790 0 0 0 0 0 0
795 0 0 0 0 0 0
800 0 0 0 0 0 0
805 0 0 0 0 0 0
810 0 0 0 0 0 0
815 0 0 0 0 0 0
820 0 0 0 0 0 0
825 0 0 0 0 0 0
830 0 0 0 0 0 0
835 0 0 0 0 0 0
840 0 0 0 0 0 0
845 0 0 0 0 0 0
850 0 0 0 0 0 0
855 0 0 0 0 0 0
860 0 0 0 0 0 0
865 0 0 0 0 0 0
870 0 0 0 0 0 0
875 0 0 0 0 0 0
880 0 0 0 0 0 0
885 0 0 0 0 0 0
890 0 0 0 0 0 0
895 0 0 0 0 0 0
900 0 0 0 0 0 0
905 0 0 0 0 0 0
910 0 0 0 0 0 0
915 0 0 0 0 0 0
920 0 0 0 0 0 0
925 0 0 0 0 0 0
930 0 0 0 0 0 0
935 0 0 0 0 0 0
940 0 0 0 0 0 0
945 0 0 0 0 0 0
950 0 0 0 0 0 0
955 0 0 0 0 0 0
960 0 0 0 0 0 0
965 0 0 0 0 0 0
970 0 0 0 0 0 0
975 0 0 0 0 0 0
980 0 0 0 0 0 0
985 0 0 0 0 0 0
990 0 0 0 0 0 0
995 0 0 0 0 0 0
1000 0 0 0 0 0 0
1005 0 0 0 0 0 0
1010 0 0 0 0 0 0
1015 0 0 0 0 0 0
1020 0 0 0 0 0 0
1025 0 0 0 0 0 0
1030 0 0 0 0 0 0
1035 0 0 0 0 0 0
1040 0 0 0 0 0 0
1045 0 0 0 0 0 0
1050 0 0 0 0 0 0
1055 0 0 0 0 0 0
1060 0 0 0 0 0 0
1065 0 0 0 0 0 0
1070 0 0 0 0 0 0
1075 0 0 0 0 0 0
1080 0 0 0 0 0 0
1085 0 0 0 0 0 0
1090 0 0 0 0 0 0
1095 0 0 0 0 0 0
1100 0 0 0 0 0 0
1105 0 0 0 0 0 0
1110 0 0 0 0 0 0
1115 0 0 0 0 0 0
1120 0 0 0 0 0 0
1125 0 0 0 0 0 0
1130 0 0 0 0 0 0
1135 0 0 0 0 0 0
1140 0 0 0 0 0 0
1145 0 0 0 0 0 0
1150 0 0 0 0 0 0
1155 0 0 0 0 0 0
1160 0 0 0 0 0 0
1165 0 0 0 0 0 0
1170 0 0 0 0 0 0
1175 0 0 0 0 0 0
1180 0 0 0 0 0 0
1185 0 0 0 0 0 0
1190 0 0 0 0 0 0
1195 0 0 0 0 0 0
1200 0 0 0 0 0 0
1205 0 0 0 0 0 0
1210 0 0 0 0 0 0
1215 0 0 0 0 0 0
1220 0 0 0 0 0 0
1225 0 0 0 0 0 0
1230 0 0 0 0 0 0
1235 0 0 0 0 0 885
1240 0 0 0 0 0 886
1245 0 0 0 0 0 886
1250 0 0 0 0 0 886
1255 0 0 0 0 0 886
1260 0 0 0 0 0 886
1265 0 0 0 0 0 891
1270 0 0 0 0 0 891
1275 0 0 0 0 0 891
1280 0 0 0 0 0 891
1285 0 0 0 0 0 891
1290 0 0 0 0 0 891
1295 0 0 0 0 0 891
1300 0 0 0 0 0 891
1305 0 0 0 0 0 891
1310 0 0 0 0 0 891
1315 0 0 0 0 0 825
1320 0 0 0 0 0 825
1325 0 0 0 0 0 825
1330 0 0 0 0 0 825
1335 0 0 0 0 0 825
1340 0 0 0 0 0 825
1345 0 0 0 0 0 4876
1350 0 0 0 0 0 19226
1355 0 0 0 0 0 42268
1360 0 0 0 0 0 51657
1365 0 0 0 0 0 53010
1370 0 0 0 0 0 89966
1375 0 0 0 0 0 92267
1380 0 0 0 0 0 112205
1385 0 0 0 0 0 135832
1390 0 0 0 0 0 136381
1395 0 0 0 0 0 151378
1400 0 0 0 0 0 180937
1405 0 0 0 0 0 195371
1410 0 0 0 0 0 200740
1415 0 0 0 0 0 223792
1420 0 0 0 0 0 242373
1425 0 0 0 0 0 255836
1430 0 0 0 0 0 264748
1435 0 0 0 0 0 279535
1440 0 0 0 0 0 280176
1445 0 0 0 0 0 281231
1450 0 0 0 0 0 282843
1455 0 0 0 0 0 282843
1460 0 0 0 0 0 283865
1465 0 0 0 0 0 283865
1470 0 0 0 0 0 285259
1475 0 0 0 0 0 286542
1480 0 0 0 0 0 325748
1485 0 0 0 0 0 363583
1490 0 0 0 0 0 383678
1495 0 0 0 0 0 387465
1500 0 0 0 0 0 429350
1505 0 0 0 0 0 517565
1510 0 0 0 0 0 543136
1515 0 0 0 0 0 544094
1520 0 0 0 0 0 545653
1525 0 0 0 0 0 545653
1530 0 0 0 0 0 546870
1535 0 0 0 0 0 546934
1540 0 0 0 0 0 548712
1545 0 0 0 0 0 548712
1550 0 0 0 0 0 549228
1555 0 0 0 0 0 549511
1560 0 0 0 0 0 549511
1565 0 0 0 0 0 550481
1570 0 0 0 0 0 574319
1575 0 0 0 0 0 584724
1580 0 0 0 0 0 584975
1585 0 0 0 0 0 585299
1590 0 0 0 0 0 585299
1595 0 0 0 0 0 585299
1600 0 0 0 0 0 585471
1605 0 0 0 0 0 586621
1610 0 0 0 0 0 627063
1615 0 0 0 0 0 632999
1620 0 0 0 0 0 639714
1625 0 0 0 0 0 649203
1630 0 0 0 0 0 649516
1635 0 0 0 0 0 689956
1640 0 0 0 0 0 690936
1645 0 0 0 0 0 691228
1650 0 0 0 0 0 691284
1655 0 0 0 0 0 691536
1660 0 0 0 0 0 691543
1665 0 0 0 0 0 692164
1670 0 0 0 0 0 719496
1675 0 0 0 0 0 762716
1680 0 0 0 0 0 762934
1685 0 0 0 0 0 763001
1690 0 0 0 0 0 764068
1695 0 0 0 0 0 767775
1700 0 0 0 0 0 806287
1705 0 0 0 0 0 837346
1710 0 0 0 0 0 837434
1715 0 0 0 0 0 837636
1720 0 0 0 0 0 927377
1725 0 0 0 0 0 939600
1730 0 0 0 0 0 940335
1735 0 0 0 0 0 940371
1740 0 0 0 0 0 940449
1745 0 0 0 0 0 941424
1750 0 0 0 0 0 941573
1755 0 0 0 0 0 990861
1760 0 0 0 0 0 1003010
1765 0 0 0 0 0 1003136
1770 0 0 0 0 0 1004944
1775 0 0 0 0 0 1004944
1780 0 0 0 0 0 1004944
1785 0 0 0 0 0 1004944
1790 0 0 0 0 0 1004944
1795 0 0 0 0 0 991298
1800 0 0 0 0 0 982022
1805 0 0 0 0 0 952033
1810 0 0 0 0 0 931518
1815 0 0 0 0 0 927531
1820 0 0 0 0 0 910571
1825 0 0 0 0 0 898689
1830 0 0 0 0 0 871765
1835 0 0 0 0 0 865051
1840 0 0 0 0 0 846299
1845 0 0 0 0 0 842283
1850 0 0 0 0 0 821812
1855 0 0 0 0 0 792590
1860 0 0 0 0 0 787083
1865 0 0 0 0 0 787083
1870 0 0 0 0 0 787083
1875 0 0 0 0 0 787083
1880 0 0 0 0 0 787083
1885 0 0 0 0 0 787083
1890 0 0 0 0 0 787083
1895 0 0 0 0 0 787083
1900 0 0 0 0 0 787083
1905 0 0 0 0 0 787083
1910 0 0 0 0 0 787083
1915 0 0 0 0 0 787083
1920 0 0 0 0 0 787083
1925 0 0 0 0 0 787083
1930 0 0 0 0 0 787083
1935 0 0 0 0 0 787083
1940 0 0 0 0 0 787083
1945 0 0 0 0 0 787083
1950 0 0 0 0 0 787083
1955 0 0 0 0 0 787081
1960 0 0 0 0 0 787081
1965 0 0 0 0 0 767074
1970 0 0 0 0 0 736442
1975 0 0 0 0 0 706302
1980 0 0 0 0 0 675931
1985 0 0 0 0 0 665621
1990 0 0 0 0 0 654493
1995 0 0 0 0 0 635588
2000 0 0 0 0 0 618408
2005 0 0 0 0 0 593128
2010 0 0 0 0 0 564515
2015 0 0 0 0 0 535671
2020 0 0 0 0 0 502602
2025 0 0 0 0 0 475720
2030 0 0 0 0 0 475720
2035 0 0 0 0 0 475720
2040 0 0 0 0 0 475720
2045 0 0 0 0 0 475720
2050 0 0 0 0 0 475720
2055 0 0 0 0 0 475720
2060 0 0 0 0 0 475720
2065 0 0 0 0 0 475720
2070 0 0 0 0 0 475720
2075 0 0 0 0 0 475720
2080 0 0 0 0 0 475720
2085 0 0 0 0 0 475720
2090 0 0 0 0 0 475720
2095 0 0 0 0 0 475720
2100 0 0 0 0 0 475720
2105 0 0 0 0 0 475720
2110 0 0 0 0 0 475720
2115 0 0 0 0 0 475720
2120 0 0 0 0 0 475720
2125 0 0 0 0 0 475720
2130 0 0 0 0 0 475720
2135 0 0 0 0 0 475720
2140 0 0 0 0 0 475720
2145 0 0 0 0 0 475720
2150 0 0 0 0 0 475720
2155 0 0 0 0 0 475720
2160 0 0 0 0 0 475720
2165 0 0 0 0 0 475720
2170 0 0 0 0 0 475720
2175 0 0 0 0 0 475720
2180 0 0 0 0 0 475720
2185 0 0 0 0 0 475720
2190 0 0 0 0 0 475720
2195 0 0 0 0 0 475720
2200 0 0 0 0 0 475720
2205 0 0 0 0 0 475720
2210 0 0 0 0 0 475720
2215 0 0 0 0 0 475720
2220 0 0 0 0 0 475720
2225 0 0 0 0 0 475720
2230 0 0 0 0 0 475720
2235 0 0 0 0 0 475720
2240 0 0 0 0 0 475720
2245 0 0 0 0 0 475720
2250 0 0 0 0 0 475720
2255 0 0 0 0 0 475720
2260 0 0 0 0 0 475720
2265 0 0 0 0 0 475720
2270 0 0 0 0 0 475720
2275 0 0 0 0 0 475720
2280 0 0 0 0 0 475720
2285 0 0 0 0 0 475720
2290 0 0 0 0 0 475720
2295 0 0 0 0 0 475720
2300 0 0 0 0 0 475720
2305 0 0 0 0 0 475720
2310 0 0 0 0 0 475720
2315 0 0 0 0 0 475720
2320 0 0 0 0 0 475720
2325 0 0 0 0 0 475720
2330 0 0 0 0 0 475720
2335 0 0 0 0 0 475720
2340 0 0 0 0 0 475720
2345 0 0 0 0 0 475720
2350 0 0 0 0 0 475720
2355 0 0 0 0 0 475720
2360 0 0 0 0 0 475720
2365 0 0 0 0 0 475720
2370 0 0 0 0 0 475720
2375 0 0 0 0 0 475720
2380 0 0 0 0 0 475720
2385 0 0 0 0 0 475720
2390 0 0 0 0 0 475720
2395 0 0 0 0 0 475720
2400 0 0 0 0 0 475720
2405 0 0 0 0 0 475720
2410 0 0 0 0 0 475720
2415 0 0 0 0 0 475720
2420 0 0 0 0 0 475720
2425 0 0 0 0 0 475720
2430 0 0 0 0 0 475720
2435 0 0 0 0 0 475720
2440 0 0 0 0 0 475720
2445 0 0 0 0 0 475720
2450 0 0 0 0 0 475720
2455 0 0 0 0 0 475720
2460 0 0 0 0 0 475720
2465 0 0 0 0 0 475720
2470 0 0 0 0 0 457338
2475 0 0 0 0 0 427089
2480 0 0 0 0 0 402216
2485 0 0 0 0 0 402216
2490 0 0 0 0 0 402216
2495 0 0 0 0 0 402216
