Start 
gets:8818 sgets:932 puts:3596 flushes:0 evicts:0
=======APPLICATION OUTPUT==========
========== Container 4 Memory STATS ==============
cache 8388608
rss 6868992
rss_huge 0
mapped_file 8114176
writeback 0
pgpgin 79276
pgpgout 75551
pgfault 177546
pgmajfault 184
inactive_anon 77824
active_anon 6868992
inactive_file 4153344
active_file 4157440
unevictable 0
hierarchical_memory_limit 999997440
total_cache 8388608
total_rss 6868992
total_rss_huge 0
total_mapped_file 8114176
total_writeback 0
total_pgpgin 79276
total_pgpgout 75551
total_pgfault 177546
total_pgmajfault 184
total_inactive_anon 77824
total_active_anon 6868992
total_inactive_file 4153344
total_active_file 4157440
total_unevictable 0
======== END Container STATS ======
WARNING: Could not open /proc/sys/kernel/shmmax file!
It means that you probably ran Filebench not as a root. Filebench will not increase shared
region limits in this case, which can lead to the failures on certain workloads.
Filebench Version 1.4.9.1
 1875: 0.000: Allocated 170MB of shared memory
 1875: 0.115: Eventgen rate taken from variable
 1875: 0.116: Video Server Version 3.0 personality successfully loaded
 1875: 0.116: Creating/pre-allocating files and filesets
 1875: 0.190: Fileset passivevids: 10 files, 0 leafdirs, avg dir width = 20, avg dir depth = 0.8, 5699.813MB
 1875: 0.190: Re-using fileset passivevids.
 1875: 0.190: Creating fileset passivevids...
 1875: 0.190: Preallocated 6 of 10 of fileset passivevids in 1 seconds
 1875: 0.195: Fileset activevids: 5 files, 0 leafdirs, avg dir width = 4, avg dir depth = 1.2, 7474.542MB
 1875: 0.195: Re-using fileset activevids.
 1875: 0.195: Creating fileset activevids...
 1875: 0.357: Preallocated 5 of 5 of fileset activevids in 1 seconds
 1875: 0.357: waiting for fileset pre-allocation to finish
 1889: 195.049: Starting 1 vidreaders instances
 1889: 195.344: Starting 1 vidwriter instances
 1891: 195.693: Starting 1 vidwriter threads
 1890: 196.373: Starting 16 vidreaders threads
 1875: 198.374: Running...
 1875: 2000.796: Run took 1800 seconds...
 1875: 2001.280: Per-Operation Breakdown
vidreader            129780ops       72ops/s  18.0mb/s    192.8ms/op     3805us/op-cpu [0ms - 18079ms]
replaceinterval      49ops        0ops/s   0.0mb/s  20000.1ms/op        0us/op-cpu [20000ms - 20000ms]
wrtclose             49ops        0ops/s   0.0mb/s      0.0ms/op        0us/op-cpu [0ms - 0ms]
newvid               49ops        0ops/s  15.6mb/s  15852.3ms/op   885510us/op-cpu [101ms - 48963ms]
wrtopen              50ops        0ops/s   0.0mb/s      3.7ms/op        0us/op-cpu [0ms - 63ms]
vidremover           50ops        0ops/s   0.0mb/s    265.3ms/op     5400us/op-cpu [0ms - 2281ms]
 1875: 2001.280: IO Summary: 129978 ops, 72.105 ops/s, (72/0 r/w),  33.6mb/s,    614us cpu/op, 198.9ms latency
 1875: 2001.280: Shutting down processes
========== Container 4 Memory STATS AT END ==============
cache 597065728
rss 3055616
rss_huge 2097152
mapped_file 2084864
writeback 0
pgpgin 10827385
pgpgout 10740147
pgfault 801302
pgmajfault 29626
inactive_anon 790528
active_anon 122880
inactive_file 300699648
active_file 296366080
unevictable 0
hierarchical_memory_limit 749998080
total_cache 597065728
total_rss 3055616
total_rss_huge 2097152
total_mapped_file 2084864
total_writeback 0
total_pgpgin 10827385
total_pgpgout 10740147
total_pgfault 801302
total_pgmajfault 29626
total_inactive_anon 790528
total_active_anon 122880
total_inactive_file 300699648
total_active_file 296366080
total_unevictable 0
======== END Container STATS ======
=======END==========
gets:2604733 sgets:41867 puts:2528342 flushes:0 evicts:2011489
