0 111 
5 111 
10 111 
15 111 
20 111 
25 111 
30 111 
35 111 
40 111 
45 111 
50 111 
55 111 
60 111 
65 111 
70 111 
75 111 
80 111 
85 111 
90 111 
95 111 
100 111 
105 111 
110 111 
115 111 
120 111 
125 111 
130 111 
135 111 
140 111 
145 111 
150 111 
155 111 
160 111 
165 111 
170 111 
175 111 
180 111 
185 111 
190 111 
195 111 
200 111 
205 111 
210 111 
215 111 
220 2133 
225 10149 
230 18835 
235 27496 
240 36139 
245 44143 
250 52125 
255 60131 
260 68118 
265 75429 
270 86149 
275 94785 
280 102735 
285 110705 
290 118687 
295 126647 
300 135266 
305 143208 
310 151782 
315 160342 
320 168264 
325 176001 
330 184568 
335 193144 
340 201723 
345 214121 
350 222674 
355 231215 
360 239095 
365 247646 
370 249950 
375 249973 
380 249944 
385 249973 
390 249974 
395 249965 
400 249941 
405 249999 
410 249968 
415 249630 
420 249996 
425 249938 
430 249607 
435 249971 
440 249967 
445 249510 
450 249965 
455 247407 
460 249976 
465 249983 
470 249955 
475 249958 
480 249980 
485 249944 
490 249780 
495 249879 
500 249953 
505 249949 
510 249996 
515 249974 
520 249975 
525 249715 
530 249973 
535 249978 
540 249945 
545 249974 
550 249486 
555 249946 
560 249824 
565 249919 
570 249609 
575 249942 
580 249953 
585 249984 
590 249990 
595 249911 
600 249982 
605 249994 
610 249937 
615 249976 
620 249987 
625 249788 
630 249976 
635 249961 
640 249963 
645 249943 
650 249947 
655 249960 
660 249990 
665 249981 
670 249973 
675 249975 
680 249969 
685 249984 
690 249953 
695 249980 
700 249953 
705 249986 
710 249979 
715 249953 
720 249989 
725 249980 
730 249944 
735 249994 
740 249964 
745 249959 
750 249980 
755 249962 
760 249979 
765 249968 
770 249994 
775 249977 
780 249955 
785 249985 
790 249956 
795 249938 
800 249978 
805 249943 
810 249973 
815 249954 
820 249982 
825 249993 
830 249950 
835 249978 
840 249958 
845 249968 
850 249964 
855 249987 
860 250000 
865 249988 
870 249986 
875 249986 
880 249972 
885 249974 
890 249967 
895 249936 
900 249936 
