0 0 0 0 904
5 0 0 0 904
10 0 0 0 904
15 0 0 0 904
20 0 0 0 904
25 0 0 0 904
30 0 0 0 904
35 0 0 0 904
40 0 0 0 904
45 0 0 0 6086
50 0 0 0 7921
55 0 0 0 8075
60 0 0 0 7727
65 0 0 0 8244
70 0 0 0 8314
75 0 0 0 8485
80 0 0 0 9119
85 0 0 0 8260
90 0 0 0 8285
95 0 0 0 8754
100 0 0 0 8532
105 0 0 0 8401
110 0 0 0 8431
115 0 0 0 8740
120 0 0 0 8068
125 0 0 0 8067
130 0 0 0 8146
135 0 0 0 8118
140 0 0 0 8016
145 0 0 0 8597
150 0 0 0 8789
155 0 0 0 9013
160 0 0 0 8969
165 0 0 0 8774
170 0 0 857 9099
175 0 0 857 9123
180 0 0 857 9085
185 0 0 857 8689
190 0 0 857 8737
195 0 0 857 8522
200 0 0 857 8335
205 0 0 857 8303
210 0 0 857 8315
215 0 0 857 8251
220 0 0 857 8120
225 0 0 857 7983
230 0 0 857 7817
235 0 0 857 7721
240 0 0 857 7588
245 0 0 857 7557
250 0 0 857 10539
255 0 0 857 10472
260 0 0 857 10058
265 0 0 857 9122
270 0 0 857 9121
275 0 0 857 9121
280 0 0 857 9121
285 0 0 857 9121
290 0 0 857 77365
295 0 0 857 77353
300 0 0 857 77353
305 0 0 857 77353
310 0 0 857 77353
315 0 0 857 77345
320 0 0 857 77377
325 0 0 857 135029
330 0 0 857 135238
335 0 0 857 135472
340 0 0 857 136423
345 0 0 857 136546
350 0 0 857 139394
355 0 0 857 138972
360 0 0 857 143753
365 0 0 857 144705
370 0 0 857 144860
375 0 0 857 145538
380 0 0 857 145538
385 0 0 857 145538
390 0 0 857 146440
395 0 0 857 147433
400 0 0 857 148295
405 0 0 857 176584
410 0 0 857 182575
415 0 0 857 193498
420 0 0 857 202352
425 0 0 857 202683
430 0 0 857 272258
435 0 0 857 272880
440 0 0 857 272806
445 0 0 857 274637
450 0 0 857 276823
455 0 0 857 277969
460 0 0 857 277372
465 0 856 857 277372
470 0 857 857 277372
475 0 857 857 277372
480 0 857 857 277372
485 0 857 857 315639
490 0 857 857 315823
495 0 857 857 315644
500 0 869 857 315639
505 0 3508 857 315639
510 0 7108 857 315639
515 0 10608 857 336303
520 0 12108 857 336065
525 0 13958 857 335959
530 0 15658 857 335935
535 0 19158 857 335934
540 0 22808 857 335934
545 0 26158 857 361248
550 0 27658 857 361657
555 0 29508 857 361408
560 0 31001 857 362143
565 0 32279 857 362058
570 0 33706 857 361894
575 0 36584 857 361894
580 0 40857 857 361876
585 0 45191 857 387891
590 0 46791 857 388042
595 0 48141 857 388144
600 0 49438 857 388072
605 0 53187 857 388072
610 0 57373 857 388072
615 0 61986 857 388054
620 0 65908 857 388396
625 0 69656 857 396227
630 0 72174 857 405453
635 0 74405 857 411820
640 0 78174 857 443949
645 0 78921 857 444119
650 0 80017 857 440082
655 0 81244 857 440114
660 0 82444 857 440675
665 0 86071 857 433488
670 163 89194 857 433874
675 1191 90937 857 430768
680 2319 92027 857 426671
685 4195 93542 857 422575
690 7819 96965 857 418479
695 11391 100549 857 410287
700 14906 104006 857 402078
705 18082 107375 857 394431
710 19667 108704 857 392740
715 21255 109766 857 388610
720 22665 110739 857 389035
725 24052 112095 857 384635
730 25502 113223 857 380911
735 26454 114402 857 380873
740 27626 115570 857 376855
745 28743 116702 857 376746
750 29859 117995 857 373049
755 31252 119430 857 368681
760 34406 122286 857 364186
765 37354 125339 857 359711
770 40525 128350 857 351470
775 43635 131516 857 347374
780 46373 134381 873 339182
785 48818 137473 873 335086
790 50319 139040 873 330990
795 53209 142052 873 326894
800 55825 144694 1410 318702
805 58383 147173 2829 313554
810 59669 148303 3419 309458
815 61236 149679 4141 305548
820 62684 150706 4725 305013
825 64080 152078 5593 302349
830 64964 153031 6187 298370
835 67583 155638 7578 290178
840 71086 157280 9801 281986
845 74324 157285 11774 277954
850 76494 158305 12985 275662
855 77723 159006 13730 271770
860 79229 160328 14481 267621
865 80902 161538 15314 264104
870 82352 161828 16090 259882
875 83963 162098 16914 259832
880 87135 162030 18259 255603
885 90035 162128 19915 251504
890 92988 162003 21314 247408
895 94994 162045 22194 244678
900 96555 161809 22608 240432
905 98005 161285 23052 240432
910 99512 161898 23703 236336
915 100964 161678 24391 236336
920 104308 161531 25807 232235
925 107259 161557 26843 226933
930 108316 161641 27331 222833
935 109656 161646 27947 222728
940 110932 161698 28425 222845
945 112215 161670 28988 218926
950 113612 162002 29669 218679
955 114785 161737 30351 214583
960 115959 161599 30929 214583
965 118965 161441 32266 210487
970 122141 161626 33570 206391
975 125317 161882 34979 198199
980 127659 161688 35922 196981
985 129160 161665 36394 196413
990 130554 161519 36964 192858
995 132002 161321 37526 192299
1000 133061 161166 38174 188000
1005 134121 161119 38691 187808
1010 136461 161425 39832 183276
1015 139410 161530 41392 179180
1020 142361 161085 42956 175916
1025 145416 161146 44571 171820
1030 148802 160963 46322 167724
1035 142961 160413 48574 168905
1040 138153 160247 49878 175435
1045 139970 160362 50477 169487
1050 136665 160609 50929 170981
1055 135496 160719 52149 171827
1060 135366 160600 52741 172356
1065 135572 160776 53511 173213
1070 135412 160303 54235 173084
1075 135574 160456 55066 168988
1080 135991 159683 56525 168988
1085 138803 159383 58429 164888
1090 141696 159880 60530 161276
1095 143425 159958 61194 157357
1100 137343 160379 61906 157099
1105 135486 160366 62464 157058
1110 135431 160555 63243 157058
1115 135588 160787 63927 157058
1120 135562 160711 64464 157058
1125 136518 161212 66366 157055
1130 136302 160771 67035 158243
1135 135519 160662 67519 158997
1140 135512 160304 68145 159763
1145 135521 160495 68522 156281
1150 135529 160770 69143 156549
1155 135482 160824 69672 156499
1160 135624 160859 70087 153655
1165 135438 161134 70717 154728
1170 135512 161225 71286 151937
1175 135506 161463 71929 151994
1180 135514 161262 72814 151898
1185 135540 161291 74129 151794
1190 137482 161064 75448 147431
1195 136251 161455 77106 147362
1200 139512 161067 79040 143373
1205 143320 161092 80985 135211
1210 146924 161402 82379 131571
1215 146191 161290 83955 131311
1220 135550 160878 85625 128079
1225 137305 160601 87345 138171
1230 140113 161065 87867 134496
1235 139000 161291 88373 130144
1240 135365 160922 89113 130110
1245 135550 160963 89844 130109
1250 135607 160696 90269 130790
1255 135506 160814 90941 130874
1260 135467 160709 91609 131128
1265 135595 160676 92308 130775
1270 135504 160504 92733 130532
1275 136065 160950 94628 130532
1280 135624 160679 96054 130532
1285 137560 160556 97172 128336
1290 135442 160990 97846 128117
1295 135656 161086 98574 128457
1300 135389 161323 99038 124203
1305 135552 161430 99787 124054
1310 135620 161333 100429 124054
1315 135548 161763 101370 124005
1320 136387 162321 103115 119909
1325 139395 162083 104379 115812
1330 136288 162208 106076 115628
1335 135510 162082 106629 117319
1340 135547 162241 107256 117196
1345 135548 162320 107885 117161
1350 135427 162292 108593 117160
1355 136708 161763 110569 113063
1360 136236 162037 112361 113063
1365 135509 159107 113058 115992
1370 135519 160625 113967 111960
1375 135601 157966 114714 114980
1380 135461 159259 115681 110852
1385 136468 158842 117735 110852
1390 136488 153884 119660 110852
1395 136134 153257 121814 110852
1400 135822 151779 123127 111494
1405 135671 153233 123843 108068
1410 135641 154603 124458 108068
1415 136557 150240 126609 108068
1420 136586 150260 128789 108068
1425 139944 145633 131118 103972
1430 135609 145193 133131 107816
1435 137506 145234 135741 103480
1440 141036 140566 137489 104903
1445 135608 139045 138915 104415
1450 137533 143434 141587 99012
1455 135551 141205 142441 98648
1460 135701 142625 143263 99264
1465 135726 143854 143724 98807
1470 135589 145062 144653 98794
1475 136198 143413 142129 98794
1480 139288 143122 140155 98794
1485 135588 144671 140599 102752
1490 135625 141948 141277 102410
1495 135751 143000 141702 102410
1500 137112 142429 143106 98314
1505 136571 141975 144347 98314
1510 135918 145229 141836 98314
1515 135821 139704 142720 105754
1520 135585 141052 143212 101658
1525 135659 142187 143765 101312
1530 135699 143447 140188 104211
1535 135638 140815 140755 103280
1540 135634 141978 141315 104685
1545 135702 143280 141919 99961
1550 135879 140493 142495 102113
1555 135790 142735 143218 102113
1560 138258 138982 140831 102113
1565 136378 142582 142356 102113
1570 139508 143181 140206 100481
1575 138536 139215 138124 100383
1580 135607 141275 138873 105359
1585 136243 140759 140084 104660
1590 135769 140868 141542 103272
1595 136618 140500 142972 103668
1600 135718 142102 143388 99571
1605 135766 143485 139780 103327
1610 135688 144790 140246 100332
1615 135599 142296 140702 103820
1620 135776 143421 141323 99756
1625 135677 145051 142147 99756
1630 137644 141774 144195 99756
1635 141333 138935 141759 99756
1640 135747 141596 142790 100073
1645 135645 140809 143951 101756
1650 135734 142141 144472 101763
1655 135785 143512 140789 101673
1660 135559 144660 141215 101673
1665 136495 140010 142815 101673
1670 135746 143322 140158 101673
1675 137808 140045 142337 101670
1680 140910 143241 139725 97573
1685 135733 145011 140374 101743
1690 135729 142226 141073 101743
1695 136492 141626 142623 101743
1700 138774 141222 140020 101743
1705 142193 141853 141989 97627
1710 135588 143447 142618 102116
1715 135690 140425 143108 102116
1720 135779 141654 143742 98885
1725 135725 143019 144300 98805
1730 135649 144383 145112 98635
1735 136900 144170 142673 98635
1740 139534 143183 140237 98635
1745 141641 138679 141747 98630
1750 135884 141642 143078 103019
1755 135786 142856 143485 98908
1760 135604 144114 144120 98876
1765 135747 142256 145145 98876
1770 137724 142255 143001 98876
1775 141657 142369 141098 98876
1780 145462 137820 138646 100822
1785 149210 137820 137170 97555
1790 136620 137820 139789 107880
1795 136100 137820 141452 105461
1800 136100 137820 144547 105429
1805 136089 137820 148406 101333
1810 136089 137820 152341 97237
1815 136089 137820 148983 97237
1820 136089 137820 149834 97237
1825 136089 137820 149866 97237
1830 136089 137820 149796 97237
1835 136089 137820 149792 97237
1840 136089 137820 149504 97237
1845 136089 137820 149589 97237
1850 136089 137820 149465 97237
1855 136089 137820 149778 97237
1860 136089 137820 149319 97237
1865 136089 137820 149782 97237
1870 136089 137820 149926 97237
1875 136089 137820 149774 97237
1880 136089 137820 152728 97237
1885 136089 137820 151434 97237
1890 136089 137820 150985 97237
1895 136089 137820 149931 97237
1900 136089 137820 149764 97237
1905 136089 137820 149194 97237
1910 136089 137820 148508 97237
1915 136089 137820 148036 97237
1920 136089 137820 147368 97237
1925 136089 137820 147267 97237
1930 136089 137820 146975 97237
1935 136089 137820 147142 97237
1940 136089 137820 146865 97237
1945 136089 137820 146437 97237
1950 136089 137820 146614 97237
1955 136089 137820 146114 97237
1960 136089 137820 145964 97237
1965 136089 137820 145618 97237
