Start 
gets:8826 sgets:940 puts:2710 flushes:0 evicts:0
=======APPLICATION OUTPUT==========
========== Container 3 Memory STATS ==============
cache 8142848
rss 7036928
rss_huge 0
mapped_file 8036352
writeback 0
pgpgin 78405
pgpgout 74699
pgfault 177822
pgmajfault 183
inactive_anon 69632
active_anon 7036928
inactive_file 3895296
active_file 4177920
unevictable 0
hierarchical_memory_limit 999997440
total_cache 8142848
total_rss 7036928
total_rss_huge 0
total_mapped_file 8036352
total_writeback 0
total_pgpgin 78405
total_pgpgout 74699
total_pgfault 177822
total_pgmajfault 183
total_inactive_anon 69632
total_active_anon 7036928
total_inactive_file 3895296
total_active_file 4177920
total_unevictable 0
======== END Container STATS ======
WARNING: Could not open /proc/sys/kernel/shmmax file!
It means that you probably ran Filebench not as a root. Filebench will not increase shared
region limits in this case, which can lead to the failures on certain workloads.
Filebench Version 1.4.9.1
 1870: 0.000: Allocated 170MB of shared memory
 1870: 0.013: Varmail Version 3.0 personality successfully loaded
 1870: 0.013: Creating/pre-allocating files and filesets
 1870: 0.064: Fileset bigfileset: 25000 files, 0 leafdirs, avg dir width = 50, avg dir depth = 2.6, 1556.241MB
 1870: 0.064: Re-using fileset bigfileset.
 1870: 0.064: Creating fileset bigfileset...
 1870: 182.313: Preallocated 23771 of 25000 of fileset bigfileset in 183 seconds
 1870: 182.313: waiting for fileset pre-allocation to finish
25644: 183.322: Starting 1 filereader instances
25644: 183.322: Starting 1 indexer instances
25646: 183.330: Starting 1 indexer threads
25645: 183.342: Starting 16 filereaderthread threads
 1870: 184.388: Running...
 1870: 1984.593: Run took 1800 seconds...
 1870: 1984.970: Per-Operation Breakdown
closefile4           12246ops        7ops/s   0.0mb/s      0.0ms/op       30us/op-cpu [0ms - 0ms]
readfile4            12246ops        7ops/s   0.4mb/s    185.5ms/op     1933us/op-cpu [0ms - 2197ms]
openfile4            12246ops        7ops/s   0.0mb/s      0.0ms/op       72us/op-cpu [0ms - 304ms]
closefile3           12246ops        7ops/s   0.0mb/s      0.0ms/op       54us/op-cpu [0ms - 5ms]
fsyncfile3           12255ops        7ops/s   0.0mb/s    913.4ms/op     5403us/op-cpu [134ms - 3756ms]
appendfilerand3      12256ops        7ops/s   0.2mb/s      8.9ms/op      106us/op-cpu [0ms - 1521ms]
readfile3            12256ops        7ops/s   0.4mb/s    191.9ms/op     1896us/op-cpu [0ms - 1732ms]
openfile3            12256ops        7ops/s   0.0mb/s      0.0ms/op       62us/op-cpu [0ms - 5ms]
closefile2           12256ops        7ops/s   0.0mb/s      0.0ms/op       66us/op-cpu [0ms - 24ms]
fsyncfile2           12259ops        7ops/s   0.0mb/s    900.3ms/op     5491us/op-cpu [129ms - 3827ms]
appendfilerand2      12262ops        7ops/s   0.2mb/s     31.0ms/op      216us/op-cpu [0ms - 2026ms]
createfile2          12262ops        7ops/s   0.0mb/s      3.8ms/op       81us/op-cpu [0ms - 1046ms]
deletefile1          12262ops        7ops/s   0.0mb/s     27.3ms/op      230us/op-cpu [0ms - 1511ms]
replaceinterval      754ops        0ops/s   0.0mb/s   1000.1ms/op       53us/op-cpu [1000ms - 1001ms]
indexclose5          754ops        0ops/s   0.0mb/s      0.0ms/op       40us/op-cpu [0ms - 0ms]
indexread5           754ops        0ops/s   0.0mb/s    268.6ms/op      146us/op-cpu [0ms - 2667ms]
indexopen5           754ops        0ops/s   0.0mb/s      0.0ms/op        0us/op-cpu [0ms - 0ms]
indexclose4          754ops        0ops/s   0.0mb/s      0.0ms/op        0us/op-cpu [0ms - 0ms]
indexread4           754ops        0ops/s   0.0mb/s    273.0ms/op       93us/op-cpu [0ms - 2365ms]
indexopen4           754ops        0ops/s   0.0mb/s      0.4ms/op       13us/op-cpu [0ms - 302ms]
indexclose3          754ops        0ops/s   0.0mb/s      0.0ms/op        0us/op-cpu [0ms - 0ms]
indexread3           754ops        0ops/s   0.0mb/s    265.7ms/op      146us/op-cpu [0ms - 1553ms]
indexopen3           754ops        0ops/s   0.0mb/s      0.0ms/op       40us/op-cpu [0ms - 2ms]
indexclose2          754ops        0ops/s   0.0mb/s      0.0ms/op        0us/op-cpu [0ms - 0ms]
indexread2           754ops        0ops/s   0.0mb/s    260.8ms/op       80us/op-cpu [0ms - 1421ms]
indexopen2           754ops        0ops/s   0.0mb/s      0.0ms/op       27us/op-cpu [0ms - 0ms]
indexclose1          754ops        0ops/s   0.0mb/s      0.0ms/op       53us/op-cpu [0ms - 0ms]
indexread1           755ops        0ops/s   0.0mb/s    247.6ms/op       53us/op-cpu [0ms - 1504ms]
indexopen1           755ops        0ops/s   0.0mb/s      0.0ms/op        0us/op-cpu [0ms - 0ms]
 1870: 1984.970: IO Summary: 170620 ops, 94.769 ops/s, (16/14 r/w),   1.4mb/s,    294us cpu/op, 544.0ms latency
 1870: 1984.970: Shutting down processes
========== Container 3 Memory STATS AT END ==============
cache 808419328
rss 6762496
rss_huge 0
mapped_file 7938048
writeback 0
pgpgin 1193726
pgpgout 1024856
pgfault 639099
pgmajfault 303
inactive_anon 6758400
active_anon 73728
inactive_file 613793792
active_file 194555904
unevictable 0
hierarchical_memory_limit 999997440
total_cache 808419328
total_rss 6762496
total_rss_huge 0
total_mapped_file 7938048
total_writeback 0
total_pgpgin 1193726
total_pgpgout 1024856
total_pgfault 639099
total_pgmajfault 303
total_inactive_anon 6758400
total_active_anon 73728
total_inactive_file 613793792
total_active_file 194555904
total_unevictable 0
======== END Container STATS ======
=======END==========
gets:395804 sgets:940 puts:278466 flushes:0 evicts:228482
