0 0 0 0 0
5 0 0 0 0
10 0 0 0 0
15 0 0 0 0
20 0 0 0 0
25 0 0 0 0
30 0 0 0 0
35 0 0 0 0
40 0 0 0 0
45 0 0 0 0
50 0 0 0 0
55 0 0 0 0
60 0 0 0 0
65 0 0 0 0
70 0 0 0 0
75 0 0 0 0
80 0 0 0 0
85 0 0 0 0
90 0 0 0 0
95 0 0 0 0
100 0 0 0 0
105 0 0 0 0
110 0 0 0 0
115 0 0 0 0
120 0 0 0 0
125 0 0 0 0
130 0 0 0 0
135 0 0 0 0
140 0 0 0 0
145 0 0 0 0
150 0 0 0 0
155 0 0 0 925
160 0 0 0 925
165 0 0 0 925
170 0 0 0 861
175 0 0 0 861
180 0 0 0 861
185 0 0 0 861
190 0 0 0 4966
195 0 0 0 11046
200 0 0 0 11046
205 0 0 0 11046
210 0 0 0 11046
215 0 0 0 11960
220 0 0 0 132337
225 0 0 0 133236
230 0 0 0 133236
235 0 0 0 133236
240 0 0 0 133483
245 0 0 0 263635
250 0 0 0 263731
255 0 0 0 263763
260 0 0 0 268547
265 0 0 0 268572
270 0 0 0 276950
275 0 0 0 280083
280 0 0 0 304387
285 0 0 0 304736
290 0 0 0 304736
295 0 0 0 304736
300 0 0 0 312084
305 0 0 0 348812
310 0 0 0 369537
315 0 0 0 381157
320 0 0 0 394192
325 0 0 0 432700
330 0 0 0 483873
335 0 0 0 477452
340 0 0 0 488472
345 0 0 0 484065
350 0 0 0 482818
355 0 0 0 464077
360 0 0 0 440012
365 0 0 0 410433
370 0 0 0 420172
375 0 0 830 478247
380 0 0 882 495642
385 0 0 883 497558
390 0 0 883 497541
395 0 0 883 497541
400 0 0 883 497402
405 0 0 883 497402
410 0 0 883 540750
415 0 0 883 537238
420 0 0 883 537238
425 0 0 883 537238
430 0 0 883 537213
435 0 0 883 593630
440 0 0 883 594798
445 0 0 883 573954
450 0 0 883 555885
455 0 0 883 555885
460 0 0 883 555766
465 0 0 883 555760
470 0 0 883 583634
475 0 0 883 601131
480 0 0 883 601131
485 0 891 883 601131
490 0 2996 883 604790
495 0 7596 883 605042
500 0 12012 883 607872
505 0 14128 883 609521
510 0 16923 883 609521
515 0 21252 883 609665
520 0 24099 883 695611
525 0 26253 883 696540
530 0 27976 883 671597
535 0 29868 883 671597
540 0 31713 883 671597
545 219 36033 883 671567
550 1097 37383 883 706786
555 2621 39318 883 688377
560 4644 42153 883 688377
565 8239 46383 883 688474
570 12409 50883 883 689042
575 15958 54453 883 706535
580 17435 55785 883 735817
585 18802 56948 883 744947
590 20368 58590 883 748041
595 21888 59899 883 766593
600 23253 61331 883 772889
605 24879 62476 883 779394
610 26808 63986 883 784176
615 28071 65285 883 781224
620 29392 66524 883 781733
625 30916 67633 883 780501
630 32237 68843 883 752834
635 33602 70242 883 752834
640 37192 72848 883 752695
645 40997 76459 883 752622
650 44544 79675 883 752622
655 48247 83341 883 759242
660 51541 85787 883 767289
665 53113 87522 884 767289
670 56061 90321 884 822922
675 57742 91683 885 848049
680 59017 92880 885 859224
685 60280 94257 885 858255
690 61798 95613 885 859107
695 63071 96682 885 839408
700 64588 97817 885 829589
705 66661 99750 885 829589
710 70154 103325 885 829589
715 73818 106694 885 829539
720 76664 109484 885 848102
725 78029 110373 885 862064
730 79291 111695 885 896772
735 80614 112846 885 884321
740 82129 114014 885 873077
745 84158 115485 1065 862978
750 87665 119029 1708 849218
755 89847 120475 2404 879803
760 91216 121700 2989 857498
765 93694 124468 4072 847941
770 97134 127808 5589 833438
775 101084 131650 7399 852744
780 103005 133320 8215 897320
785 104676 134666 8669 906616
790 106039 135888 9272 909151
795 107552 137133 9788 906226
800 109025 138558 10368 899193
805 111204 141163 11535 887465
810 114962 144458 13095 874826
815 118857 148469 14724 892860
820 120376 149561 15401 934496
825 121896 150566 15898 930171
830 123216 151767 16510 922364
835 125248 154461 17751 908900
840 128951 156825 19247 895089
845 133002 156909 20820 894165
850 136601 158503 22222 919013
855 138985 159775 22968 936060
860 140650 159641 23084 925535
865 144292 160147 23084 921743
870 148247 160927 23084 921937
875 151240 161810 23803 1011615
880 152714 161890 24045 1026893
885 154085 162059 24655 1019910
890 155507 162311 25437 1000698
895 156926 162363 25953 993968
900 158137 162556 26484 982337
905 159606 162582 26968 964198
910 163000 162476 28529 955775
915 167873 162433 30273 951194
920 172027 162478 31890 962537
925 174202 162561 32993 1043467
930 175924 162452 33508 1058768
935 177093 162867 34077 1034384
940 178358 162460 34744 1004629
945 180028 162040 35181 989630
950 183722 161823 36773 981334
955 187266 161428 38099 1042224
960 188275 161327 38565 1073536
965 189949 160925 39199 1084722
970 191664 160666 39799 1092916
975 193233 160486 40415 1090650
980 194547 160245 41090 1092355
985 195718 160371 41849 1088881
990 197236 160652 42440 1096562
995 198602 160591 43058 1099640
1000 200328 160402 43552 1099405
1005 201796 160377 44231 1101722
1010 203060 160404 44789 1099735
1015 203960 160189 45341 1073700
1020 204082 160622 45935 1049141
1025 204082 160579 46677 1023647
1030 201552 161023 48414 1018428
1035 201632 160933 50342 1053672
1040 201694 160696 52960 1065863
1045 201800 161323 55615 1077094
1050 201906 161511 57421 1082591
1055 201941 161723 58095 1076275
1060 202035 161628 59403 1072440
1065 202053 161949 62124 1169182
1070 202164 161851 62797 1180341
1075 202230 162580 63446 1177329
1080 202317 162461 64047 1178702
1085 202413 162666 64710 1179602
1090 202519 162781 65202 1171128
1095 202556 162746 65899 1153722
1100 202650 162584 66640 1138760
1105 202718 162821 70005 1127942
1110 202803 163036 72897 1120825
1115 202831 162519 75650 1195419
1120 202915 162657 76555 1232908
1125 202987 162537 77242 1231223
1130 203113 162987 77750 1228775
1135 203176 163018 78361 1223254
1140 203275 162987 79225 1216169
1145 203410 163017 80969 1204290
1150 203482 162729 83654 1206873
1155 203548 162279 86870 1242933
1160 203640 162185 87466 1236207
1165 203698 162328 88283 1219997
1170 203798 162366 89629 1203216
1175 203863 161758 92974 1199535
1180 203959 161563 95876 1299911
1185 204033 161587 96445 1294953
1190 204121 161416 97359 1291970
1195 204257 161339 98015 1278630
1200 204297 161392 98952 1264810
1205 204404 161137 100624 1253855
1210 204475 161220 103974 1241543
1215 204526 161339 107223 1289481
1220 204579 160892 108617 1337734
1225 204642 160740 109262 1332727
1230 204697 160676 110130 1326415
1235 204753 160346 110794 1318379
1240 204870 160961 113333 1305503
1245 204913 161296 116524 1291528
1250 204976 161419 119788 1295625
1255 205098 162604 123372 1304385
1260 205139 162873 125218 1309362
1265 205220 162841 125659 1313673
1270 205302 162933 125799 1348368
1275 205324 163397 126238 1361488
1280 205430 163566 126915 1351443
1285 205484 163601 127846 1343432
1290 205563 163633 128018 1343098
1295 205599 163211 128050 1327867
1300 205695 163528 128353 1318538
1305 205728 163837 129224 1393406
1310 205774 163738 129285 1418940
1315 205914 164083 129530 1403230
1320 205920 164013 129593 1386739
1325 205992 163136 130015 1372748
1330 206052 163252 130733 1387647
1335 206122 163165 131372 1448633
1340 206212 163070 131492 1449354
1345 206285 162927 131528 1446755
1350 206410 162931 131653 1449594
1355 206482 162316 131788 1445249
1360 206617 162484 131913 1453507
1365 206714 162201 132072 1449506
1370 206806 162165 132364 1455802
1375 206892 162174 132515 1455200
1380 207016 162223 132753 1446826
1385 207126 162089 133052 1430456
1390 207168 162040 133614 1418000
1395 207249 162304 134532 1406797
1400 207287 162133 135025 1397128
1405 207369 161880 135663 1426459
1410 207467 162174 136231 1435179
1415 207540 162233 136902 1446056
1420 207586 162969 137086 1450132
1425 207651 162982 137090 1449532
1430 207650 163302 137413 1471311
1435 207676 163257 137893 1534399
1440 207764 163578 138112 1533145
1445 207872 163972 138260 1531652
1450 207894 163874 138420 1541797
1455 207979 164079 138650 1540273
1460 208021 164223 138747 1527835
1465 208154 164173 138802 1512179
1470 208223 164477 139096 1499056
1475 208314 164128 140002 1488515
1480 208341 163928 140556 1531485
1485 208408 163918 140861 1579855
1490 208500 164152 141054 1578372
1495 208595 164215 141124 1576421
1500 208739 164066 141199 1569562
1505 208880 164450 141388 1564309
1510 208964 164304 141583 1557578
1515 209051 163604 141995 1543559
1520 209119 163296 142593 1576762
1525 209194 162760 143103 1575703
1530 209239 162662 143177 1557909
1535 209342 162460 143328 1543431
1540 209372 162544 144262 1539648
1545 209444 162150 144695 1612134
1550 209497 162309 144800 1630873
1555 209629 162254 145047 1625601
1560 209702 162363 145176 1616968
1565 209768 162389 145307 1600868
1570 209811 162619 145477 1588883
1575 209879 162575 145537 1579469
1580 209945 163135 145800 1570937
1585 210044 162781 146408 1641851
1590 210085 162503 146505 1672074
1595 210197 162368 146703 1664531
1600 210272 162589 146699 1648958
1605 210355 162905 146505 1632478
1610 210429 163291 146405 1618645
1615 210509 163498 146519 1623597
1620 210594 163305 146661 1628802
1625 210647 163533 146338 1634059
1630 210891 163165 146161 1639014
1635 210897 163212 146172 1639174
1640 211027 163100 146103 1633140
1645 211107 162942 146060 1638465
1650 211134 163455 145878 1697251
1655 211213 163458 145749 1715726
1660 211279 163469 145748 1701640
1665 211402 163596 145838 1685861
1670 211445 163496 145727 1670933
1675 211473 163506 145547 1656975
1680 211575 163518 145120 1682395
1685 211625 163245 145186 1736026
1690 211679 163420 145043 1733433
1695 211762 163233 144627 1717540
1700 211822 163171 144549 1700311
1705 211898 163034 144622 1686644
1710 211969 163142 144813 1677733
1715 212011 162752 144733 1735923
1720 212082 162479 144626 1753607
1725 212194 162461 144584 1748363
1730 212201 162204 144421 1751558
1735 212278 162254 144329 1750783
1740 212352 162262 144269 1754806
1745 212466 162119 144242 1751498
1750 212559 162406 144104 1750177
1755 212663 162408 144072 1754395
1760 212760 162281 143995 1739083
1765 212819 162091 144112 1722047
1770 212920 162161 144315 1708644
1775 212954 162918 144320 1697970
1780 213072 162794 144204 1703156
1785 213160 162794 144265 1710030
1790 213199 162794 144718 1716696
1795 213199 162794 144612 1720744
1800 213199 162794 144611 1719402
1805 213199 162794 145114 1781927
1810 213199 162794 145108 1785857
1815 213199 162794 145163 1787230
1820 213199 162794 145210 1775270
1825 213199 162794 145512 1755454
1830 213199 162794 145851 1735678
1835 213199 162794 146167 1716060
1840 213199 162794 146631 1736103
1845 213199 162794 146793 1786519
1850 213199 162794 147029 1799369
1855 213199 162794 147366 1774454
1860 213199 162794 147419 1754442
1865 213199 162794 148101 1733224
1870 213199 162794 148652 1715732
1875 213199 162794 149086 1766482
1880 213199 162794 149343 1779880
1885 213199 162794 149546 1760941
1890 213199 162794 150365 1742792
1895 213199 162794 150551 1724685
1900 213199 162794 150345 1738434
1905 213199 162794 150900 1789193
1910 213199 162794 150994 1790749
1915 213199 162794 151075 1782268
1920 213199 162794 151368 1762036
1925 213199 162794 152330 1743748
1930 213199 162794 153073 1724491
1935 213199 162794 153369 1717606
1940 213199 162794 153675 1770355
1945 213199 162794 153535 1804947
1950 213199 162794 153884 1780787
1955 213199 162794 153956 1754577
1960 213199 162794 154063 1731033
1965 213199 162794 154063 1731856
1970 213199 162794 154063 1748020
