Start 
gets:13674 sgets:1001 puts:2683 flushes:0 evicts:0
=======APPLICATION OUTPUT==========
========== Container 2 Memory STATS ==============
cache 8372224
rss 7467008
rss_huge 0
mapped_file 8151040
writeback 0
pgpgin 79052
pgpgout 75185
pgfault 177833
pgmajfault 184
inactive_anon 73728
active_anon 7467008
inactive_file 4124672
active_file 4173824
unevictable 0
hierarchical_memory_limit 999997440
total_cache 8372224
total_rss 7467008
total_rss_huge 0
total_mapped_file 8151040
total_writeback 0
total_pgpgin 79052
total_pgpgout 75185
total_pgfault 177833
total_pgmajfault 184
total_inactive_anon 73728
total_active_anon 7467008
total_inactive_file 4124672
total_active_file 4173824
total_unevictable 0
======== END Container STATS ======
WARNING: Could not open /proc/sys/kernel/shmmax file!
It means that you probably ran Filebench not as a root. Filebench will not increase shared
region limits in this case, which can lead to the failures on certain workloads.
Filebench Version 1.4.9.1
 1873: 0.000: Allocated 170MB of shared memory
 1873: 0.029: Web proxy-server Version 3.0 personality successfully loaded
 1873: 0.029: Creating/pre-allocating files and filesets
 1873: 0.107: Fileset bigfileset: 25000 files, 0 leafdirs, avg dir width = 100, avg dir depth = 2.2, 1551.207MB
 1873: 0.107: Re-using fileset bigfileset.
 1873: 0.107: Creating fileset bigfileset...
 1873: 4.743: Preallocated 23771 of 25000 of fileset bigfileset in 5 seconds
 1873: 4.743: waiting for fileset pre-allocation to finish
25647: 4.951: Starting 1 proxycache instances
25648: 4.976: Starting 8 proxycache threads
 1873: 5.976: Running...
 1873: 1806.595: Run took 1800 seconds...
 1873: 1806.628: Per-Operation Breakdown
closefile6           9707ops        5ops/s   0.0mb/s      0.0ms/op       16us/op-cpu [0ms - 0ms]
readfile6            9707ops        5ops/s   0.3mb/s    264.6ms/op     1981us/op-cpu [0ms - 1806ms]
openfile6            9708ops        5ops/s   0.0mb/s      0.0ms/op       31us/op-cpu [0ms - 1ms]
closefile5           9708ops        5ops/s   0.0mb/s      0.0ms/op       16us/op-cpu [0ms - 0ms]
readfile5            9709ops        5ops/s   0.3mb/s    263.1ms/op     1919us/op-cpu [0ms - 1671ms]
openfile5            9713ops        5ops/s   0.0mb/s      0.0ms/op       27us/op-cpu [0ms - 0ms]
closefile4           9713ops        5ops/s   0.0mb/s      0.0ms/op       19us/op-cpu [0ms - 0ms]
readfile4            9713ops        5ops/s   0.3mb/s    271.0ms/op     2007us/op-cpu [0ms - 1754ms]
openfile4            9714ops        5ops/s   0.0mb/s      0.0ms/op       29us/op-cpu [0ms - 1ms]
closefile3           9714ops        5ops/s   0.0mb/s      0.0ms/op       22us/op-cpu [0ms - 0ms]
readfile3            9714ops        5ops/s   0.3mb/s    270.1ms/op     1914us/op-cpu [0ms - 1881ms]
openfile3            9714ops        5ops/s   0.0mb/s      0.0ms/op       25us/op-cpu [0ms - 1ms]
closefile2           9714ops        5ops/s   0.0mb/s      0.0ms/op       26us/op-cpu [0ms - 0ms]
readfile2            9714ops        5ops/s   0.3mb/s    279.8ms/op     2124us/op-cpu [0ms - 2394ms]
openfile2            9715ops        5ops/s   0.0mb/s      0.0ms/op       33us/op-cpu [0ms - 1ms]
closefile1           9715ops        5ops/s   0.0mb/s      0.0ms/op       24us/op-cpu [0ms - 0ms]
wrtfile1             9715ops        5ops/s   0.3mb/s     51.8ms/op      278us/op-cpu [0ms - 3314ms]
createfile1          9715ops        5ops/s   0.0mb/s      1.8ms/op       68us/op-cpu [0ms - 635ms]
deletefile1          9715ops        5ops/s   0.0mb/s     30.0ms/op      273us/op-cpu [0ms - 1420ms]
 1873: 1806.628: IO Summary: 184537 ops, 102.509 ops/s, (27/5 r/w),   2.0mb/s,    265us cpu/op, 238.7ms latency
 1873: 1806.628: Shutting down processes
========== Container 2 Memory STATS AT END ==============
cache 903901184
rss 6664192
rss_huge 0
mapped_file 7847936
writeback 0
pgpgin 1382788
pgpgout 1165081
pgfault 615706
pgmajfault 302
inactive_anon 6660096
active_anon 73728
inactive_file 793579520
active_file 110252032
unevictable 0
hierarchical_memory_limit 999997440
total_cache 903901184
total_rss 6664192
total_rss_huge 0
total_mapped_file 7847936
total_writeback 0
total_pgpgin 1382788
total_pgpgout 1165081
total_pgfault 615706
total_pgmajfault 302
total_inactive_anon 6660096
total_active_anon 73728
total_inactive_file 793579520
total_active_file 110252032
total_unevictable 0
======== END Container STATS ======
=======END==========
gets:749186 sgets:1001 puts:582037 flushes:0 evicts:581036
