Start 
gets:8844 sgets:939 puts:2719 flushes:0 evicts:0
=======APPLICATION OUTPUT==========
========== Container 1 Memory STATS ==============
cache 8155136
rss 6926336
rss_huge 0
mapped_file 8077312
writeback 0
pgpgin 79527
pgpgout 75845
pgfault 178617
pgmajfault 185
inactive_anon 69632
active_anon 6926336
inactive_file 3575808
active_file 4509696
unevictable 0
hierarchical_memory_limit 999997440
total_cache 8155136
total_rss 6926336
total_rss_huge 0
total_mapped_file 8077312
total_writeback 0
total_pgpgin 79527
total_pgpgout 75845
total_pgfault 178617
total_pgmajfault 185
total_inactive_anon 69632
total_active_anon 6926336
total_inactive_file 3575808
total_active_file 4509696
total_unevictable 0
======== END Container STATS ======
WARNING: Could not open /proc/sys/kernel/shmmax file!
It means that you probably ran Filebench not as a root. Filebench will not increase shared
region limits in this case, which can lead to the failures on certain workloads.
Filebench Version 1.4.9.1
 1872: 0.000: Allocated 170MB of shared memory
 1872: 0.391: Web-server Version 3.0 personality successfully loaded
 1872: 0.391: Creating/pre-allocating files and filesets
 1872: 0.715: Fileset logfiles: 1 files, 0 leafdirs, avg dir width = 20, avg dir depth = 0.0, 0.008MB
 1872: 0.715: Re-using fileset logfiles.
 1872: 0.715: Creating fileset logfiles...
 1872: 5.246: Preallocated 1 of 1 of fileset logfiles in 5 seconds
 1872: 9.488: Fileset bigfileset: 25000 files, 0 leafdirs, avg dir width = 20, avg dir depth = 3.4, 1557.267MB
 1872: 9.488: Re-using fileset bigfileset.
 1872: 9.488: Creating fileset bigfileset...
 1872: 21.884: Preallocated 25000 of 25000 of fileset bigfileset in 13 seconds
 1872: 21.884: waiting for fileset pre-allocation to finish
26876: 22.916: Starting 1 filereader instances
26877: 22.940: Starting 8 filereaderthread threads
 1872: 25.036: Running...
 1872: 1825.330: Run took 1800 seconds...
 1872: 1826.230: Per-Operation Breakdown
appendlog            25786ops       14ops/s   0.1mb/s      4.4ms/op      335us/op-cpu [0ms - 1403ms]
closefile10          25778ops       14ops/s   0.0mb/s      0.0ms/op      209us/op-cpu [0ms - 0ms]
readfile10           25779ops       14ops/s   0.9mb/s     51.3ms/op      585us/op-cpu [0ms - 2152ms]
openfile10           25779ops       14ops/s   0.0mb/s      0.0ms/op      209us/op-cpu [0ms - 112ms]
closefile9           25779ops       14ops/s   0.0mb/s      0.0ms/op      204us/op-cpu [0ms - 0ms]
readfile9            25780ops       14ops/s   0.9mb/s     50.8ms/op      614us/op-cpu [0ms - 1959ms]
openfile9            25780ops       14ops/s   0.0mb/s      0.0ms/op      186us/op-cpu [0ms - 62ms]
closefile8           25781ops       14ops/s   0.0mb/s      0.0ms/op      197us/op-cpu [0ms - 70ms]
readfile8            25781ops       14ops/s   0.9mb/s     51.1ms/op      628us/op-cpu [0ms - 2420ms]
openfile8            25781ops       14ops/s   0.0mb/s      0.0ms/op      199us/op-cpu [0ms - 278ms]
closefile7           25781ops       14ops/s   0.0mb/s      0.0ms/op      212us/op-cpu [0ms - 0ms]
readfile7            25781ops       14ops/s   0.9mb/s     51.3ms/op      666us/op-cpu [0ms - 2220ms]
openfile7            25782ops       14ops/s   0.0mb/s      0.0ms/op      200us/op-cpu [0ms - 258ms]
closefile6           25782ops       14ops/s   0.0mb/s      0.0ms/op      218us/op-cpu [0ms - 0ms]
readfile6            25783ops       14ops/s   0.9mb/s     50.6ms/op      618us/op-cpu [0ms - 2188ms]
openfile6            25783ops       14ops/s   0.0mb/s      0.0ms/op      197us/op-cpu [0ms - 296ms]
closefile5           25783ops       14ops/s   0.0mb/s      0.0ms/op      179us/op-cpu [0ms - 0ms]
readfile5            25784ops       14ops/s   0.9mb/s     51.4ms/op      609us/op-cpu [0ms - 2183ms]
openfile5            25784ops       14ops/s   0.0mb/s      0.0ms/op      206us/op-cpu [0ms - 178ms]
closefile4           25784ops       14ops/s   0.0mb/s      0.0ms/op      196us/op-cpu [0ms - 0ms]
readfile4            25784ops       14ops/s   0.9mb/s     51.8ms/op      643us/op-cpu [0ms - 2487ms]
openfile4            25784ops       14ops/s   0.0mb/s      0.1ms/op      206us/op-cpu [0ms - 450ms]
closefile3           25785ops       14ops/s   0.0mb/s      0.0ms/op      209us/op-cpu [0ms - 0ms]
readfile3            25785ops       14ops/s   0.9mb/s     52.6ms/op      614us/op-cpu [0ms - 2658ms]
openfile3            25785ops       14ops/s   0.0mb/s      0.1ms/op      200us/op-cpu [0ms - 450ms]
closefile2           25785ops       14ops/s   0.0mb/s      0.0ms/op      214us/op-cpu [0ms - 14ms]
readfile2            25785ops       14ops/s   0.9mb/s     52.3ms/op      629us/op-cpu [0ms - 2650ms]
openfile2            25785ops       14ops/s   0.0mb/s      0.1ms/op      201us/op-cpu [0ms - 553ms]
closefile1           25785ops       14ops/s   0.0mb/s      0.0ms/op      201us/op-cpu [0ms - 0ms]
readfile1            25785ops       14ops/s   0.9mb/s     53.2ms/op      605us/op-cpu [0ms - 2094ms]
openfile1            25784ops       14ops/s   0.0mb/s      0.1ms/op      199us/op-cpu [0ms - 558ms]
 1872: 1826.230: IO Summary: 799263 ops, 443.987 ops/s, (143/14 r/w),   9.0mb/s,    197us cpu/op,  47.4ms latency
 1872: 1826.230: Shutting down processes
========== Container 1 Memory STATS AT END ==============
cache 1158090752
rss 6656000
rss_huge 0
mapped_file 2146304
writeback 0
pgpgin 5992747
pgpgout 5709407
pgfault 1842213
pgmajfault 509
inactive_anon 6651904
active_anon 73728
inactive_file 579731456
active_file 578289664
unevictable 0
hierarchical_memory_limit 1249996800
total_cache 1158090752
total_rss 6656000
total_rss_huge 0
total_mapped_file 2146304
total_writeback 0
total_pgpgin 5992747
total_pgpgout 5709407
total_pgfault 1842213
total_pgmajfault 509
total_inactive_anon 6651904
total_active_anon 73728
total_inactive_file 579731456
total_active_file 578289664
total_unevictable 0
======== END Container STATS ======
=======END==========
gets:4254977 sgets:3505851 puts:3971790 flushes:0 evicts:465713
